[INFO] Scanning for projects...
[INFO]                                                                         
[INFO] ------------------------------------------------------------------------
[INFO] Building Spring Plugin - Core 1.3.0.BUILD-SNAPSHOT
[INFO] ------------------------------------------------------------------------
[INFO] 
[INFO] --- maven-resources-plugin:2.6:resources (default-resources) @ spring-plugin-core ---
[WARNING] Using platform encoding (UTF-8 actually) to copy filtered resources, i.e. build is platform dependent!
[INFO] Copying 4 resources
[INFO] 
[INFO] --- maven-compiler-plugin:3.5:compile (default-compile) @ spring-plugin-core ---
[INFO] Changes detected - recompiling the module!
[WARNING] File encoding has not been set, using platform encoding UTF-8, i.e. build is platform dependent!
[INFO] Compiling 16 source files to /home/guilherme/spring-projects/maven/spring-plugin/core/target/classes
[INFO] /home/guilherme/spring-projects/maven/spring-plugin/core/src/main/java/org/springframework/plugin/core/SimplePluginRegistry.java: /home/guilherme/spring-projects/maven/spring-plugin/core/src/main/java/org/springframework/plugin/core/SimplePluginRegistry.java uses or overrides a deprecated API.
[INFO] /home/guilherme/spring-projects/maven/spring-plugin/core/src/main/java/org/springframework/plugin/core/SimplePluginRegistry.java: Recompile with -Xlint:deprecation for details.
[INFO] 
[INFO] --- com.springsource.bundlor.maven:1.0.0.RELEASE:bundlor (bundlor) @ spring-plugin-core ---
Manifest written to '/home/guilherme/spring-projects/maven/spring-plugin/core/target/classes/META-INF/MANIFEST.MF'
[INFO] 
[INFO] --- maven-resources-plugin:2.6:testResources (default-testResources) @ spring-plugin-core ---
[WARNING] Using platform encoding (UTF-8 actually) to copy filtered resources, i.e. build is platform dependent!
[INFO] Copying 2 resources
[INFO] 
[INFO] --- maven-compiler-plugin:3.5:testCompile (default-testCompile) @ spring-plugin-core ---
[INFO] Nothing to compile - all classes are up to date
[INFO] 
[INFO] --- maven-surefire-plugin:2.16:test (default-test) @ spring-plugin-core ---
[INFO] Surefire report directory: /home/guilherme/spring-projects/maven/spring-plugin/core/target/surefire-reports

-------------------------------------------------------
 T E S T S
-------------------------------------------------------
Running org.springframework.plugin.core.config.EnablePluginRegistriesIntegrationTest
Tests run: 1, Failures: 0, Errors: 0, Skipped: 0, Time elapsed: 0.468 sec - in org.springframework.plugin.core.config.EnablePluginRegistriesIntegrationTest
Running org.springframework.plugin.core.support.BeanListFactoryBeanUnitTest
Tests run: 2, Failures: 0, Errors: 0, Skipped: 0, Time elapsed: 0.093 sec - in org.springframework.plugin.core.support.BeanListFactoryBeanUnitTest
Running org.springframework.plugin.core.SimplePluginRegistryUnitTest
Tests run: 8, Failures: 0, Errors: 0, Skipped: 0, Time elapsed: 0.005 sec - in org.springframework.plugin.core.SimplePluginRegistryUnitTest
Running org.springframework.plugin.core.OrderAwarePluginRegistryUnitTest
Tests run: 13, Failures: 0, Errors: 0, Skipped: 0, Time elapsed: 0.009 sec - in org.springframework.plugin.core.OrderAwarePluginRegistryUnitTest
Running org.springframework.plugin.core.support.OrderAwarePluginRegistryIntegrationTest
Tests run: 1, Failures: 0, Errors: 0, Skipped: 0, Time elapsed: 0.047 sec - in org.springframework.plugin.core.support.OrderAwarePluginRegistryIntegrationTest
Running org.springframework.plugin.core.config.PluginConfigurationIntegrationTest
Tests run: 1, Failures: 0, Errors: 0, Skipped: 0, Time elapsed: 0.125 sec - in org.springframework.plugin.core.config.PluginConfigurationIntegrationTest

Results :

Tests run: 26, Failures: 0, Errors: 0, Skipped: 0

[INFO] ------------------------------------------------------------------------
[INFO] BUILD SUCCESS
[INFO] ------------------------------------------------------------------------
[INFO] Total time: 3.612 s
[INFO] Finished at: 2017-03-03T11:03:08-03:00
[INFO] Final Memory: 22M/284M
[INFO] ------------------------------------------------------------------------
