[INFO] Scanning for projects...
[INFO]                                                                         
[INFO] ------------------------------------------------------------------------
[INFO] Building spring-integration-tuple 1.0.1.BUILD-SNAPSHOT
[INFO] ------------------------------------------------------------------------
[INFO] 
[INFO] --- maven-resources-plugin:2.6:resources (default-resources) @ spring-integration-tuple ---
[WARNING] Using platform encoding (UTF-8 actually) to copy filtered resources, i.e. build is platform dependent!
[INFO] skip non existing resourceDirectory /home/guilherme/spring-projects/maven/spring-tuple/spring-integration-tuple/src/main/resources
[INFO] 
[INFO] --- maven-compiler-plugin:3.5.1:compile (default-compile) @ spring-integration-tuple ---
[INFO] Changes detected - recompiling the module!
[WARNING] File encoding has not been set, using platform encoding UTF-8, i.e. build is platform dependent!
[INFO] Compiling 4 source files to /home/guilherme/spring-projects/maven/spring-tuple/spring-integration-tuple/target/classes
[INFO] 
[INFO] --- maven-resources-plugin:2.6:testResources (default-testResources) @ spring-integration-tuple ---
[WARNING] Using platform encoding (UTF-8 actually) to copy filtered resources, i.e. build is platform dependent!
[INFO] skip non existing resourceDirectory /home/guilherme/spring-projects/maven/spring-tuple/spring-integration-tuple/src/test/resources
[INFO] 
[INFO] --- maven-compiler-plugin:3.5.1:testCompile (default-testCompile) @ spring-integration-tuple ---
[INFO] Changes detected - recompiling the module!
[WARNING] File encoding has not been set, using platform encoding UTF-8, i.e. build is platform dependent!
[INFO] Compiling 3 source files to /home/guilherme/spring-projects/maven/spring-tuple/spring-integration-tuple/target/test-classes
[INFO] 
[INFO] --- maven-surefire-plugin:2.16:test (default-test) @ spring-integration-tuple ---
[INFO] Surefire report directory: /home/guilherme/spring-projects/maven/spring-tuple/spring-integration-tuple/target/surefire-reports

-------------------------------------------------------
 T E S T S
-------------------------------------------------------
Running org.springframework.integration.tuple.TupleCodecTests
Tests run: 2, Failures: 0, Errors: 0, Skipped: 0, Time elapsed: 0.355 sec - in org.springframework.integration.tuple.TupleCodecTests
Running org.springframework.integration.tuple.JsonToTupleTransformerTests
Tests run: 4, Failures: 0, Errors: 0, Skipped: 0, Time elapsed: 0.072 sec - in org.springframework.integration.tuple.JsonToTupleTransformerTests
Running org.springframework.tuple.integration.MapToTupleTransformerTests
Tests run: 1, Failures: 0, Errors: 0, Skipped: 0, Time elapsed: 0 sec - in org.springframework.tuple.integration.MapToTupleTransformerTests

Results :

Tests run: 7, Failures: 0, Errors: 0, Skipped: 0

[INFO] ------------------------------------------------------------------------
[INFO] BUILD SUCCESS
[INFO] ------------------------------------------------------------------------
[INFO] Total time: 2.386 s
[INFO] Finished at: 2017-03-03T11:17:03-03:00
[INFO] Final Memory: 18M/167M
[INFO] ------------------------------------------------------------------------
