[INFO] Scanning for projects...
[INFO]                                                                         
[INFO] ------------------------------------------------------------------------
[INFO] Building spring-oauth2-tests-xml-form 2.0.12.BUILD-SNAPSHOT
[INFO] ------------------------------------------------------------------------
[INFO] 
[INFO] --- maven-resources-plugin:2.6:resources (default-resources) @ spring-oauth2-tests-xml-form ---
[INFO] Using 'UTF-8' encoding to copy filtered resources.
[INFO] Copying 1 resource
[INFO] Copying 1 resource
[INFO] 
[INFO] --- maven-compiler-plugin:3.1:compile (default-compile) @ spring-oauth2-tests-xml-form ---
[INFO] Nothing to compile - all classes are up to date
[INFO] 
[INFO] --- maven-resources-plugin:2.6:testResources (default-testResources) @ spring-oauth2-tests-xml-form ---
[INFO] Using 'UTF-8' encoding to copy filtered resources.
[INFO] skip non existing resourceDirectory /home/guilherme/spring-projects/maven/spring-security-oauth/tests/xml/form/src/test/resources
[INFO] 
[INFO] --- maven-compiler-plugin:3.1:testCompile (default-testCompile) @ spring-oauth2-tests-xml-form ---
[INFO] Nothing to compile - all classes are up to date
[INFO] 
[INFO] --- maven-surefire-plugin:2.16:test (default-test) @ spring-oauth2-tests-xml-form ---
[INFO] Surefire report directory: /home/guilherme/spring-projects/maven/spring-security-oauth/tests/xml/form/target/surefire-reports

-------------------------------------------------------
 T E S T S
-------------------------------------------------------
Java HotSpot(TM) 64-Bit Server VM warning: ignoring option MaxPermSize=256m; support was removed in 8.0
Running demo.AuthorizationCodeProviderTests
Tests run: 12, Failures: 0, Errors: 0, Skipped: 0, Time elapsed: 4.99 sec - in demo.AuthorizationCodeProviderTests
Running demo.ImplicitProviderTests
Tests run: 1, Failures: 0, Errors: 0, Skipped: 0, Time elapsed: 0.034 sec - in demo.ImplicitProviderTests
Running demo.ResourceOwnerPasswordProviderTests
Tests run: 11, Failures: 0, Errors: 0, Skipped: 0, Time elapsed: 0.302 sec - in demo.ResourceOwnerPasswordProviderTests
Running demo.ClientCredentialsProviderTests
Tests run: 5, Failures: 0, Errors: 0, Skipped: 0, Time elapsed: 0.116 sec - in demo.ClientCredentialsProviderTests
Running demo.ApplicationTests
Tests run: 1, Failures: 0, Errors: 0, Skipped: 0, Time elapsed: 0.001 sec - in demo.ApplicationTests
Running demo.ProtectedResourceTests
Tests run: 3, Failures: 0, Errors: 0, Skipped: 0, Time elapsed: 0.022 sec - in demo.ProtectedResourceTests
Running demo.RefreshTokenSupportTests
Tests run: 1, Failures: 0, Errors: 0, Skipped: 0, Time elapsed: 0.027 sec - in demo.RefreshTokenSupportTests

Results :

Tests run: 34, Failures: 0, Errors: 0, Skipped: 0

[INFO] ------------------------------------------------------------------------
[INFO] BUILD SUCCESS
[INFO] ------------------------------------------------------------------------
[INFO] Total time: 6.844 s
[INFO] Finished at: 2017-03-03T11:15:25-03:00
[INFO] Final Memory: 18M/212M
[INFO] ------------------------------------------------------------------------
