[INFO] Scanning for projects...
[WARNING] 
[WARNING] Some problems were encountered while building the effective model for com.manning.siia:home-cooking:jar:1.0-SNAPSHOT
[WARNING] 'dependencyManagement.dependencies.dependency.(groupId:artifactId:type:classifier)' must be unique: org.springframework.integration:spring-integration-file:jar -> duplicate declaration of version ${spring.integration.version} @ com.manning.siia:siia-parent:1.0-SNAPSHOT, /home/guilherme/spring-projects/maven/Spring-Integration-in-Action/siia-examples/pom.xml, line 87, column 25
[WARNING] 'dependencyManagement.dependencies.dependency.(groupId:artifactId:type:classifier)' must be unique: org.springframework.integration:spring-integration-stream:jar -> duplicate declaration of version ${spring.integration.version} @ com.manning.siia:siia-parent:1.0-SNAPSHOT, /home/guilherme/spring-projects/maven/Spring-Integration-in-Action/siia-examples/pom.xml, line 117, column 25
[WARNING] 'dependencyManagement.dependencies.dependency.(groupId:artifactId:type:classifier)' must be unique: org.springframework:spring-core:jar -> duplicate declaration of version ${spring.version} @ com.manning.siia:siia-parent:1.0-SNAPSHOT, /home/guilherme/spring-projects/maven/Spring-Integration-in-Action/siia-examples/pom.xml, line 142, column 25
[WARNING] 'build.plugins.plugin.version' for org.apache.maven.plugins:maven-compiler-plugin is missing. @ com.manning.siia:siia-parent:1.0-SNAPSHOT, /home/guilherme/spring-projects/maven/Spring-Integration-in-Action/siia-examples/pom.xml, line 248, column 21
[WARNING] 
[WARNING] It is highly recommended to fix these problems because they threaten the stability of your build.
[WARNING] 
[WARNING] For this reason, future Maven versions might no longer support building such malformed projects.
[WARNING] 
[INFO]                                                                         
[INFO] ------------------------------------------------------------------------
[INFO] Building home-cooking 1.0-SNAPSHOT
[INFO] ------------------------------------------------------------------------
[INFO] 
[INFO] --- maven-resources-plugin:2.6:resources (default-resources) @ home-cooking ---
[INFO] Using 'UTF-8' encoding to copy filtered resources.
[INFO] Copying 8 resources
[INFO] 
[INFO] --- maven-compiler-plugin:3.1:compile (default-compile) @ home-cooking ---
[INFO] Nothing to compile - all classes are up to date
[INFO] 
[INFO] --- maven-resources-plugin:2.6:testResources (default-testResources) @ home-cooking ---
[INFO] Using 'UTF-8' encoding to copy filtered resources.
[INFO] Copying 6 resources
[INFO] 
[INFO] --- maven-compiler-plugin:3.1:testCompile (default-testCompile) @ home-cooking ---
[INFO] Nothing to compile - all classes are up to date
[INFO] 
[INFO] --- maven-surefire-plugin:2.12.4:test (default-test) @ home-cooking ---
[INFO] Surefire report directory: /home/guilherme/spring-projects/maven/Spring-Integration-in-Action/siia-examples/home-cooking/target/surefire-reports

-------------------------------------------------------
 T E S T S
-------------------------------------------------------
Running com.manning.siia.kitchen.domain.DomainTest
<recipe name="Nasi">
  <ingredient name="Beef" type="Meat">
    <amount>500 gr</amount>
  </ingredient>
  <ingredient name="Red Sweet Pepper" type="Vegetable">
    <amount>1</amount>
  </ingredient>
</recipe>
[Meat[500 grams of Chicken], Vegetable[1 pieces of Red Sweet pepper], Vegetable[1 pieces of Green Sweet pepper], Vegetable[1 pieces of Onion], Grocery[1 pieces of Can of peaches], Grocery[1 pieces of Tomatosauce]]
Tests run: 2, Failures: 0, Errors: 0, Skipped: 0, Time elapsed: 0.22 sec
Running com.manning.siia.kitchen.domain.RecipeTest
Tests run: 2, Failures: 0, Errors: 0, Skipped: 0, Time elapsed: 0.07 sec
Running com.manning.siia.kitchen.domain.MealTest
Tests run: 1, Failures: 0, Errors: 0, Skipped: 0, Time elapsed: 0.004 sec
Running com.manning.siia.kitchen.RecipeReadingTest
Tests run: 1, Failures: 0, Errors: 0, Skipped: 0, Time elapsed: 1.87 sec
Running com.manning.siia.kitchen.RecipeSplitterTest
Tests run: 1, Failures: 0, Errors: 0, Skipped: 0, Time elapsed: 0.226 sec
Running com.manning.siia.kitchen.KitchenTest
Tests run: 1, Failures: 0, Errors: 0, Skipped: 0, Time elapsed: 2.211 sec
Running com.manning.siia.kitchen.CookTest
Tests run: 2, Failures: 0, Errors: 0, Skipped: 0, Time elapsed: 0.015 sec
Running com.manning.siia.kitchen.EndToEndIntegrationTest
Tests run: 1, Failures: 0, Errors: 0, Skipped: 0, Time elapsed: 3.166 sec
Running com.manning.siia.kitchen.ShoppingTest
Tests run: 1, Failures: 0, Errors: 0, Skipped: 0, Time elapsed: 2.273 sec

Results :

Tests run: 12, Failures: 0, Errors: 0, Skipped: 0

[INFO] ------------------------------------------------------------------------
[INFO] BUILD SUCCESS
[INFO] ------------------------------------------------------------------------
[INFO] Total time: 11.284 s
[INFO] Finished at: 2017-03-03T10:13:50-03:00
[INFO] Final Memory: 10M/150M
[INFO] ------------------------------------------------------------------------
