[INFO] Scanning for projects...
[INFO] ------------------------------------------------------------------------
[INFO] Reactor Build Order:
[INFO] 
[INFO] Spring Boot Tools
[INFO] Spring Boot Configuration Metadata
[INFO] Spring Boot Configuration Processor
[INFO] Spring Boot Loader
[INFO] Spring Boot Loader Tools
[INFO] Spring Boot Maven Plugin
[INFO] Spring Boot Gradle Plugin
[INFO] Spring Boot Antlib
[INFO]                                                                         
[INFO] ------------------------------------------------------------------------
[INFO] Building Spring Boot Tools 2.0.0.BUILD-SNAPSHOT
[INFO] ------------------------------------------------------------------------
[INFO] 
[INFO] --- maven-checkstyle-plugin:2.17:check (checkstyle-validation) @ spring-boot-tools ---
[INFO] Starting audit...
Audit done.
[INFO] 
[INFO] --- maven-enforcer-plugin:1.4:enforce (enforce-rules) @ spring-boot-tools ---
[INFO] 
[INFO] --- animal-sniffer-maven-plugin:1.15:check (enforce-java-6) @ spring-boot-tools ---
[INFO] Checking unresolved references to org.codehaus.mojo.signature:java18:1.0
[INFO]                                                                         
[INFO] ------------------------------------------------------------------------
[INFO] Building Spring Boot Configuration Metadata 2.0.0.BUILD-SNAPSHOT
[INFO] ------------------------------------------------------------------------
[INFO] 
[INFO] --- maven-checkstyle-plugin:2.17:check (checkstyle-validation) @ spring-boot-configuration-metadata ---
[INFO] Starting audit...
Audit done.
[INFO] 
[INFO] --- maven-enforcer-plugin:1.4:enforce (enforce-rules) @ spring-boot-configuration-metadata ---
[INFO] 
[INFO] --- maven-resources-plugin:2.7:resources (default-resources) @ spring-boot-configuration-metadata ---
[INFO] Using 'UTF-8' encoding to copy filtered resources.
[INFO] skip non existing resourceDirectory /home/guilherme/spring-projects/maven/spring-boot/spring-boot-tools/spring-boot-configuration-metadata/src/main/resources
[INFO] 
[INFO] --- maven-compiler-plugin:3.1:compile (default-compile) @ spring-boot-configuration-metadata ---
[INFO] Nothing to compile - all classes are up to date
[INFO] 
[INFO] --- maven-resources-plugin:2.7:testResources (default-testResources) @ spring-boot-configuration-metadata ---
[INFO] Using 'UTF-8' encoding to copy filtered resources.
[INFO] Copying 9 resources
[INFO] 
[INFO] --- maven-compiler-plugin:3.1:testCompile (default-testCompile) @ spring-boot-configuration-metadata ---
[INFO] Nothing to compile - all classes are up to date
[INFO] 
[INFO] --- maven-surefire-plugin:2.16:test (default-test) @ spring-boot-configuration-metadata ---
[INFO] Surefire report directory: /home/guilherme/spring-projects/maven/spring-boot/spring-boot-tools/spring-boot-configuration-metadata/target/surefire-reports

-------------------------------------------------------
 T E S T S
-------------------------------------------------------
Running org.springframework.boot.configurationmetadata.DescriptionExtractorTests
Tests run: 6, Failures: 0, Errors: 0, Skipped: 0, Time elapsed: 0.062 sec - in org.springframework.boot.configurationmetadata.DescriptionExtractorTests
Running org.springframework.boot.configurationmetadata.ConfigurationMetadataRepositoryJsonBuilderTests
Tests run: 8, Failures: 0, Errors: 0, Skipped: 0, Time elapsed: 0.032 sec - in org.springframework.boot.configurationmetadata.ConfigurationMetadataRepositoryJsonBuilderTests
Running org.springframework.boot.configurationmetadata.JsonReaderTests
Tests run: 7, Failures: 0, Errors: 0, Skipped: 0, Time elapsed: 0.024 sec - in org.springframework.boot.configurationmetadata.JsonReaderTests

Results :

Tests run: 21, Failures: 0, Errors: 0, Skipped: 0

[INFO] 
[INFO] --- animal-sniffer-maven-plugin:1.15:check (enforce-java-6) @ spring-boot-configuration-metadata ---
[INFO] Checking unresolved references to org.codehaus.mojo.signature:java18:1.0
[ERROR] /home/guilherme/spring-projects/maven/spring-boot/spring-boot-tools/spring-boot-configuration-metadata/src/main/java/org/springframework/boot/configurationmetadata/Hints.java:30: Undefined reference: com_atlassian_clover.CloverProfile
[ERROR] /home/guilherme/spring-projects/maven/spring-boot/spring-boot-tools/spring-boot-configuration-metadata/src/main/java/org/springframework/boot/configurationmetadata/Hints.java:30: Undefined reference: void com_atlassian_clover.CloverVersionInfo.An_old_version_of_clover_is_on_your_compilation_classpath___Please_remove___Required_version_is___4_1_2()
[ERROR] /home/guilherme/spring-projects/maven/spring-boot/spring-boot-tools/spring-boot-configuration-metadata/src/main/java/org/springframework/boot/configurationmetadata/Hints.java:30: Undefined reference: long com_atlassian_clover.CloverVersionInfo.getBuildStamp()
[ERROR] /home/guilherme/spring-projects/maven/spring-boot/spring-boot-tools/spring-boot-configuration-metadata/src/main/java/org/springframework/boot/configurationmetadata/Hints.java:30: Undefined reference: void com_atlassian_clover.Clover.l(String)
[ERROR] /home/guilherme/spring-projects/maven/spring-boot/spring-boot-tools/spring-boot-configuration-metadata/src/main/java/org/springframework/boot/configurationmetadata/Hints.java:30: Undefined reference: String com_atlassian_clover.CloverVersionInfo.getReleaseNum()
[ERROR] /home/guilherme/spring-projects/maven/spring-boot/spring-boot-tools/spring-boot-configuration-metadata/src/main/java/org/springframework/boot/configurationmetadata/Hints.java:30: Undefined reference: long com_atlassian_clover.CloverVersionInfo.getBuildStamp()
[ERROR] /home/guilherme/spring-projects/maven/spring-boot/spring-boot-tools/spring-boot-configuration-metadata/src/main/java/org/springframework/boot/configurationmetadata/Hints.java:30: Undefined reference: void com_atlassian_clover.Clover.l(String)
[ERROR] /home/guilherme/spring-projects/maven/spring-boot/spring-boot-tools/spring-boot-configuration-metadata/src/main/java/org/springframework/boot/configurationmetadata/Hints.java:30: Undefined reference: com_atlassian_clover.CoverageRecorder com_atlassian_clover.Clover.getNullRecorder()
[ERROR] /home/guilherme/spring-projects/maven/spring-boot/spring-boot-tools/spring-boot-configuration-metadata/src/main/java/org/springframework/boot/configurationmetadata/Hints.java:30: Undefined reference: com_atlassian_clover.CoverageRecorder com_atlassian_clover.Clover.getNullRecorder()
[ERROR] /home/guilherme/spring-projects/maven/spring-boot/spring-boot-tools/spring-boot-configuration-metadata/src/main/java/org/springframework/boot/configurationmetadata/Hints.java:30: Undefined reference: com_atlassian_clover.CoverageRecorder com_atlassian_clover.Clover.getRecorder(String, long, long, int, com_atlassian_clover.CloverProfile[], String[])
[ERROR] /home/guilherme/spring-projects/maven/spring-boot/spring-boot-tools/spring-boot-configuration-metadata/src/main/java/org/springframework/boot/configurationmetadata/Hints.java:30: Undefined reference: void com_atlassian_clover.CoverageRecorder.inc(int)
[ERROR] /home/guilherme/spring-projects/maven/spring-boot/spring-boot-tools/spring-boot-configuration-metadata/src/main/java/org/springframework/boot/configurationmetadata/Hints.java:30: Undefined reference: void com_atlassian_clover.CoverageRecorder.inc(int)
[ERROR] /home/guilherme/spring-projects/maven/spring-boot/spring-boot-tools/spring-boot-configuration-metadata/src/main/java/org/springframework/boot/configurationmetadata/ValueHint.java:29: Undefined reference: com_atlassian_clover.CloverProfile
[ERROR] /home/guilherme/spring-projects/maven/spring-boot/spring-boot-tools/spring-boot-configuration-metadata/src/main/java/org/springframework/boot/configurationmetadata/ValueHint.java:29: Undefined reference: void com_atlassian_clover.CloverVersionInfo.An_old_version_of_clover_is_on_your_compilation_classpath___Please_remove___Required_version_is___4_1_2()
[ERROR] /home/guilherme/spring-projects/maven/spring-boot/spring-boot-tools/spring-boot-configuration-metadata/src/main/java/org/springframework/boot/configurationmetadata/ValueHint.java:29: Undefined reference: long com_atlassian_clover.CloverVersionInfo.getBuildStamp()
[ERROR] /home/guilherme/spring-projects/maven/spring-boot/spring-boot-tools/spring-boot-configuration-metadata/src/main/java/org/springframework/boot/configurationmetadata/ValueHint.java:29: Undefined reference: void com_atlassian_clover.Clover.l(String)
[ERROR] /home/guilherme/spring-projects/maven/spring-boot/spring-boot-tools/spring-boot-configuration-metadata/src/main/java/org/springframework/boot/configurationmetadata/ValueHint.java:29: Undefined reference: String com_atlassian_clover.CloverVersionInfo.getReleaseNum()
[ERROR] /home/guilherme/spring-projects/maven/spring-boot/spring-boot-tools/spring-boot-configuration-metadata/src/main/java/org/springframework/boot/configurationmetadata/ValueHint.java:29: Undefined reference: long com_atlassian_clover.CloverVersionInfo.getBuildStamp()
[ERROR] /home/guilherme/spring-projects/maven/spring-boot/spring-boot-tools/spring-boot-configuration-metadata/src/main/java/org/springframework/boot/configurationmetadata/ValueHint.java:29: Undefined reference: void com_atlassian_clover.Clover.l(String)
[ERROR] /home/guilherme/spring-projects/maven/spring-boot/spring-boot-tools/spring-boot-configuration-metadata/src/main/java/org/springframework/boot/configurationmetadata/ValueHint.java:29: Undefined reference: com_atlassian_clover.CoverageRecorder com_atlassian_clover.Clover.getNullRecorder()
[ERROR] /home/guilherme/spring-projects/maven/spring-boot/spring-boot-tools/spring-boot-configuration-metadata/src/main/java/org/springframework/boot/configurationmetadata/ValueHint.java:29: Undefined reference: com_atlassian_clover.CoverageRecorder com_atlassian_clover.Clover.getNullRecorder()
[ERROR] /home/guilherme/spring-projects/maven/spring-boot/spring-boot-tools/spring-boot-configuration-metadata/src/main/java/org/springframework/boot/configurationmetadata/ValueHint.java:29: Undefined reference: com_atlassian_clover.CoverageRecorder com_atlassian_clover.Clover.getRecorder(String, long, long, int, com_atlassian_clover.CloverProfile[], String[])
[ERROR] /home/guilherme/spring-projects/maven/spring-boot/spring-boot-tools/spring-boot-configuration-metadata/src/main/java/org/springframework/boot/configurationmetadata/JsonReader.java:36: Undefined reference: com_atlassian_clover.CloverProfile
[ERROR] /home/guilherme/spring-projects/maven/spring-boot/spring-boot-tools/spring-boot-configuration-metadata/src/main/java/org/springframework/boot/configurationmetadata/JsonReader.java:36: Undefined reference: void com_atlassian_clover.CloverVersionInfo.An_old_version_of_clover_is_on_your_compilation_classpath___Please_remove___Required_version_is___4_1_2()
[ERROR] /home/guilherme/spring-projects/maven/spring-boot/spring-boot-tools/spring-boot-configuration-metadata/src/main/java/org/springframework/boot/configurationmetadata/JsonReader.java:36: Undefined reference: long com_atlassian_clover.CloverVersionInfo.getBuildStamp()
[ERROR] /home/guilherme/spring-projects/maven/spring-boot/spring-boot-tools/spring-boot-configuration-metadata/src/main/java/org/springframework/boot/configurationmetadata/JsonReader.java:36: Undefined reference: void com_atlassian_clover.Clover.l(String)
[ERROR] /home/guilherme/spring-projects/maven/spring-boot/spring-boot-tools/spring-boot-configuration-metadata/src/main/java/org/springframework/boot/configurationmetadata/JsonReader.java:36: Undefined reference: String com_atlassian_clover.CloverVersionInfo.getReleaseNum()
[ERROR] /home/guilherme/spring-projects/maven/spring-boot/spring-boot-tools/spring-boot-configuration-metadata/src/main/java/org/springframework/boot/configurationmetadata/JsonReader.java:36: Undefined reference: long com_atlassian_clover.CloverVersionInfo.getBuildStamp()
[ERROR] /home/guilherme/spring-projects/maven/spring-boot/spring-boot-tools/spring-boot-configuration-metadata/src/main/java/org/springframework/boot/configurationmetadata/JsonReader.java:36: Undefined reference: void com_atlassian_clover.Clover.l(String)
[ERROR] /home/guilherme/spring-projects/maven/spring-boot/spring-boot-tools/spring-boot-configuration-metadata/src/main/java/org/springframework/boot/configurationmetadata/JsonReader.java:36: Undefined reference: com_atlassian_clover.CoverageRecorder com_atlassian_clover.Clover.getNullRecorder()
[ERROR] /home/guilherme/spring-projects/maven/spring-boot/spring-boot-tools/spring-boot-configuration-metadata/src/main/java/org/springframework/boot/configurationmetadata/JsonReader.java:36: Undefined reference: com_atlassian_clover.CoverageRecorder com_atlassian_clover.Clover.getNullRecorder()
[ERROR] /home/guilherme/spring-projects/maven/spring-boot/spring-boot-tools/spring-boot-configuration-metadata/src/main/java/org/springframework/boot/configurationmetadata/JsonReader.java:36: Undefined reference: com_atlassian_clover.CoverageRecorder com_atlassian_clover.Clover.getRecorder(String, long, long, int, com_atlassian_clover.CloverProfile[], String[])
[ERROR] /home/guilherme/spring-projects/maven/spring-boot/spring-boot-tools/spring-boot-configuration-metadata/src/main/java/org/springframework/boot/configurationmetadata/Deprecation.java:29: Undefined reference: com_atlassian_clover.CloverProfile
[ERROR] /home/guilherme/spring-projects/maven/spring-boot/spring-boot-tools/spring-boot-configuration-metadata/src/main/java/org/springframework/boot/configurationmetadata/Deprecation.java:29: Undefined reference: void com_atlassian_clover.CloverVersionInfo.An_old_version_of_clover_is_on_your_compilation_classpath___Please_remove___Required_version_is___4_1_2()
[ERROR] /home/guilherme/spring-projects/maven/spring-boot/spring-boot-tools/spring-boot-configuration-metadata/src/main/java/org/springframework/boot/configurationmetadata/Deprecation.java:29: Undefined reference: long com_atlassian_clover.CloverVersionInfo.getBuildStamp()
[ERROR] /home/guilherme/spring-projects/maven/spring-boot/spring-boot-tools/spring-boot-configuration-metadata/src/main/java/org/springframework/boot/configurationmetadata/Deprecation.java:29: Undefined reference: void com_atlassian_clover.Clover.l(String)
[ERROR] /home/guilherme/spring-projects/maven/spring-boot/spring-boot-tools/spring-boot-configuration-metadata/src/main/java/org/springframework/boot/configurationmetadata/Deprecation.java:29: Undefined reference: String com_atlassian_clover.CloverVersionInfo.getReleaseNum()
[ERROR] /home/guilherme/spring-projects/maven/spring-boot/spring-boot-tools/spring-boot-configuration-metadata/src/main/java/org/springframework/boot/configurationmetadata/Deprecation.java:29: Undefined reference: long com_atlassian_clover.CloverVersionInfo.getBuildStamp()
[ERROR] /home/guilherme/spring-projects/maven/spring-boot/spring-boot-tools/spring-boot-configuration-metadata/src/main/java/org/springframework/boot/configurationmetadata/Deprecation.java:29: Undefined reference: void com_atlassian_clover.Clover.l(String)
[ERROR] /home/guilherme/spring-projects/maven/spring-boot/spring-boot-tools/spring-boot-configuration-metadata/src/main/java/org/springframework/boot/configurationmetadata/Deprecation.java:29: Undefined reference: com_atlassian_clover.CoverageRecorder com_atlassian_clover.Clover.getNullRecorder()
[ERROR] /home/guilherme/spring-projects/maven/spring-boot/spring-boot-tools/spring-boot-configuration-metadata/src/main/java/org/springframework/boot/configurationmetadata/Deprecation.java:29: Undefined reference: com_atlassian_clover.CoverageRecorder com_atlassian_clover.Clover.getNullRecorder()
[ERROR] /home/guilherme/spring-projects/maven/spring-boot/spring-boot-tools/spring-boot-configuration-metadata/src/main/java/org/springframework/boot/configurationmetadata/Deprecation.java:29: Undefined reference: com_atlassian_clover.CoverageRecorder com_atlassian_clover.Clover.getRecorder(String, long, long, int, com_atlassian_clover.CloverProfile[], String[])
[ERROR] /home/guilherme/spring-projects/maven/spring-boot/spring-boot-tools/spring-boot-configuration-metadata/src/main/java/org/springframework/boot/configurationmetadata/ValueHint.java:29: Undefined reference: void com_atlassian_clover.CoverageRecorder.inc(int)
[ERROR] /home/guilherme/spring-projects/maven/spring-boot/spring-boot-tools/spring-boot-configuration-metadata/src/main/java/org/springframework/boot/configurationmetadata/ValueHint.java:29: Undefined reference: void com_atlassian_clover.CoverageRecorder.inc(int)
[ERROR] /home/guilherme/spring-projects/maven/spring-boot/spring-boot-tools/spring-boot-configuration-metadata/src/main/java/org/springframework/boot/configurationmetadata/JsonReader.java:36: Undefined reference: void com_atlassian_clover.CoverageRecorder.inc(int)
[ERROR] /home/guilherme/spring-projects/maven/spring-boot/spring-boot-tools/spring-boot-configuration-metadata/src/main/java/org/springframework/boot/configurationmetadata/JsonReader.java:36: Undefined reference: void com_atlassian_clover.CoverageRecorder.inc(int)
[ERROR] /home/guilherme/spring-projects/maven/spring-boot/spring-boot-tools/spring-boot-configuration-metadata/src/main/java/org/springframework/boot/configurationmetadata/Deprecation.java:29: Undefined reference: void com_atlassian_clover.CoverageRecorder.inc(int)
[ERROR] /home/guilherme/spring-projects/maven/spring-boot/spring-boot-tools/spring-boot-configuration-metadata/src/main/java/org/springframework/boot/configurationmetadata/Deprecation.java:29: Undefined reference: void com_atlassian_clover.CoverageRecorder.inc(int)
[ERROR] /home/guilherme/spring-projects/maven/spring-boot/spring-boot-tools/spring-boot-configuration-metadata/src/main/java/org/springframework/boot/configurationmetadata/ValueProvider.java:34: Undefined reference: com_atlassian_clover.CloverProfile
[ERROR] /home/guilherme/spring-projects/maven/spring-boot/spring-boot-tools/spring-boot-configuration-metadata/src/main/java/org/springframework/boot/configurationmetadata/ValueProvider.java:34: Undefined reference: void com_atlassian_clover.CloverVersionInfo.An_old_version_of_clover_is_on_your_compilation_classpath___Please_remove___Required_version_is___4_1_2()
[ERROR] /home/guilherme/spring-projects/maven/spring-boot/spring-boot-tools/spring-boot-configuration-metadata/src/main/java/org/springframework/boot/configurationmetadata/ValueProvider.java:34: Undefined reference: long com_atlassian_clover.CloverVersionInfo.getBuildStamp()
[ERROR] /home/guilherme/spring-projects/maven/spring-boot/spring-boot-tools/spring-boot-configuration-metadata/src/main/java/org/springframework/boot/configurationmetadata/ValueProvider.java:34: Undefined reference: void com_atlassian_clover.Clover.l(String)
[ERROR] /home/guilherme/spring-projects/maven/spring-boot/spring-boot-tools/spring-boot-configuration-metadata/src/main/java/org/springframework/boot/configurationmetadata/ValueProvider.java:34: Undefined reference: String com_atlassian_clover.CloverVersionInfo.getReleaseNum()
[ERROR] /home/guilherme/spring-projects/maven/spring-boot/spring-boot-tools/spring-boot-configuration-metadata/src/main/java/org/springframework/boot/configurationmetadata/ValueProvider.java:34: Undefined reference: long com_atlassian_clover.CloverVersionInfo.getBuildStamp()
[ERROR] /home/guilherme/spring-projects/maven/spring-boot/spring-boot-tools/spring-boot-configuration-metadata/src/main/java/org/springframework/boot/configurationmetadata/ValueProvider.java:34: Undefined reference: void com_atlassian_clover.Clover.l(String)
[ERROR] /home/guilherme/spring-projects/maven/spring-boot/spring-boot-tools/spring-boot-configuration-metadata/src/main/java/org/springframework/boot/configurationmetadata/ValueProvider.java:34: Undefined reference: com_atlassian_clover.CoverageRecorder com_atlassian_clover.Clover.getNullRecorder()
[ERROR] /home/guilherme/spring-projects/maven/spring-boot/spring-boot-tools/spring-boot-configuration-metadata/src/main/java/org/springframework/boot/configurationmetadata/ValueProvider.java:34: Undefined reference: com_atlassian_clover.CoverageRecorder com_atlassian_clover.Clover.getNullRecorder()
[ERROR] /home/guilherme/spring-projects/maven/spring-boot/spring-boot-tools/spring-boot-configuration-metadata/src/main/java/org/springframework/boot/configurationmetadata/ValueProvider.java:34: Undefined reference: com_atlassian_clover.CoverageRecorder com_atlassian_clover.Clover.getRecorder(String, long, long, int, com_atlassian_clover.CloverProfile[], String[])
[ERROR] /home/guilherme/spring-projects/maven/spring-boot/spring-boot-tools/spring-boot-configuration-metadata/src/main/java/org/springframework/boot/configurationmetadata/ValueProvider.java:34: Undefined reference: void com_atlassian_clover.CoverageRecorder.inc(int)
[ERROR] /home/guilherme/spring-projects/maven/spring-boot/spring-boot-tools/spring-boot-configuration-metadata/src/main/java/org/springframework/boot/configurationmetadata/ValueProvider.java:34: Undefined reference: void com_atlassian_clover.CoverageRecorder.inc(int)
[ERROR] /home/guilherme/spring-projects/maven/spring-boot/spring-boot-tools/spring-boot-configuration-metadata/src/main/java/org/springframework/boot/configurationmetadata/DescriptionExtractor.java:27: Undefined reference: com_atlassian_clover.CloverProfile
[ERROR] /home/guilherme/spring-projects/maven/spring-boot/spring-boot-tools/spring-boot-configuration-metadata/src/main/java/org/springframework/boot/configurationmetadata/DescriptionExtractor.java:27: Undefined reference: void com_atlassian_clover.CloverVersionInfo.An_old_version_of_clover_is_on_your_compilation_classpath___Please_remove___Required_version_is___4_1_2()
[ERROR] /home/guilherme/spring-projects/maven/spring-boot/spring-boot-tools/spring-boot-configuration-metadata/src/main/java/org/springframework/boot/configurationmetadata/DescriptionExtractor.java:27: Undefined reference: long com_atlassian_clover.CloverVersionInfo.getBuildStamp()
[ERROR] /home/guilherme/spring-projects/maven/spring-boot/spring-boot-tools/spring-boot-configuration-metadata/src/main/java/org/springframework/boot/configurationmetadata/DescriptionExtractor.java:27: Undefined reference: void com_atlassian_clover.Clover.l(String)
[ERROR] /home/guilherme/spring-projects/maven/spring-boot/spring-boot-tools/spring-boot-configuration-metadata/src/main/java/org/springframework/boot/configurationmetadata/DescriptionExtractor.java:27: Undefined reference: String com_atlassian_clover.CloverVersionInfo.getReleaseNum()
[ERROR] /home/guilherme/spring-projects/maven/spring-boot/spring-boot-tools/spring-boot-configuration-metadata/src/main/java/org/springframework/boot/configurationmetadata/DescriptionExtractor.java:27: Undefined reference: long com_atlassian_clover.CloverVersionInfo.getBuildStamp()
[ERROR] /home/guilherme/spring-projects/maven/spring-boot/spring-boot-tools/spring-boot-configuration-metadata/src/main/java/org/springframework/boot/configurationmetadata/DescriptionExtractor.java:27: Undefined reference: void com_atlassian_clover.Clover.l(String)
[ERROR] /home/guilherme/spring-projects/maven/spring-boot/spring-boot-tools/spring-boot-configuration-metadata/src/main/java/org/springframework/boot/configurationmetadata/DescriptionExtractor.java:27: Undefined reference: com_atlassian_clover.CoverageRecorder com_atlassian_clover.Clover.getNullRecorder()
[ERROR] /home/guilherme/spring-projects/maven/spring-boot/spring-boot-tools/spring-boot-configuration-metadata/src/main/java/org/springframework/boot/configurationmetadata/DescriptionExtractor.java:27: Undefined reference: com_atlassian_clover.CoverageRecorder com_atlassian_clover.Clover.getNullRecorder()
[ERROR] /home/guilherme/spring-projects/maven/spring-boot/spring-boot-tools/spring-boot-configuration-metadata/src/main/java/org/springframework/boot/configurationmetadata/DescriptionExtractor.java:27: Undefined reference: com_atlassian_clover.CoverageRecorder com_atlassian_clover.Clover.getRecorder(String, long, long, int, com_atlassian_clover.CloverProfile[], String[])
[ERROR] /home/guilherme/spring-projects/maven/spring-boot/spring-boot-tools/spring-boot-configuration-metadata/src/main/java/org/springframework/boot/configurationmetadata/DescriptionExtractor.java:27: Undefined reference: void com_atlassian_clover.CoverageRecorder.inc(int)
[ERROR] /home/guilherme/spring-projects/maven/spring-boot/spring-boot-tools/spring-boot-configuration-metadata/src/main/java/org/springframework/boot/configurationmetadata/DescriptionExtractor.java:27: Undefined reference: void com_atlassian_clover.CoverageRecorder.inc(int)
[ERROR] /home/guilherme/spring-projects/maven/spring-boot/spring-boot-tools/spring-boot-configuration-metadata/src/main/java/org/springframework/boot/configurationmetadata/ConfigurationMetadataHint.java:28: Undefined reference: com_atlassian_clover.CloverProfile
[ERROR] /home/guilherme/spring-projects/maven/spring-boot/spring-boot-tools/spring-boot-configuration-metadata/src/main/java/org/springframework/boot/configurationmetadata/ConfigurationMetadataHint.java:28: Undefined reference: void com_atlassian_clover.CloverVersionInfo.An_old_version_of_clover_is_on_your_compilation_classpath___Please_remove___Required_version_is___4_1_2()
[ERROR] /home/guilherme/spring-projects/maven/spring-boot/spring-boot-tools/spring-boot-configuration-metadata/src/main/java/org/springframework/boot/configurationmetadata/ConfigurationMetadataHint.java:28: Undefined reference: long com_atlassian_clover.CloverVersionInfo.getBuildStamp()
[ERROR] /home/guilherme/spring-projects/maven/spring-boot/spring-boot-tools/spring-boot-configuration-metadata/src/main/java/org/springframework/boot/configurationmetadata/ConfigurationMetadataHint.java:28: Undefined reference: void com_atlassian_clover.Clover.l(String)
[ERROR] /home/guilherme/spring-projects/maven/spring-boot/spring-boot-tools/spring-boot-configuration-metadata/src/main/java/org/springframework/boot/configurationmetadata/ConfigurationMetadataHint.java:28: Undefined reference: String com_atlassian_clover.CloverVersionInfo.getReleaseNum()
[ERROR] /home/guilherme/spring-projects/maven/spring-boot/spring-boot-tools/spring-boot-configuration-metadata/src/main/java/org/springframework/boot/configurationmetadata/ConfigurationMetadataHint.java:28: Undefined reference: long com_atlassian_clover.CloverVersionInfo.getBuildStamp()
[ERROR] /home/guilherme/spring-projects/maven/spring-boot/spring-boot-tools/spring-boot-configuration-metadata/src/main/java/org/springframework/boot/configurationmetadata/ConfigurationMetadataHint.java:28: Undefined reference: void com_atlassian_clover.Clover.l(String)
[ERROR] /home/guilherme/spring-projects/maven/spring-boot/spring-boot-tools/spring-boot-configuration-metadata/src/main/java/org/springframework/boot/configurationmetadata/ConfigurationMetadataHint.java:28: Undefined reference: com_atlassian_clover.CoverageRecorder com_atlassian_clover.Clover.getNullRecorder()
[ERROR] /home/guilherme/spring-projects/maven/spring-boot/spring-boot-tools/spring-boot-configuration-metadata/src/main/java/org/springframework/boot/configurationmetadata/ConfigurationMetadataHint.java:28: Undefined reference: com_atlassian_clover.CoverageRecorder com_atlassian_clover.Clover.getNullRecorder()
[ERROR] /home/guilherme/spring-projects/maven/spring-boot/spring-boot-tools/spring-boot-configuration-metadata/src/main/java/org/springframework/boot/configurationmetadata/ConfigurationMetadataHint.java:28: Undefined reference: com_atlassian_clover.CoverageRecorder com_atlassian_clover.Clover.getRecorder(String, long, long, int, com_atlassian_clover.CloverProfile[], String[])
[ERROR] /home/guilherme/spring-projects/maven/spring-boot/spring-boot-tools/spring-boot-configuration-metadata/src/main/java/org/springframework/boot/configurationmetadata/ConfigurationMetadataItem.java:26: Undefined reference: com_atlassian_clover.CloverProfile
[ERROR] /home/guilherme/spring-projects/maven/spring-boot/spring-boot-tools/spring-boot-configuration-metadata/src/main/java/org/springframework/boot/configurationmetadata/ConfigurationMetadataItem.java:26: Undefined reference: void com_atlassian_clover.CloverVersionInfo.An_old_version_of_clover_is_on_your_compilation_classpath___Please_remove___Required_version_is___4_1_2()
[ERROR] /home/guilherme/spring-projects/maven/spring-boot/spring-boot-tools/spring-boot-configuration-metadata/src/main/java/org/springframework/boot/configurationmetadata/ConfigurationMetadataItem.java:26: Undefined reference: long com_atlassian_clover.CloverVersionInfo.getBuildStamp()
[ERROR] /home/guilherme/spring-projects/maven/spring-boot/spring-boot-tools/spring-boot-configuration-metadata/src/main/java/org/springframework/boot/configurationmetadata/ConfigurationMetadataItem.java:26: Undefined reference: void com_atlassian_clover.Clover.l(String)
[ERROR] /home/guilherme/spring-projects/maven/spring-boot/spring-boot-tools/spring-boot-configuration-metadata/src/main/java/org/springframework/boot/configurationmetadata/ConfigurationMetadataItem.java:26: Undefined reference: String com_atlassian_clover.CloverVersionInfo.getReleaseNum()
[ERROR] /home/guilherme/spring-projects/maven/spring-boot/spring-boot-tools/spring-boot-configuration-metadata/src/main/java/org/springframework/boot/configurationmetadata/ConfigurationMetadataItem.java:26: Undefined reference: long com_atlassian_clover.CloverVersionInfo.getBuildStamp()
[ERROR] /home/guilherme/spring-projects/maven/spring-boot/spring-boot-tools/spring-boot-configuration-metadata/src/main/java/org/springframework/boot/configurationmetadata/ConfigurationMetadataItem.java:26: Undefined reference: void com_atlassian_clover.Clover.l(String)
[ERROR] /home/guilherme/spring-projects/maven/spring-boot/spring-boot-tools/spring-boot-configuration-metadata/src/main/java/org/springframework/boot/configurationmetadata/ConfigurationMetadataItem.java:26: Undefined reference: com_atlassian_clover.CoverageRecorder com_atlassian_clover.Clover.getNullRecorder()
[ERROR] /home/guilherme/spring-projects/maven/spring-boot/spring-boot-tools/spring-boot-configuration-metadata/src/main/java/org/springframework/boot/configurationmetadata/ConfigurationMetadataItem.java:26: Undefined reference: com_atlassian_clover.CoverageRecorder com_atlassian_clover.Clover.getNullRecorder()
[ERROR] /home/guilherme/spring-projects/maven/spring-boot/spring-boot-tools/spring-boot-configuration-metadata/src/main/java/org/springframework/boot/configurationmetadata/ConfigurationMetadataItem.java:26: Undefined reference: com_atlassian_clover.CoverageRecorder com_atlassian_clover.Clover.getRecorder(String, long, long, int, com_atlassian_clover.CloverProfile[], String[])
[ERROR] /home/guilherme/spring-projects/maven/spring-boot/spring-boot-tools/spring-boot-configuration-metadata/src/main/java/org/springframework/boot/configurationmetadata/ConfigurationMetadataGroup.java:33: Undefined reference: com_atlassian_clover.CloverProfile
[ERROR] /home/guilherme/spring-projects/maven/spring-boot/spring-boot-tools/spring-boot-configuration-metadata/src/main/java/org/springframework/boot/configurationmetadata/ConfigurationMetadataGroup.java:33: Undefined reference: void com_atlassian_clover.CloverVersionInfo.An_old_version_of_clover_is_on_your_compilation_classpath___Please_remove___Required_version_is___4_1_2()
[ERROR] /home/guilherme/spring-projects/maven/spring-boot/spring-boot-tools/spring-boot-configuration-metadata/src/main/java/org/springframework/boot/configurationmetadata/ConfigurationMetadataGroup.java:33: Undefined reference: long com_atlassian_clover.CloverVersionInfo.getBuildStamp()
[ERROR] /home/guilherme/spring-projects/maven/spring-boot/spring-boot-tools/spring-boot-configuration-metadata/src/main/java/org/springframework/boot/configurationmetadata/ConfigurationMetadataGroup.java:33: Undefined reference: void com_atlassian_clover.Clover.l(String)
[ERROR] /home/guilherme/spring-projects/maven/spring-boot/spring-boot-tools/spring-boot-configuration-metadata/src/main/java/org/springframework/boot/configurationmetadata/ConfigurationMetadataGroup.java:33: Undefined reference: String com_atlassian_clover.CloverVersionInfo.getReleaseNum()
[ERROR] /home/guilherme/spring-projects/maven/spring-boot/spring-boot-tools/spring-boot-configuration-metadata/src/main/java/org/springframework/boot/configurationmetadata/ConfigurationMetadataGroup.java:33: Undefined reference: long com_atlassian_clover.CloverVersionInfo.getBuildStamp()
[ERROR] /home/guilherme/spring-projects/maven/spring-boot/spring-boot-tools/spring-boot-configuration-metadata/src/main/java/org/springframework/boot/configurationmetadata/ConfigurationMetadataGroup.java:33: Undefined reference: void com_atlassian_clover.Clover.l(String)
[ERROR] /home/guilherme/spring-projects/maven/spring-boot/spring-boot-tools/spring-boot-configuration-metadata/src/main/java/org/springframework/boot/configurationmetadata/ConfigurationMetadataGroup.java:33: Undefined reference: com_atlassian_clover.CoverageRecorder com_atlassian_clover.Clover.getNullRecorder()
[ERROR] /home/guilherme/spring-projects/maven/spring-boot/spring-boot-tools/spring-boot-configuration-metadata/src/main/java/org/springframework/boot/configurationmetadata/ConfigurationMetadataGroup.java:33: Undefined reference: com_atlassian_clover.CoverageRecorder com_atlassian_clover.Clover.getNullRecorder()
[ERROR] /home/guilherme/spring-projects/maven/spring-boot/spring-boot-tools/spring-boot-configuration-metadata/src/main/java/org/springframework/boot/configurationmetadata/ConfigurationMetadataGroup.java:33: Undefined reference: com_atlassian_clover.CoverageRecorder com_atlassian_clover.Clover.getRecorder(String, long, long, int, com_atlassian_clover.CloverProfile[], String[])
[ERROR] /home/guilherme/spring-projects/maven/spring-boot/spring-boot-tools/spring-boot-configuration-metadata/src/main/java/org/springframework/boot/configurationmetadata/RawConfigurationMetadata.java:28: Undefined reference: com_atlassian_clover.CloverProfile
[ERROR] /home/guilherme/spring-projects/maven/spring-boot/spring-boot-tools/spring-boot-configuration-metadata/src/main/java/org/springframework/boot/configurationmetadata/RawConfigurationMetadata.java:28: Undefined reference: void com_atlassian_clover.CloverVersionInfo.An_old_version_of_clover_is_on_your_compilation_classpath___Please_remove___Required_version_is___4_1_2()
[ERROR] /home/guilherme/spring-projects/maven/spring-boot/spring-boot-tools/spring-boot-configuration-metadata/src/main/java/org/springframework/boot/configurationmetadata/RawConfigurationMetadata.java:28: Undefined reference: long com_atlassian_clover.CloverVersionInfo.getBuildStamp()
[ERROR] /home/guilherme/spring-projects/maven/spring-boot/spring-boot-tools/spring-boot-configuration-metadata/src/main/java/org/springframework/boot/configurationmetadata/RawConfigurationMetadata.java:28: Undefined reference: void com_atlassian_clover.Clover.l(String)
[ERROR] /home/guilherme/spring-projects/maven/spring-boot/spring-boot-tools/spring-boot-configuration-metadata/src/main/java/org/springframework/boot/configurationmetadata/RawConfigurationMetadata.java:28: Undefined reference: String com_atlassian_clover.CloverVersionInfo.getReleaseNum()
[ERROR] /home/guilherme/spring-projects/maven/spring-boot/spring-boot-tools/spring-boot-configuration-metadata/src/main/java/org/springframework/boot/configurationmetadata/RawConfigurationMetadata.java:28: Undefined reference: long com_atlassian_clover.CloverVersionInfo.getBuildStamp()
[ERROR] /home/guilherme/spring-projects/maven/spring-boot/spring-boot-tools/spring-boot-configuration-metadata/src/main/java/org/springframework/boot/configurationmetadata/RawConfigurationMetadata.java:28: Undefined reference: void com_atlassian_clover.Clover.l(String)
[ERROR] /home/guilherme/spring-projects/maven/spring-boot/spring-boot-tools/spring-boot-configuration-metadata/src/main/java/org/springframework/boot/configurationmetadata/RawConfigurationMetadata.java:28: Undefined reference: com_atlassian_clover.CoverageRecorder com_atlassian_clover.Clover.getNullRecorder()
[ERROR] /home/guilherme/spring-projects/maven/spring-boot/spring-boot-tools/spring-boot-configuration-metadata/src/main/java/org/springframework/boot/configurationmetadata/RawConfigurationMetadata.java:28: Undefined reference: com_atlassian_clover.CoverageRecorder com_atlassian_clover.Clover.getNullRecorder()
[ERROR] /home/guilherme/spring-projects/maven/spring-boot/spring-boot-tools/spring-boot-configuration-metadata/src/main/java/org/springframework/boot/configurationmetadata/RawConfigurationMetadata.java:28: Undefined reference: com_atlassian_clover.CoverageRecorder com_atlassian_clover.Clover.getRecorder(String, long, long, int, com_atlassian_clover.CloverProfile[], String[])
[ERROR] /home/guilherme/spring-projects/maven/spring-boot/spring-boot-tools/spring-boot-configuration-metadata/src/main/java/org/springframework/boot/configurationmetadata/ConfigurationMetadataHint.java:28: Undefined reference: void com_atlassian_clover.CoverageRecorder.inc(int)
[ERROR] /home/guilherme/spring-projects/maven/spring-boot/spring-boot-tools/spring-boot-configuration-metadata/src/main/java/org/springframework/boot/configurationmetadata/ConfigurationMetadataHint.java:28: Undefined reference: void com_atlassian_clover.CoverageRecorder.inc(int)
[ERROR] /home/guilherme/spring-projects/maven/spring-boot/spring-boot-tools/spring-boot-configuration-metadata/src/main/java/org/springframework/boot/configurationmetadata/ConfigurationMetadataItem.java:26: Undefined reference: void com_atlassian_clover.CoverageRecorder.inc(int)
[ERROR] /home/guilherme/spring-projects/maven/spring-boot/spring-boot-tools/spring-boot-configuration-metadata/src/main/java/org/springframework/boot/configurationmetadata/ConfigurationMetadataItem.java:26: Undefined reference: void com_atlassian_clover.CoverageRecorder.inc(int)
[ERROR] /home/guilherme/spring-projects/maven/spring-boot/spring-boot-tools/spring-boot-configuration-metadata/src/main/java/org/springframework/boot/configurationmetadata/ConfigurationMetadataGroup.java:33: Undefined reference: void com_atlassian_clover.CoverageRecorder.inc(int)
[ERROR] /home/guilherme/spring-projects/maven/spring-boot/spring-boot-tools/spring-boot-configuration-metadata/src/main/java/org/springframework/boot/configurationmetadata/ConfigurationMetadataGroup.java:33: Undefined reference: void com_atlassian_clover.CoverageRecorder.inc(int)
[ERROR] /home/guilherme/spring-projects/maven/spring-boot/spring-boot-tools/spring-boot-configuration-metadata/src/main/java/org/springframework/boot/configurationmetadata/RawConfigurationMetadata.java:28: Undefined reference: void com_atlassian_clover.CoverageRecorder.inc(int)
[ERROR] /home/guilherme/spring-projects/maven/spring-boot/spring-boot-tools/spring-boot-configuration-metadata/src/main/java/org/springframework/boot/configurationmetadata/RawConfigurationMetadata.java:28: Undefined reference: void com_atlassian_clover.CoverageRecorder.inc(int)
[ERROR] /home/guilherme/spring-projects/maven/spring-boot/spring-boot-tools/spring-boot-configuration-metadata/src/main/java/org/springframework/boot/configurationmetadata/ConfigurationMetadataSource.java:31: Undefined reference: com_atlassian_clover.CloverProfile
[ERROR] /home/guilherme/spring-projects/maven/spring-boot/spring-boot-tools/spring-boot-configuration-metadata/src/main/java/org/springframework/boot/configurationmetadata/ConfigurationMetadataSource.java:31: Undefined reference: void com_atlassian_clover.CloverVersionInfo.An_old_version_of_clover_is_on_your_compilation_classpath___Please_remove___Required_version_is___4_1_2()
[ERROR] /home/guilherme/spring-projects/maven/spring-boot/spring-boot-tools/spring-boot-configuration-metadata/src/main/java/org/springframework/boot/configurationmetadata/ConfigurationMetadataSource.java:31: Undefined reference: long com_atlassian_clover.CloverVersionInfo.getBuildStamp()
[ERROR] /home/guilherme/spring-projects/maven/spring-boot/spring-boot-tools/spring-boot-configuration-metadata/src/main/java/org/springframework/boot/configurationmetadata/ConfigurationMetadataSource.java:31: Undefined reference: void com_atlassian_clover.Clover.l(String)
[ERROR] /home/guilherme/spring-projects/maven/spring-boot/spring-boot-tools/spring-boot-configuration-metadata/src/main/java/org/springframework/boot/configurationmetadata/ConfigurationMetadataSource.java:31: Undefined reference: String com_atlassian_clover.CloverVersionInfo.getReleaseNum()
[ERROR] /home/guilherme/spring-projects/maven/spring-boot/spring-boot-tools/spring-boot-configuration-metadata/src/main/java/org/springframework/boot/configurationmetadata/ConfigurationMetadataSource.java:31: Undefined reference: long com_atlassian_clover.CloverVersionInfo.getBuildStamp()
[ERROR] /home/guilherme/spring-projects/maven/spring-boot/spring-boot-tools/spring-boot-configuration-metadata/src/main/java/org/springframework/boot/configurationmetadata/ConfigurationMetadataSource.java:31: Undefined reference: void com_atlassian_clover.Clover.l(String)
[ERROR] /home/guilherme/spring-projects/maven/spring-boot/spring-boot-tools/spring-boot-configuration-metadata/src/main/java/org/springframework/boot/configurationmetadata/ConfigurationMetadataSource.java:31: Undefined reference: com_atlassian_clover.CoverageRecorder com_atlassian_clover.Clover.getNullRecorder()
[ERROR] /home/guilherme/spring-projects/maven/spring-boot/spring-boot-tools/spring-boot-configuration-metadata/src/main/java/org/springframework/boot/configurationmetadata/ConfigurationMetadataSource.java:31: Undefined reference: com_atlassian_clover.CoverageRecorder com_atlassian_clover.Clover.getNullRecorder()
[ERROR] /home/guilherme/spring-projects/maven/spring-boot/spring-boot-tools/spring-boot-configuration-metadata/src/main/java/org/springframework/boot/configurationmetadata/ConfigurationMetadataSource.java:31: Undefined reference: com_atlassian_clover.CoverageRecorder com_atlassian_clover.Clover.getRecorder(String, long, long, int, com_atlassian_clover.CloverProfile[], String[])
[ERROR] /home/guilherme/spring-projects/maven/spring-boot/spring-boot-tools/spring-boot-configuration-metadata/src/main/java/org/springframework/boot/configurationmetadata/ConfigurationMetadataProperty.java:31: Undefined reference: com_atlassian_clover.CloverProfile
[ERROR] /home/guilherme/spring-projects/maven/spring-boot/spring-boot-tools/spring-boot-configuration-metadata/src/main/java/org/springframework/boot/configurationmetadata/ConfigurationMetadataProperty.java:31: Undefined reference: void com_atlassian_clover.CloverVersionInfo.An_old_version_of_clover_is_on_your_compilation_classpath___Please_remove___Required_version_is___4_1_2()
[ERROR] /home/guilherme/spring-projects/maven/spring-boot/spring-boot-tools/spring-boot-configuration-metadata/src/main/java/org/springframework/boot/configurationmetadata/ConfigurationMetadataProperty.java:31: Undefined reference: long com_atlassian_clover.CloverVersionInfo.getBuildStamp()
[ERROR] /home/guilherme/spring-projects/maven/spring-boot/spring-boot-tools/spring-boot-configuration-metadata/src/main/java/org/springframework/boot/configurationmetadata/ConfigurationMetadataProperty.java:31: Undefined reference: void com_atlassian_clover.Clover.l(String)
[ERROR] /home/guilherme/spring-projects/maven/spring-boot/spring-boot-tools/spring-boot-configuration-metadata/src/main/java/org/springframework/boot/configurationmetadata/ConfigurationMetadataProperty.java:31: Undefined reference: String com_atlassian_clover.CloverVersionInfo.getReleaseNum()
[ERROR] /home/guilherme/spring-projects/maven/spring-boot/spring-boot-tools/spring-boot-configuration-metadata/src/main/java/org/springframework/boot/configurationmetadata/ConfigurationMetadataProperty.java:31: Undefined reference: long com_atlassian_clover.CloverVersionInfo.getBuildStamp()
[ERROR] /home/guilherme/spring-projects/maven/spring-boot/spring-boot-tools/spring-boot-configuration-metadata/src/main/java/org/springframework/boot/configurationmetadata/ConfigurationMetadataProperty.java:31: Undefined reference: void com_atlassian_clover.Clover.l(String)
[ERROR] /home/guilherme/spring-projects/maven/spring-boot/spring-boot-tools/spring-boot-configuration-metadata/src/main/java/org/springframework/boot/configurationmetadata/ConfigurationMetadataProperty.java:31: Undefined reference: com_atlassian_clover.CoverageRecorder com_atlassian_clover.Clover.getNullRecorder()
[ERROR] /home/guilherme/spring-projects/maven/spring-boot/spring-boot-tools/spring-boot-configuration-metadata/src/main/java/org/springframework/boot/configurationmetadata/ConfigurationMetadataProperty.java:31: Undefined reference: com_atlassian_clover.CoverageRecorder com_atlassian_clover.Clover.getNullRecorder()
[ERROR] /home/guilherme/spring-projects/maven/spring-boot/spring-boot-tools/spring-boot-configuration-metadata/src/main/java/org/springframework/boot/configurationmetadata/ConfigurationMetadataProperty.java:31: Undefined reference: com_atlassian_clover.CoverageRecorder com_atlassian_clover.Clover.getRecorder(String, long, long, int, com_atlassian_clover.CloverProfile[], String[])
[ERROR] /home/guilherme/spring-projects/maven/spring-boot/spring-boot-tools/spring-boot-configuration-metadata/src/main/java/org/springframework/boot/configurationmetadata/ConfigurationMetadataSource.java:31: Undefined reference: void com_atlassian_clover.CoverageRecorder.inc(int)
[ERROR] /home/guilherme/spring-projects/maven/spring-boot/spring-boot-tools/spring-boot-configuration-metadata/src/main/java/org/springframework/boot/configurationmetadata/ConfigurationMetadataSource.java:31: Undefined reference: void com_atlassian_clover.CoverageRecorder.inc(int)
[ERROR] /home/guilherme/spring-projects/maven/spring-boot/spring-boot-tools/spring-boot-configuration-metadata/src/main/java/org/springframework/boot/configurationmetadata/ConfigurationMetadataProperty.java:31: Undefined reference: void com_atlassian_clover.CoverageRecorder.inc(int)
[ERROR] /home/guilherme/spring-projects/maven/spring-boot/spring-boot-tools/spring-boot-configuration-metadata/src/main/java/org/springframework/boot/configurationmetadata/ConfigurationMetadataProperty.java:31: Undefined reference: void com_atlassian_clover.CoverageRecorder.inc(int)
[ERROR] /home/guilherme/spring-projects/maven/spring-boot/spring-boot-tools/spring-boot-configuration-metadata/src/main/java/org/springframework/boot/configurationmetadata/SimpleConfigurationMetadataRepository.java:33: Undefined reference: com_atlassian_clover.CloverProfile
[ERROR] /home/guilherme/spring-projects/maven/spring-boot/spring-boot-tools/spring-boot-configuration-metadata/src/main/java/org/springframework/boot/configurationmetadata/SimpleConfigurationMetadataRepository.java:33: Undefined reference: void com_atlassian_clover.CloverVersionInfo.An_old_version_of_clover_is_on_your_compilation_classpath___Please_remove___Required_version_is___4_1_2()
[ERROR] /home/guilherme/spring-projects/maven/spring-boot/spring-boot-tools/spring-boot-configuration-metadata/src/main/java/org/springframework/boot/configurationmetadata/SimpleConfigurationMetadataRepository.java:33: Undefined reference: long com_atlassian_clover.CloverVersionInfo.getBuildStamp()
[ERROR] /home/guilherme/spring-projects/maven/spring-boot/spring-boot-tools/spring-boot-configuration-metadata/src/main/java/org/springframework/boot/configurationmetadata/SimpleConfigurationMetadataRepository.java:33: Undefined reference: void com_atlassian_clover.Clover.l(String)
[ERROR] /home/guilherme/spring-projects/maven/spring-boot/spring-boot-tools/spring-boot-configuration-metadata/src/main/java/org/springframework/boot/configurationmetadata/SimpleConfigurationMetadataRepository.java:33: Undefined reference: String com_atlassian_clover.CloverVersionInfo.getReleaseNum()
[ERROR] /home/guilherme/spring-projects/maven/spring-boot/spring-boot-tools/spring-boot-configuration-metadata/src/main/java/org/springframework/boot/configurationmetadata/SimpleConfigurationMetadataRepository.java:33: Undefined reference: long com_atlassian_clover.CloverVersionInfo.getBuildStamp()
[ERROR] /home/guilherme/spring-projects/maven/spring-boot/spring-boot-tools/spring-boot-configuration-metadata/src/main/java/org/springframework/boot/configurationmetadata/SimpleConfigurationMetadataRepository.java:33: Undefined reference: void com_atlassian_clover.Clover.l(String)
[ERROR] /home/guilherme/spring-projects/maven/spring-boot/spring-boot-tools/spring-boot-configuration-metadata/src/main/java/org/springframework/boot/configurationmetadata/SimpleConfigurationMetadataRepository.java:33: Undefined reference: com_atlassian_clover.CoverageRecorder com_atlassian_clover.Clover.getNullRecorder()
[ERROR] /home/guilherme/spring-projects/maven/spring-boot/spring-boot-tools/spring-boot-configuration-metadata/src/main/java/org/springframework/boot/configurationmetadata/SimpleConfigurationMetadataRepository.java:33: Undefined reference: com_atlassian_clover.CoverageRecorder com_atlassian_clover.Clover.getNullRecorder()
[ERROR] /home/guilherme/spring-projects/maven/spring-boot/spring-boot-tools/spring-boot-configuration-metadata/src/main/java/org/springframework/boot/configurationmetadata/SimpleConfigurationMetadataRepository.java:33: Undefined reference: com_atlassian_clover.CoverageRecorder com_atlassian_clover.Clover.getRecorder(String, long, long, int, com_atlassian_clover.CloverProfile[], String[])
[ERROR] /home/guilherme/spring-projects/maven/spring-boot/spring-boot-tools/spring-boot-configuration-metadata/src/main/java/org/springframework/boot/configurationmetadata/SimpleConfigurationMetadataRepository.java:33: Undefined reference: void com_atlassian_clover.CoverageRecorder.inc(int)
[ERROR] /home/guilherme/spring-projects/maven/spring-boot/spring-boot-tools/spring-boot-configuration-metadata/src/main/java/org/springframework/boot/configurationmetadata/SimpleConfigurationMetadataRepository.java:33: Undefined reference: void com_atlassian_clover.CoverageRecorder.inc(int)
[ERROR] /home/guilherme/spring-projects/maven/spring-boot/spring-boot-tools/spring-boot-configuration-metadata/src/main/java/org/springframework/boot/configurationmetadata/ConfigurationMetadataRepositoryJsonBuilder.java:35: Undefined reference: com_atlassian_clover.CloverProfile
[ERROR] /home/guilherme/spring-projects/maven/spring-boot/spring-boot-tools/spring-boot-configuration-metadata/src/main/java/org/springframework/boot/configurationmetadata/ConfigurationMetadataRepositoryJsonBuilder.java:35: Undefined reference: void com_atlassian_clover.CloverVersionInfo.An_old_version_of_clover_is_on_your_compilation_classpath___Please_remove___Required_version_is___4_1_2()
[ERROR] /home/guilherme/spring-projects/maven/spring-boot/spring-boot-tools/spring-boot-configuration-metadata/src/main/java/org/springframework/boot/configurationmetadata/ConfigurationMetadataRepositoryJsonBuilder.java:35: Undefined reference: long com_atlassian_clover.CloverVersionInfo.getBuildStamp()
[ERROR] /home/guilherme/spring-projects/maven/spring-boot/spring-boot-tools/spring-boot-configuration-metadata/src/main/java/org/springframework/boot/configurationmetadata/ConfigurationMetadataRepositoryJsonBuilder.java:35: Undefined reference: void com_atlassian_clover.Clover.l(String)
[ERROR] /home/guilherme/spring-projects/maven/spring-boot/spring-boot-tools/spring-boot-configuration-metadata/src/main/java/org/springframework/boot/configurationmetadata/ConfigurationMetadataRepositoryJsonBuilder.java:35: Undefined reference: String com_atlassian_clover.CloverVersionInfo.getReleaseNum()
[ERROR] /home/guilherme/spring-projects/maven/spring-boot/spring-boot-tools/spring-boot-configuration-metadata/src/main/java/org/springframework/boot/configurationmetadata/ConfigurationMetadataRepositoryJsonBuilder.java:35: Undefined reference: long com_atlassian_clover.CloverVersionInfo.getBuildStamp()
[ERROR] /home/guilherme/spring-projects/maven/spring-boot/spring-boot-tools/spring-boot-configuration-metadata/src/main/java/org/springframework/boot/configurationmetadata/ConfigurationMetadataRepositoryJsonBuilder.java:35: Undefined reference: void com_atlassian_clover.Clover.l(String)
[ERROR] /home/guilherme/spring-projects/maven/spring-boot/spring-boot-tools/spring-boot-configuration-metadata/src/main/java/org/springframework/boot/configurationmetadata/ConfigurationMetadataRepositoryJsonBuilder.java:35: Undefined reference: com_atlassian_clover.CoverageRecorder com_atlassian_clover.Clover.getNullRecorder()
[ERROR] /home/guilherme/spring-projects/maven/spring-boot/spring-boot-tools/spring-boot-configuration-metadata/src/main/java/org/springframework/boot/configurationmetadata/ConfigurationMetadataRepositoryJsonBuilder.java:35: Undefined reference: com_atlassian_clover.CoverageRecorder com_atlassian_clover.Clover.getNullRecorder()
[ERROR] /home/guilherme/spring-projects/maven/spring-boot/spring-boot-tools/spring-boot-configuration-metadata/src/main/java/org/springframework/boot/configurationmetadata/ConfigurationMetadataRepositoryJsonBuilder.java:35: Undefined reference: com_atlassian_clover.CoverageRecorder com_atlassian_clover.Clover.getRecorder(String, long, long, int, com_atlassian_clover.CloverProfile[], String[])
[ERROR] /home/guilherme/spring-projects/maven/spring-boot/spring-boot-tools/spring-boot-configuration-metadata/src/main/java/org/springframework/boot/configurationmetadata/ConfigurationMetadataRepositoryJsonBuilder.java:35: Undefined reference: void com_atlassian_clover.CoverageRecorder.inc(int)
[ERROR] /home/guilherme/spring-projects/maven/spring-boot/spring-boot-tools/spring-boot-configuration-metadata/src/main/java/org/springframework/boot/configurationmetadata/ConfigurationMetadataRepositoryJsonBuilder.java:35: Undefined reference: void com_atlassian_clover.CoverageRecorder.inc(int)
[INFO] ------------------------------------------------------------------------
[INFO] Reactor Summary:
[INFO] 
[INFO] Spring Boot Tools .................................. SUCCESS [  2.132 s]
[INFO] Spring Boot Configuration Metadata ................. FAILURE [  1.773 s]
[INFO] Spring Boot Configuration Processor ................ SKIPPED
[INFO] Spring Boot Loader ................................. SKIPPED
[INFO] Spring Boot Loader Tools ........................... SKIPPED
[INFO] Spring Boot Maven Plugin ........................... SKIPPED
[INFO] Spring Boot Gradle Plugin .......................... SKIPPED
[INFO] Spring Boot Antlib ................................. SKIPPED
[INFO] ------------------------------------------------------------------------
[INFO] BUILD FAILURE
[INFO] ------------------------------------------------------------------------
[INFO] Total time: 4.374 s
[INFO] Finished at: 2017-03-03T10:38:35-03:00
[INFO] Final Memory: 29M/450M
[INFO] ------------------------------------------------------------------------
[ERROR] Failed to execute goal org.codehaus.mojo:animal-sniffer-maven-plugin:1.15:check (enforce-java-6) on project spring-boot-configuration-metadata: Signature errors found. Verify them and ignore them with the proper annotation if needed. -> [Help 1]
[ERROR] 
[ERROR] To see the full stack trace of the errors, re-run Maven with the -e switch.
[ERROR] Re-run Maven using the -X switch to enable full debug logging.
[ERROR] 
[ERROR] For more information about the errors and possible solutions, please read the following articles:
[ERROR] [Help 1] http://cwiki.apache.org/confluence/display/MAVEN/MojoFailureException
[ERROR] 
[ERROR] After correcting the problems, you can resume the build with the command
[ERROR]   mvn <goals> -rf :spring-boot-configuration-metadata
