[INFO] Scanning for projects...
[WARNING] 
[WARNING] Some problems were encountered while building the effective model for org.springframework.batch:spring-batch-admin-domain:jar:2.0.0.BUILD-SNAPSHOT
[WARNING] 'dependencyManagement.dependencies.dependency.(groupId:artifactId:type:classifier)' must be unique: org.springframework:spring-oxm:jar -> duplicate declaration of version ${spring.framework.version} @ org.springframework.batch:spring-batch-admin-parent:2.0.0.BUILD-SNAPSHOT, /home/guilherme/spring-projects/maven/spring-batch-admin/spring-batch-admin-parent/pom.xml, line 627, column 16
[WARNING] 'build.plugins.plugin.version' for org.apache.maven.plugins:maven-compiler-plugin is missing. @ org.springframework.batch:spring-batch-admin-domain:[unknown-version], /home/guilherme/spring-projects/maven/spring-batch-admin/spring-batch-admin-domain/pom.xml, line 103, column 20
[WARNING] 
[WARNING] It is highly recommended to fix these problems because they threaten the stability of your build.
[WARNING] 
[WARNING] For this reason, future Maven versions might no longer support building such malformed projects.
[WARNING] 
[INFO]                                                                         
[INFO] ------------------------------------------------------------------------
[INFO] Building Domain 2.0.0.BUILD-SNAPSHOT
[INFO] ------------------------------------------------------------------------
[INFO] 
[INFO] --- maven-resources-plugin:2.6:resources (default-resources) @ spring-batch-admin-domain ---
[WARNING] Using platform encoding (UTF-8 actually) to copy filtered resources, i.e. build is platform dependent!
[INFO] skip non existing resourceDirectory /home/guilherme/spring-projects/maven/spring-batch-admin/spring-batch-admin-domain/src/main/resources
[INFO] 
[INFO] --- maven-compiler-plugin:3.1:compile (default-compile) @ spring-batch-admin-domain ---
[INFO] Nothing to compile - all classes are up to date
[INFO] 
[INFO] --- maven-resources-plugin:2.6:testResources (default-testResources) @ spring-batch-admin-domain ---
[WARNING] Using platform encoding (UTF-8 actually) to copy filtered resources, i.e. build is platform dependent!
[INFO] skip non existing resourceDirectory /home/guilherme/spring-projects/maven/spring-batch-admin/spring-batch-admin-domain/src/test/resources
[INFO] 
[INFO] --- maven-compiler-plugin:3.1:testCompile (default-testCompile) @ spring-batch-admin-domain ---
[INFO] Nothing to compile - all classes are up to date
[INFO] 
[INFO] --- maven-surefire-plugin:2.16:test (default-test) @ spring-batch-admin-domain ---
[INFO] Surefire report directory: /home/guilherme/spring-projects/maven/spring-batch-admin/spring-batch-admin-domain/target/surefire-reports

-------------------------------------------------------
 T E S T S
-------------------------------------------------------
Running org.springframework.batch.admin.domain.JobInstanceInfoResourceSerializationTests
Tests run: 1, Failures: 0, Errors: 0, Skipped: 0, Time elapsed: 0.614 sec - in org.springframework.batch.admin.domain.JobInstanceInfoResourceSerializationTests
Running org.springframework.batch.admin.domain.FileInfoResourceSerializationTests
Tests run: 1, Failures: 0, Errors: 0, Skipped: 0, Time elapsed: 0.003 sec - in org.springframework.batch.admin.domain.FileInfoResourceSerializationTests
Running org.springframework.batch.admin.domain.JobExecutionInfoResourceRunningJobSerializationTests
Tests run: 1, Failures: 0, Errors: 0, Skipped: 0, Time elapsed: 0.009 sec - in org.springframework.batch.admin.domain.JobExecutionInfoResourceRunningJobSerializationTests
Running org.springframework.batch.admin.domain.StepExecutionInfoResourceSerializationTests
Tests run: 1, Failures: 0, Errors: 0, Skipped: 0, Time elapsed: 0.011 sec - in org.springframework.batch.admin.domain.StepExecutionInfoResourceSerializationTests
Running org.springframework.batch.admin.domain.DetailedJobInfoResourceSerializationTests
Tests run: 1, Failures: 0, Errors: 0, Skipped: 0, Time elapsed: 0.012 sec - in org.springframework.batch.admin.domain.DetailedJobInfoResourceSerializationTests
Running org.springframework.batch.admin.domain.JobExecutionInfoResourceSerializationTests
Tests run: 1, Failures: 0, Errors: 0, Skipped: 0, Time elapsed: 0.011 sec - in org.springframework.batch.admin.domain.JobExecutionInfoResourceSerializationTests
Running org.springframework.batch.admin.domain.StepExecutionProgressInfoResourceSerializationTests
Tests run: 1, Failures: 0, Errors: 0, Skipped: 0, Time elapsed: 0.017 sec - in org.springframework.batch.admin.domain.StepExecutionProgressInfoResourceSerializationTests
Running org.springframework.batch.admin.domain.JobInfoResourceSerializationTests
Tests run: 1, Failures: 0, Errors: 0, Skipped: 0, Time elapsed: 0.009 sec - in org.springframework.batch.admin.domain.JobInfoResourceSerializationTests

Results :

Tests run: 8, Failures: 0, Errors: 0, Skipped: 0

[INFO] ------------------------------------------------------------------------
[INFO] BUILD SUCCESS
[INFO] ------------------------------------------------------------------------
[INFO] Total time: 1.830 s
[INFO] Finished at: 2017-03-03T10:14:59-03:00
[INFO] Final Memory: 14M/212M
[INFO] ------------------------------------------------------------------------
