[INFO] Scanning for projects...
[WARNING] 
[WARNING] Some problems were encountered while building the effective model for org.springframework.boot:spring-boot-sample-hibernate52:jar:2.0.0.BUILD-SNAPSHOT
[WARNING] 'build.plugins.plugin.version' for org.apache.maven.plugins:maven-enforcer-plugin is missing. @ org.springframework.boot:spring-boot-samples:[unknown-version], /home/guilherme/spring-projects/maven/spring-boot/spring-boot-samples/pom.xml, line 160, column 12
[WARNING] 
[WARNING] It is highly recommended to fix these problems because they threaten the stability of your build.
[WARNING] 
[WARNING] For this reason, future Maven versions might no longer support building such malformed projects.
[WARNING] 
[INFO]                                                                         
[INFO] ------------------------------------------------------------------------
[INFO] Building Spring Boot Hibernate 5.2 Sample 2.0.0.BUILD-SNAPSHOT
[INFO] ------------------------------------------------------------------------
[INFO] 
[INFO] --- maven-enforcer-plugin:1.4.1:enforce (enforce-rules) @ spring-boot-sample-hibernate52 ---
[INFO] 
[INFO] --- maven-resources-plugin:2.6:resources (default-resources) @ spring-boot-sample-hibernate52 ---
[INFO] Using 'UTF-8' encoding to copy filtered resources.
[INFO] Copying 1 resource
[INFO] Copying 1 resource
[INFO] 
[INFO] --- maven-compiler-plugin:3.1:compile (default-compile) @ spring-boot-sample-hibernate52 ---
[INFO] Nothing to compile - all classes are up to date
[INFO] 
[INFO] --- maven-resources-plugin:2.6:testResources (default-testResources) @ spring-boot-sample-hibernate52 ---
[INFO] Using 'UTF-8' encoding to copy filtered resources.
[INFO] Copying 1 resource
[INFO] 
[INFO] --- maven-compiler-plugin:3.1:testCompile (default-testCompile) @ spring-boot-sample-hibernate52 ---
[INFO] Nothing to compile - all classes are up to date
[INFO] 
[INFO] --- maven-surefire-plugin:2.16:test (default-test) @ spring-boot-sample-hibernate52 ---
[INFO] Surefire report directory: /home/guilherme/spring-projects/maven/spring-boot/spring-boot-samples/spring-boot-sample-hibernate52/target/surefire-reports

-------------------------------------------------------
 T E S T S
-------------------------------------------------------
Running sample.hibernate52.service.HotelRepositoryIntegrationTests
Tests run: 1, Failures: 0, Errors: 0, Skipped: 0, Time elapsed: 4.158 sec - in sample.hibernate52.service.HotelRepositoryIntegrationTests
Running sample.hibernate52.SampleHibernate52ApplicationTests
Tests run: 2, Failures: 0, Errors: 0, Skipped: 0, Time elapsed: 1.023 sec - in sample.hibernate52.SampleHibernate52ApplicationTests
Running sample.hibernate52.service.CityRepositoryIntegrationTests
Tests run: 1, Failures: 0, Errors: 0, Skipped: 0, Time elapsed: 0.016 sec - in sample.hibernate52.service.CityRepositoryIntegrationTests

Results :

Tests run: 4, Failures: 0, Errors: 0, Skipped: 0

[INFO] ------------------------------------------------------------------------
[INFO] BUILD SUCCESS
[INFO] ------------------------------------------------------------------------
[INFO] Total time: 7.037 s
[INFO] Finished at: 2017-03-03T10:27:18-03:00
[INFO] Final Memory: 20M/219M
[INFO] ------------------------------------------------------------------------
