[INFO] Scanning for projects...
[INFO]                                                                         
[INFO] ------------------------------------------------------------------------
[INFO] Building spring-oauth2-tests-jdbc 2.0.12.BUILD-SNAPSHOT
[INFO] ------------------------------------------------------------------------
[INFO] 
[INFO] --- maven-resources-plugin:2.6:resources (default-resources) @ spring-oauth2-tests-jdbc ---
[INFO] Using 'UTF-8' encoding to copy filtered resources.
[INFO] Copying 1 resource
[INFO] Copying 1 resource
[INFO] 
[INFO] --- maven-compiler-plugin:3.1:compile (default-compile) @ spring-oauth2-tests-jdbc ---
[INFO] Nothing to compile - all classes are up to date
[INFO] 
[INFO] --- maven-resources-plugin:2.6:testResources (default-testResources) @ spring-oauth2-tests-jdbc ---
[INFO] Using 'UTF-8' encoding to copy filtered resources.
[INFO] Copying 2 resources
[INFO] 
[INFO] --- maven-compiler-plugin:3.1:testCompile (default-testCompile) @ spring-oauth2-tests-jdbc ---
[INFO] Nothing to compile - all classes are up to date
[INFO] 
[INFO] --- maven-surefire-plugin:2.16:test (default-test) @ spring-oauth2-tests-jdbc ---
[INFO] Surefire report directory: /home/guilherme/spring-projects/maven/spring-security-oauth/tests/annotation/jdbc/target/surefire-reports

-------------------------------------------------------
 T E S T S
-------------------------------------------------------
Java HotSpot(TM) 64-Bit Server VM warning: ignoring option MaxPermSize=256m; support was removed in 8.0
Running demo.ApplicationTests
Tests run: 1, Failures: 0, Errors: 0, Skipped: 0, Time elapsed: 5.077 sec - in demo.ApplicationTests
Running demo.AuthorizationCodeProviderTests
Tests run: 13, Failures: 0, Errors: 0, Skipped: 0, Time elapsed: 1.625 sec - in demo.AuthorizationCodeProviderTests
Running demo.ProtectedResourceTests
Tests run: 3, Failures: 0, Errors: 0, Skipped: 0, Time elapsed: 0.028 sec - in demo.ProtectedResourceTests
Running demo.ClientCredentialsProviderTests
Tests run: 3, Failures: 0, Errors: 0, Skipped: 0, Time elapsed: 0.351 sec - in demo.ClientCredentialsProviderTests
Running demo.AdHocTests
Tests run: 1, Failures: 0, Errors: 0, Skipped: 1, Time elapsed: 0 sec - in demo.AdHocTests
Running demo.RefreshTokenSupportTests
Tests run: 1, Failures: 0, Errors: 0, Skipped: 0, Time elapsed: 0.191 sec - in demo.RefreshTokenSupportTests
Running demo.ImplicitProviderTests
Tests run: 1, Failures: 0, Errors: 0, Skipped: 0, Time elapsed: 0.052 sec - in demo.ImplicitProviderTests
Running demo.ResourceOwnerPasswordProviderTests
Tests run: 14, Failures: 0, Errors: 0, Skipped: 0, Time elapsed: 1.164 sec - in demo.ResourceOwnerPasswordProviderTests

Results :

Tests run: 37, Failures: 0, Errors: 0, Skipped: 1

[INFO] ------------------------------------------------------------------------
[INFO] BUILD SUCCESS
[INFO] ------------------------------------------------------------------------
[INFO] Total time: 10.382 s
[INFO] Finished at: 2017-03-03T11:10:24-03:00
[INFO] Final Memory: 18M/217M
[INFO] ------------------------------------------------------------------------
