[INFO] Scanning for projects...
[INFO]                                                                         
[INFO] ------------------------------------------------------------------------
[INFO] Building spring-oauth2-tests-xml-jdbc 2.0.12.BUILD-SNAPSHOT
[INFO] ------------------------------------------------------------------------
[INFO] 
[INFO] --- maven-resources-plugin:2.6:resources (default-resources) @ spring-oauth2-tests-xml-jdbc ---
[INFO] Using 'UTF-8' encoding to copy filtered resources.
[INFO] Copying 1 resource
[INFO] Copying 2 resources
[INFO] 
[INFO] --- maven-compiler-plugin:3.1:compile (default-compile) @ spring-oauth2-tests-xml-jdbc ---
[INFO] Nothing to compile - all classes are up to date
[INFO] 
[INFO] --- maven-resources-plugin:2.6:testResources (default-testResources) @ spring-oauth2-tests-xml-jdbc ---
[INFO] Using 'UTF-8' encoding to copy filtered resources.
[INFO] Copying 1 resource
[INFO] 
[INFO] --- maven-compiler-plugin:3.1:testCompile (default-testCompile) @ spring-oauth2-tests-xml-jdbc ---
[INFO] Nothing to compile - all classes are up to date
[INFO] 
[INFO] --- maven-surefire-plugin:2.16:test (default-test) @ spring-oauth2-tests-xml-jdbc ---
[INFO] Surefire report directory: /home/guilherme/spring-projects/maven/spring-security-oauth/tests/xml/jdbc/target/surefire-reports

-------------------------------------------------------
 T E S T S
-------------------------------------------------------
Java HotSpot(TM) 64-Bit Server VM warning: ignoring option MaxPermSize=256m; support was removed in 8.0
Running demo.ProtectedResourceTests
Tests run: 3, Failures: 0, Errors: 0, Skipped: 0, Time elapsed: 5.073 sec - in demo.ProtectedResourceTests
Running demo.ApplicationTests
Tests run: 1, Failures: 0, Errors: 0, Skipped: 0, Time elapsed: 0.002 sec - in demo.ApplicationTests
Running demo.ResourceOwnerPasswordProviderTests
Tests run: 11, Failures: 0, Errors: 0, Skipped: 0, Time elapsed: 0.678 sec - in demo.ResourceOwnerPasswordProviderTests
Running demo.ImplicitProviderTests
Tests run: 1, Failures: 0, Errors: 0, Skipped: 0, Time elapsed: 0.076 sec - in demo.ImplicitProviderTests
Running demo.AuthorizationCodeProviderTests
Tests run: 12, Failures: 0, Errors: 0, Skipped: 0, Time elapsed: 0.545 sec - in demo.AuthorizationCodeProviderTests
Running demo.RefreshTokenSupportTests
Tests run: 1, Failures: 0, Errors: 0, Skipped: 0, Time elapsed: 0.057 sec - in demo.RefreshTokenSupportTests
Running demo.ClientCredentialsProviderTests
Tests run: 3, Failures: 0, Errors: 0, Skipped: 0, Time elapsed: 0.109 sec - in demo.ClientCredentialsProviderTests
Running demo.AdHocTests
Tests run: 1, Failures: 0, Errors: 0, Skipped: 1, Time elapsed: 0 sec - in demo.AdHocTests

Results :

Tests run: 33, Failures: 0, Errors: 0, Skipped: 1

[INFO] ------------------------------------------------------------------------
[INFO] BUILD SUCCESS
[INFO] ------------------------------------------------------------------------
[INFO] Total time: 8.116 s
[INFO] Finished at: 2017-03-03T11:15:34-03:00
[INFO] Final Memory: 19M/217M
[INFO] ------------------------------------------------------------------------
