[INFO] Scanning for projects...
[INFO] ------------------------------------------------------------------------
[INFO] Reactor Build Order:
[INFO] 
[INFO] Spring Data Cassandra - Examples
[INFO] Spring Data Cassandra - Example Utilities
[INFO] Spring Data Cassandra - Example
[INFO] Spring Data Cassandra - Java 8 specific features
[INFO]                                                                         
[INFO] ------------------------------------------------------------------------
[INFO] Building Spring Data Cassandra - Examples 1.0.0.BUILD-SNAPSHOT
[INFO] ------------------------------------------------------------------------
[INFO]                                                                         
[INFO] ------------------------------------------------------------------------
[INFO] Building Spring Data Cassandra - Example Utilities 1.0.0.BUILD-SNAPSHOT
[INFO] ------------------------------------------------------------------------
[INFO] 
[INFO] --- maven-resources-plugin:2.6:resources (default-resources) @ spring-data-cassandra-example-utils ---
[INFO] Using 'UTF-8' encoding to copy filtered resources.
[INFO] skip non existing resourceDirectory /home/guilherme/spring-projects/maven/spring-data-examples/cassandra/util/src/main/resources
[INFO] skip non existing resourceDirectory /home/guilherme/spring-projects/maven/spring-data-examples/cassandra/util/src/main/resources
[INFO] 
[INFO] --- maven-compiler-plugin:3.1:compile (default-compile) @ spring-data-cassandra-example-utils ---
[INFO] Nothing to compile - all classes are up to date
[INFO] 
[INFO] --- maven-resources-plugin:2.6:testResources (default-testResources) @ spring-data-cassandra-example-utils ---
[INFO] Using 'UTF-8' encoding to copy filtered resources.
[INFO] skip non existing resourceDirectory /home/guilherme/spring-projects/maven/spring-data-examples/cassandra/util/src/test/resources
[INFO] 
[INFO] --- maven-compiler-plugin:3.1:testCompile (default-testCompile) @ spring-data-cassandra-example-utils ---
[INFO] No sources to compile
[INFO] 
[INFO] --- maven-surefire-plugin:2.16:test (default-test) @ spring-data-cassandra-example-utils ---
[INFO] No tests to run.
[INFO]                                                                         
[INFO] ------------------------------------------------------------------------
[INFO] Building Spring Data Cassandra - Example 1.0.0.BUILD-SNAPSHOT
[INFO] ------------------------------------------------------------------------
[INFO] 
[INFO] --- maven-resources-plugin:2.6:resources (default-resources) @ spring-data-cassandra-example ---
[INFO] Using 'UTF-8' encoding to copy filtered resources.
[INFO] skip non existing resourceDirectory /home/guilherme/spring-projects/maven/spring-data-examples/cassandra/example/src/main/resources
[INFO] skip non existing resourceDirectory /home/guilherme/spring-projects/maven/spring-data-examples/cassandra/example/src/main/resources
[INFO] 
[INFO] --- maven-compiler-plugin:3.1:compile (default-compile) @ spring-data-cassandra-example ---
[INFO] Changes detected - recompiling the module!
[INFO] Compiling 15 source files to /home/guilherme/spring-projects/maven/spring-data-examples/cassandra/example/target/classes
[INFO] 
[INFO] --- maven-resources-plugin:2.6:testResources (default-testResources) @ spring-data-cassandra-example ---
[INFO] Using 'UTF-8' encoding to copy filtered resources.
[INFO] skip non existing resourceDirectory /home/guilherme/spring-projects/maven/spring-data-examples/cassandra/example/src/test/resources
[INFO] 
[INFO] --- maven-compiler-plugin:3.1:testCompile (default-testCompile) @ spring-data-cassandra-example ---
[INFO] Nothing to compile - all classes are up to date
[INFO] 
[INFO] --- maven-surefire-plugin:2.16:test (default-test) @ spring-data-cassandra-example ---
[INFO] Surefire report directory: /home/guilherme/spring-projects/maven/spring-data-examples/cassandra/example/target/surefire-reports

-------------------------------------------------------
 T E S T S
-------------------------------------------------------
Running example.springdata.cassandra.projection.CustomerRepositoryIntegrationTest
Tests run: 1, Failures: 0, Errors: 0, Skipped: 1, Time elapsed: 0.254 sec - in example.springdata.cassandra.projection.CustomerRepositoryIntegrationTest
Running example.springdata.cassandra.basic.BasicUserRepositoryTests
Tests run: 1, Failures: 0, Errors: 0, Skipped: 1, Time elapsed: 0.003 sec - in example.springdata.cassandra.basic.BasicUserRepositoryTests
Running example.springdata.cassandra.basic.CassandraOperationsIntegrationTests
Tests run: 1, Failures: 0, Errors: 0, Skipped: 1, Time elapsed: 0.013 sec - in example.springdata.cassandra.basic.CassandraOperationsIntegrationTests
Running example.springdata.cassandra.convert.ConversionIntegrationTests
Tests run: 1, Failures: 0, Errors: 0, Skipped: 1, Time elapsed: 0.001 sec - in example.springdata.cassandra.convert.ConversionIntegrationTests

Results :

Tests run: 4, Failures: 0, Errors: 0, Skipped: 4

[INFO]                                                                         
[INFO] ------------------------------------------------------------------------
[INFO] Building Spring Data Cassandra - Java 8 specific features 1.0.0.BUILD-SNAPSHOT
[INFO] ------------------------------------------------------------------------
[INFO] 
[INFO] --- maven-resources-plugin:2.6:resources (default-resources) @ spring-data-cassandra-java8 ---
[INFO] Using 'UTF-8' encoding to copy filtered resources.
[INFO] skip non existing resourceDirectory /home/guilherme/spring-projects/maven/spring-data-examples/cassandra/java8/src/main/resources
[INFO] skip non existing resourceDirectory /home/guilherme/spring-projects/maven/spring-data-examples/cassandra/java8/src/main/resources
[INFO] 
[INFO] --- maven-compiler-plugin:3.1:compile (default-compile) @ spring-data-cassandra-java8 ---
[INFO] Changes detected - recompiling the module!
[INFO] Compiling 6 source files to /home/guilherme/spring-projects/maven/spring-data-examples/cassandra/java8/target/classes
[INFO] 
[INFO] --- maven-resources-plugin:2.6:testResources (default-testResources) @ spring-data-cassandra-java8 ---
[INFO] Using 'UTF-8' encoding to copy filtered resources.
[INFO] skip non existing resourceDirectory /home/guilherme/spring-projects/maven/spring-data-examples/cassandra/java8/src/test/resources
[INFO] 
[INFO] --- maven-compiler-plugin:3.1:testCompile (default-testCompile) @ spring-data-cassandra-java8 ---
[INFO] Nothing to compile - all classes are up to date
[INFO] 
[INFO] --- maven-surefire-plugin:2.16:test (default-test) @ spring-data-cassandra-java8 ---
[INFO] Surefire report directory: /home/guilherme/spring-projects/maven/spring-data-examples/cassandra/java8/target/surefire-reports

-------------------------------------------------------
 T E S T S
-------------------------------------------------------
Running example.springdata.cassandra.java8.Jsr310IntegrationTests
Tests run: 1, Failures: 0, Errors: 0, Skipped: 1, Time elapsed: 0.213 sec - in example.springdata.cassandra.java8.Jsr310IntegrationTests
Running example.springdata.cassandra.java8.Java8IntegrationTests
Tests run: 1, Failures: 0, Errors: 0, Skipped: 1, Time elapsed: 0.009 sec - in example.springdata.cassandra.java8.Java8IntegrationTests

Results :

Tests run: 2, Failures: 0, Errors: 0, Skipped: 2

[INFO] ------------------------------------------------------------------------
[INFO] Reactor Summary:
[INFO] 
[INFO] Spring Data Cassandra - Examples ................... SUCCESS [  0.002 s]
[INFO] Spring Data Cassandra - Example Utilities .......... SUCCESS [  0.863 s]
[INFO] Spring Data Cassandra - Example .................... SUCCESS [  1.653 s]
[INFO] Spring Data Cassandra - Java 8 specific features ... SUCCESS [  0.654 s]
[INFO] ------------------------------------------------------------------------
[INFO] BUILD SUCCESS
[INFO] ------------------------------------------------------------------------
[INFO] Total time: 3.547 s
[INFO] Finished at: 2017-03-03T10:44:28-03:00
[INFO] Final Memory: 31M/271M
[INFO] ------------------------------------------------------------------------
