[INFO] Scanning for projects...
[INFO] ------------------------------------------------------------------------
[INFO] Reactor Build Order:
[INFO] 
[INFO] Spring Data REST - Examples
[INFO] Spring Data REST - Starbucks Example
[INFO] Spring Data REST - Multi-store example
[INFO] Spring Data REST - Projections Example
[INFO] Spring Data REST - Security Example
[INFO] Spring Data REST - Headers Example
[INFO] Spring Data REST - URI Customizations Example
[INFO]                                                                         
[INFO] ------------------------------------------------------------------------
[INFO] Building Spring Data REST - Examples 1.0.0.BUILD-SNAPSHOT
[INFO] ------------------------------------------------------------------------
[INFO]                                                                         
[INFO] ------------------------------------------------------------------------
[INFO] Building Spring Data REST - Starbucks Example 1.0.0.BUILD-SNAPSHOT
[INFO] ------------------------------------------------------------------------
[INFO] 
[INFO] --- apt-maven-plugin:1.1.3:process (default) @ spring-data-rest-starbucks ---
[INFO] 
[INFO] --- maven-resources-plugin:2.6:resources (default-resources) @ spring-data-rest-starbucks ---
[INFO] Using 'UTF-8' encoding to copy filtered resources.
[INFO] Copying 1 resource
[INFO] Copying 3 resources
[INFO] 
[INFO] --- maven-compiler-plugin:3.1:compile (default-compile) @ spring-data-rest-starbucks ---
[INFO] Changes detected - recompiling the module!
[INFO] Compiling 7 source files to /home/guilherme/spring-projects/maven/spring-data-examples/rest/starbucks/target/classes
[INFO] 
[INFO] --- maven-resources-plugin:2.6:testResources (default-testResources) @ spring-data-rest-starbucks ---
[INFO] Using 'UTF-8' encoding to copy filtered resources.
[INFO] skip non existing resourceDirectory /home/guilherme/spring-projects/maven/spring-data-examples/rest/starbucks/src/test/resources
[INFO] 
[INFO] --- maven-compiler-plugin:3.1:testCompile (default-testCompile) @ spring-data-rest-starbucks ---
[INFO] Nothing to compile - all classes are up to date
[INFO] 
[INFO] --- maven-surefire-plugin:2.16:test (default-test) @ spring-data-rest-starbucks ---
[INFO] Surefire report directory: /home/guilherme/spring-projects/maven/spring-data-examples/rest/starbucks/target/surefire-reports

-------------------------------------------------------
 T E S T S
-------------------------------------------------------
Running example.springdata.rest.stores.StoreRepositoryIntegrationTests
Tests run: 1, Failures: 0, Errors: 0, Skipped: 0, Time elapsed: 8.619 sec - in example.springdata.rest.stores.StoreRepositoryIntegrationTests

Results :

Tests run: 1, Failures: 0, Errors: 0, Skipped: 0

[INFO]                                                                         
[INFO] ------------------------------------------------------------------------
[INFO] Building Spring Data REST - Multi-store example 1.0.0.BUILD-SNAPSHOT
[INFO] ------------------------------------------------------------------------
[INFO] 
[INFO] --- maven-resources-plugin:2.6:resources (default-resources) @ spring-data-rest-multi-store ---
[INFO] Using 'UTF-8' encoding to copy filtered resources.
[INFO] skip non existing resourceDirectory /home/guilherme/spring-projects/maven/spring-data-examples/rest/multi-store/src/main/resources
[INFO] skip non existing resourceDirectory /home/guilherme/spring-projects/maven/spring-data-examples/rest/multi-store/src/main/resources
[INFO] 
[INFO] --- maven-compiler-plugin:3.1:compile (default-compile) @ spring-data-rest-multi-store ---
[INFO] Nothing to compile - all classes are up to date
[INFO] 
[INFO] --- maven-resources-plugin:2.6:testResources (default-testResources) @ spring-data-rest-multi-store ---
[INFO] Using 'UTF-8' encoding to copy filtered resources.
[INFO] skip non existing resourceDirectory /home/guilherme/spring-projects/maven/spring-data-examples/rest/multi-store/src/test/resources
[INFO] 
[INFO] --- maven-compiler-plugin:3.1:testCompile (default-testCompile) @ spring-data-rest-multi-store ---
[INFO] Nothing to compile - all classes are up to date
[INFO] 
[INFO] --- maven-surefire-plugin:2.16:test (default-test) @ spring-data-rest-multi-store ---
[INFO] Surefire report directory: /home/guilherme/spring-projects/maven/spring-data-examples/rest/multi-store/target/surefire-reports

-------------------------------------------------------
 T E S T S
-------------------------------------------------------
Running example.springdata.multistore.ApplicationIntegrationTests
Tests run: 1, Failures: 0, Errors: 0, Skipped: 0, Time elapsed: 6.627 sec - in example.springdata.multistore.ApplicationIntegrationTests

Results :

Tests run: 1, Failures: 0, Errors: 0, Skipped: 0

[INFO]                                                                         
[INFO] ------------------------------------------------------------------------
[INFO] Building Spring Data REST - Projections Example 1.0.0.BUILD-SNAPSHOT
[INFO] ------------------------------------------------------------------------
[INFO] 
[INFO] --- maven-resources-plugin:2.6:resources (default-resources) @ spring-data-rest-projections ---
[INFO] Using 'UTF-8' encoding to copy filtered resources.
[INFO] skip non existing resourceDirectory /home/guilherme/spring-projects/maven/spring-data-examples/rest/projections/src/main/resources
[INFO] skip non existing resourceDirectory /home/guilherme/spring-projects/maven/spring-data-examples/rest/projections/src/main/resources
[INFO] 
[INFO] --- maven-compiler-plugin:3.1:compile (default-compile) @ spring-data-rest-projections ---
[INFO] Nothing to compile - all classes are up to date
[INFO] 
[INFO] --- maven-resources-plugin:2.6:testResources (default-testResources) @ spring-data-rest-projections ---
[INFO] Using 'UTF-8' encoding to copy filtered resources.
[INFO] skip non existing resourceDirectory /home/guilherme/spring-projects/maven/spring-data-examples/rest/projections/src/test/resources
[INFO] 
[INFO] --- maven-compiler-plugin:3.1:testCompile (default-testCompile) @ spring-data-rest-projections ---
[INFO] Nothing to compile - all classes are up to date
[INFO] 
[INFO] --- maven-surefire-plugin:2.16:test (default-test) @ spring-data-rest-projections ---
[INFO] Surefire report directory: /home/guilherme/spring-projects/maven/spring-data-examples/rest/projections/target/surefire-reports

-------------------------------------------------------
 T E S T S
-------------------------------------------------------
Running example.springdata.rest.projections.ApplicationIntegrationTests
Tests run: 1, Failures: 0, Errors: 0, Skipped: 0, Time elapsed: 5.12 sec - in example.springdata.rest.projections.ApplicationIntegrationTests
Running example.springdata.rest.projections.SimpleProjectionTests
Tests run: 2, Failures: 0, Errors: 0, Skipped: 0, Time elapsed: 0.024 sec - in example.springdata.rest.projections.SimpleProjectionTests

Results :

Tests run: 3, Failures: 0, Errors: 0, Skipped: 0

[INFO]                                                                         
[INFO] ------------------------------------------------------------------------
[INFO] Building Spring Data REST - Security Example 1.0.0.BUILD-SNAPSHOT
[INFO] ------------------------------------------------------------------------
[INFO] 
[INFO] --- maven-resources-plugin:2.6:resources (default-resources) @ spring-data-rest-security ---
[INFO] Using 'UTF-8' encoding to copy filtered resources.
[INFO] skip non existing resourceDirectory /home/guilherme/spring-projects/maven/spring-data-examples/rest/security/src/main/resources
[INFO] skip non existing resourceDirectory /home/guilherme/spring-projects/maven/spring-data-examples/rest/security/src/main/resources
[INFO] 
[INFO] --- maven-compiler-plugin:3.1:compile (default-compile) @ spring-data-rest-security ---
[INFO] Nothing to compile - all classes are up to date
[INFO] 
[INFO] --- maven-resources-plugin:2.6:testResources (default-testResources) @ spring-data-rest-security ---
[INFO] Using 'UTF-8' encoding to copy filtered resources.
[INFO] skip non existing resourceDirectory /home/guilherme/spring-projects/maven/spring-data-examples/rest/security/src/test/resources
[INFO] 
[INFO] --- maven-compiler-plugin:3.1:testCompile (default-testCompile) @ spring-data-rest-security ---
[INFO] Nothing to compile - all classes are up to date
[INFO] 
[INFO] --- maven-surefire-plugin:2.16:test (default-test) @ spring-data-rest-security ---
[INFO] Surefire report directory: /home/guilherme/spring-projects/maven/spring-data-examples/rest/security/target/surefire-reports

-------------------------------------------------------
 T E S T S
-------------------------------------------------------
Running example.springdata.rest.security.UrlLevelSecurityTests
Tests run: 4, Failures: 0, Errors: 0, Skipped: 0, Time elapsed: 5.916 sec - in example.springdata.rest.security.UrlLevelSecurityTests
Running example.springdata.rest.security.MethodLevelSecurityTests
Tests run: 3, Failures: 0, Errors: 0, Skipped: 0, Time elapsed: 0.039 sec - in example.springdata.rest.security.MethodLevelSecurityTests

Results :

Tests run: 7, Failures: 0, Errors: 0, Skipped: 0

[INFO]                                                                         
[INFO] ------------------------------------------------------------------------
[INFO] Building Spring Data REST - Headers Example 1.0.0.BUILD-SNAPSHOT
[INFO] ------------------------------------------------------------------------
[INFO] 
[INFO] --- maven-resources-plugin:2.6:resources (default-resources) @ spring-data-rest-headers ---
[INFO] Using 'UTF-8' encoding to copy filtered resources.
[INFO] skip non existing resourceDirectory /home/guilherme/spring-projects/maven/spring-data-examples/rest/headers/src/main/resources
[INFO] skip non existing resourceDirectory /home/guilherme/spring-projects/maven/spring-data-examples/rest/headers/src/main/resources
[INFO] 
[INFO] --- maven-compiler-plugin:3.1:compile (default-compile) @ spring-data-rest-headers ---
[INFO] Nothing to compile - all classes are up to date
[INFO] 
[INFO] --- maven-resources-plugin:2.6:testResources (default-testResources) @ spring-data-rest-headers ---
[INFO] Using 'UTF-8' encoding to copy filtered resources.
[INFO] Copying 1 resource
[INFO] 
[INFO] --- maven-compiler-plugin:3.1:testCompile (default-testCompile) @ spring-data-rest-headers ---
[INFO] Nothing to compile - all classes are up to date
[INFO] 
[INFO] --- maven-surefire-plugin:2.16:test (default-test) @ spring-data-rest-headers ---
[INFO] Surefire report directory: /home/guilherme/spring-projects/maven/spring-data-examples/rest/headers/target/surefire-reports

-------------------------------------------------------
 T E S T S
-------------------------------------------------------
Running example.springdata.rest.headers.WebIntegrationTests
Tests run: 1, Failures: 0, Errors: 0, Skipped: 0, Time elapsed: 5.032 sec - in example.springdata.rest.headers.WebIntegrationTests
Running example.springdata.rest.headers.ApplicationIntegrationTests
Tests run: 1, Failures: 0, Errors: 0, Skipped: 0, Time elapsed: 0.039 sec - in example.springdata.rest.headers.ApplicationIntegrationTests

Results :

Tests run: 2, Failures: 0, Errors: 0, Skipped: 0

[INFO]                                                                         
[INFO] ------------------------------------------------------------------------
[INFO] Building Spring Data REST - URI Customizations Example 1.0.0.BUILD-SNAPSHOT
[INFO] ------------------------------------------------------------------------
[INFO] 
[INFO] --- maven-resources-plugin:2.6:resources (default-resources) @ spring-data-rest-uri-customizations ---
[INFO] Using 'UTF-8' encoding to copy filtered resources.
[INFO] skip non existing resourceDirectory /home/guilherme/spring-projects/maven/spring-data-examples/rest/uri-customization/src/main/resources
[INFO] skip non existing resourceDirectory /home/guilherme/spring-projects/maven/spring-data-examples/rest/uri-customization/src/main/resources
[INFO] 
[INFO] --- maven-compiler-plugin:3.1:compile (default-compile) @ spring-data-rest-uri-customizations ---
[INFO] Nothing to compile - all classes are up to date
[INFO] 
[INFO] --- maven-resources-plugin:2.6:testResources (default-testResources) @ spring-data-rest-uri-customizations ---
[INFO] Using 'UTF-8' encoding to copy filtered resources.
[INFO] Copying 1 resource
[INFO] 
[INFO] --- maven-compiler-plugin:3.1:testCompile (default-testCompile) @ spring-data-rest-uri-customizations ---
[INFO] Nothing to compile - all classes are up to date
[INFO] 
[INFO] --- maven-surefire-plugin:2.16:test (default-test) @ spring-data-rest-uri-customizations ---
[INFO] Surefire report directory: /home/guilherme/spring-projects/maven/spring-data-examples/rest/uri-customization/target/surefire-reports

-------------------------------------------------------
 T E S T S
-------------------------------------------------------
Running example.springdata.rest.uris.WebIntegrationTests
Tests run: 1, Failures: 0, Errors: 0, Skipped: 0, Time elapsed: 3.166 sec - in example.springdata.rest.uris.WebIntegrationTests

Results :

Tests run: 1, Failures: 0, Errors: 0, Skipped: 0

[INFO] ------------------------------------------------------------------------
[INFO] Reactor Summary:
[INFO] 
[INFO] Spring Data REST - Examples ........................ SUCCESS [  0.053 s]
[INFO] Spring Data REST - Starbucks Example ............... SUCCESS [ 11.558 s]
[INFO] Spring Data REST - Multi-store example ............. SUCCESS [  7.219 s]
[INFO] Spring Data REST - Projections Example ............. SUCCESS [  5.412 s]
[INFO] Spring Data REST - Security Example ................ SUCCESS [  6.192 s]
[INFO] Spring Data REST - Headers Example ................. SUCCESS [  5.324 s]
[INFO] Spring Data REST - URI Customizations Example ...... SUCCESS [  3.409 s]
[INFO] ------------------------------------------------------------------------
[INFO] BUILD SUCCESS
[INFO] ------------------------------------------------------------------------
[INFO] Total time: 39.649 s
[INFO] Finished at: 2017-03-03T10:51:38-03:00
[INFO] Final Memory: 37M/283M
[INFO] ------------------------------------------------------------------------
