[INFO] Scanning for projects...
[INFO]                                                                         
[INFO] ------------------------------------------------------------------------
[INFO] Building Spring Boot Loader Tools 2.0.0.BUILD-SNAPSHOT
[INFO] ------------------------------------------------------------------------
[INFO] 
[INFO] --- maven-checkstyle-plugin:2.17:check (checkstyle-validation) @ spring-boot-loader-tools ---
[INFO] Starting audit...
Audit done.
[INFO] 
[INFO] --- maven-enforcer-plugin:1.4:enforce (enforce-rules) @ spring-boot-loader-tools ---
[INFO] 
[INFO] --- maven-dependency-plugin:2.10:copy (include-layout-jar) @ spring-boot-loader-tools ---
[INFO] Configured Artifact: org.springframework.boot:spring-boot-loader:2.0.0.BUILD-SNAPSHOT:jar
[INFO] Copying spring-boot-loader-2.0.0.BUILD-SNAPSHOT.jar to /home/guilherme/spring-projects/maven/spring-boot/spring-boot-tools/spring-boot-loader-tools/target/generated-resources/loader/META-INF/loader/spring-boot-loader.jar
[INFO] 
[INFO] --- build-helper-maven-plugin:1.10:add-resource (add-resources) @ spring-boot-loader-tools ---
[INFO] 
[INFO] --- maven-resources-plugin:2.7:resources (default-resources) @ spring-boot-loader-tools ---
[INFO] Using 'UTF-8' encoding to copy filtered resources.
[INFO] Copying 1 resource
[INFO] Copying 1 resource
[INFO] 
[INFO] --- maven-compiler-plugin:3.1:compile (default-compile) @ spring-boot-loader-tools ---
[INFO] Nothing to compile - all classes are up to date
[INFO] 
[INFO] --- maven-resources-plugin:2.7:testResources (default-testResources) @ spring-boot-loader-tools ---
[INFO] Using 'UTF-8' encoding to copy filtered resources.
[INFO] skip non existing resourceDirectory /home/guilherme/spring-projects/maven/spring-boot/spring-boot-tools/spring-boot-loader-tools/src/test/resources
[INFO] 
[INFO] --- maven-compiler-plugin:3.1:testCompile (default-testCompile) @ spring-boot-loader-tools ---
[INFO] Nothing to compile - all classes are up to date
[INFO] 
[INFO] --- maven-surefire-plugin:2.16:test (default-test) @ spring-boot-loader-tools ---
[INFO] Surefire report directory: /home/guilherme/spring-projects/maven/spring-boot/spring-boot-tools/spring-boot-loader-tools/target/surefire-reports

-------------------------------------------------------
 T E S T S
-------------------------------------------------------
Running org.springframework.boot.loader.tools.DefaultLaunchScriptTests
Tests run: 18, Failures: 0, Errors: 0, Skipped: 0, Time elapsed: 0.178 sec - in org.springframework.boot.loader.tools.DefaultLaunchScriptTests
Running org.springframework.boot.loader.tools.LayoutsTests
Tests run: 6, Failures: 0, Errors: 0, Skipped: 0, Time elapsed: 0.077 sec - in org.springframework.boot.loader.tools.LayoutsTests
Running org.springframework.boot.loader.tools.MainClassFinderTests
Tests run: 11, Failures: 0, Errors: 0, Skipped: 0, Time elapsed: 0.114 sec - in org.springframework.boot.loader.tools.MainClassFinderTests
Running org.springframework.boot.loader.tools.JvmUtilsTests
Tests run: 1, Failures: 0, Errors: 0, Skipped: 0, Time elapsed: 0.002 sec - in org.springframework.boot.loader.tools.JvmUtilsTests
Running org.springframework.boot.loader.tools.FileUtilsTests
Tests run: 5, Failures: 0, Errors: 0, Skipped: 0, Time elapsed: 0.012 sec - in org.springframework.boot.loader.tools.FileUtilsTests
Running org.springframework.boot.loader.tools.RepackagerTests
Tests run: 30, Failures: 0, Errors: 0, Skipped: 0, Time elapsed: 0.439 sec - in org.springframework.boot.loader.tools.RepackagerTests

Results :

Tests run: 71, Failures: 0, Errors: 0, Skipped: 0

[INFO] 
[INFO] --- animal-sniffer-maven-plugin:1.15:check (enforce-java-6) @ spring-boot-loader-tools ---
[INFO] Checking unresolved references to org.codehaus.mojo.signature:java18:1.0
[ERROR] /home/guilherme/spring-projects/maven/spring-boot/spring-boot-tools/spring-boot-loader-tools/src/main/java/org/springframework/boot/loader/tools/Layouts.java:34: Undefined reference: com_atlassian_clover.CloverProfile
[ERROR] /home/guilherme/spring-projects/maven/spring-boot/spring-boot-tools/spring-boot-loader-tools/src/main/java/org/springframework/boot/loader/tools/Layouts.java:34: Undefined reference: void com_atlassian_clover.CloverVersionInfo.An_old_version_of_clover_is_on_your_compilation_classpath___Please_remove___Required_version_is___4_1_2()
[ERROR] /home/guilherme/spring-projects/maven/spring-boot/spring-boot-tools/spring-boot-loader-tools/src/main/java/org/springframework/boot/loader/tools/Layouts.java:34: Undefined reference: long com_atlassian_clover.CloverVersionInfo.getBuildStamp()
[ERROR] /home/guilherme/spring-projects/maven/spring-boot/spring-boot-tools/spring-boot-loader-tools/src/main/java/org/springframework/boot/loader/tools/Layouts.java:34: Undefined reference: void com_atlassian_clover.Clover.l(String)
[ERROR] /home/guilherme/spring-projects/maven/spring-boot/spring-boot-tools/spring-boot-loader-tools/src/main/java/org/springframework/boot/loader/tools/Layouts.java:34: Undefined reference: String com_atlassian_clover.CloverVersionInfo.getReleaseNum()
[ERROR] /home/guilherme/spring-projects/maven/spring-boot/spring-boot-tools/spring-boot-loader-tools/src/main/java/org/springframework/boot/loader/tools/Layouts.java:34: Undefined reference: long com_atlassian_clover.CloverVersionInfo.getBuildStamp()
[ERROR] /home/guilherme/spring-projects/maven/spring-boot/spring-boot-tools/spring-boot-loader-tools/src/main/java/org/springframework/boot/loader/tools/Layouts.java:34: Undefined reference: void com_atlassian_clover.Clover.l(String)
[ERROR] /home/guilherme/spring-projects/maven/spring-boot/spring-boot-tools/spring-boot-loader-tools/src/main/java/org/springframework/boot/loader/tools/Layouts.java:34: Undefined reference: com_atlassian_clover.CoverageRecorder com_atlassian_clover.Clover.getNullRecorder()
[ERROR] /home/guilherme/spring-projects/maven/spring-boot/spring-boot-tools/spring-boot-loader-tools/src/main/java/org/springframework/boot/loader/tools/Layouts.java:34: Undefined reference: com_atlassian_clover.CoverageRecorder com_atlassian_clover.Clover.getNullRecorder()
[ERROR] /home/guilherme/spring-projects/maven/spring-boot/spring-boot-tools/spring-boot-loader-tools/src/main/java/org/springframework/boot/loader/tools/Layouts.java:34: Undefined reference: com_atlassian_clover.CoverageRecorder com_atlassian_clover.Clover.getRecorder(String, long, long, int, com_atlassian_clover.CloverProfile[], String[])
[ERROR] /home/guilherme/spring-projects/maven/spring-boot/spring-boot-tools/spring-boot-loader-tools/src/main/java/org/springframework/boot/loader/tools/Library.java:28: Undefined reference: com_atlassian_clover.CloverProfile
[ERROR] /home/guilherme/spring-projects/maven/spring-boot/spring-boot-tools/spring-boot-loader-tools/src/main/java/org/springframework/boot/loader/tools/Library.java:28: Undefined reference: void com_atlassian_clover.CloverVersionInfo.An_old_version_of_clover_is_on_your_compilation_classpath___Please_remove___Required_version_is___4_1_2()
[ERROR] /home/guilherme/spring-projects/maven/spring-boot/spring-boot-tools/spring-boot-loader-tools/src/main/java/org/springframework/boot/loader/tools/Library.java:28: Undefined reference: long com_atlassian_clover.CloverVersionInfo.getBuildStamp()
[ERROR] /home/guilherme/spring-projects/maven/spring-boot/spring-boot-tools/spring-boot-loader-tools/src/main/java/org/springframework/boot/loader/tools/Library.java:28: Undefined reference: void com_atlassian_clover.Clover.l(String)
[ERROR] /home/guilherme/spring-projects/maven/spring-boot/spring-boot-tools/spring-boot-loader-tools/src/main/java/org/springframework/boot/loader/tools/Library.java:28: Undefined reference: String com_atlassian_clover.CloverVersionInfo.getReleaseNum()
[ERROR] /home/guilherme/spring-projects/maven/spring-boot/spring-boot-tools/spring-boot-loader-tools/src/main/java/org/springframework/boot/loader/tools/Library.java:28: Undefined reference: long com_atlassian_clover.CloverVersionInfo.getBuildStamp()
[ERROR] /home/guilherme/spring-projects/maven/spring-boot/spring-boot-tools/spring-boot-loader-tools/src/main/java/org/springframework/boot/loader/tools/Library.java:28: Undefined reference: void com_atlassian_clover.Clover.l(String)
[ERROR] /home/guilherme/spring-projects/maven/spring-boot/spring-boot-tools/spring-boot-loader-tools/src/main/java/org/springframework/boot/loader/tools/Library.java:28: Undefined reference: com_atlassian_clover.CoverageRecorder com_atlassian_clover.Clover.getNullRecorder()
[ERROR] /home/guilherme/spring-projects/maven/spring-boot/spring-boot-tools/spring-boot-loader-tools/src/main/java/org/springframework/boot/loader/tools/Library.java:28: Undefined reference: com_atlassian_clover.CoverageRecorder com_atlassian_clover.Clover.getNullRecorder()
[ERROR] /home/guilherme/spring-projects/maven/spring-boot/spring-boot-tools/spring-boot-loader-tools/src/main/java/org/springframework/boot/loader/tools/Library.java:28: Undefined reference: com_atlassian_clover.CoverageRecorder com_atlassian_clover.Clover.getRecorder(String, long, long, int, com_atlassian_clover.CloverProfile[], String[])
[ERROR] /home/guilherme/spring-projects/maven/spring-boot/spring-boot-tools/spring-boot-loader-tools/src/main/java/org/springframework/boot/loader/tools/JvmUtils.java:29: Undefined reference: com_atlassian_clover.CloverProfile
[ERROR] /home/guilherme/spring-projects/maven/spring-boot/spring-boot-tools/spring-boot-loader-tools/src/main/java/org/springframework/boot/loader/tools/JvmUtils.java:29: Undefined reference: void com_atlassian_clover.CloverVersionInfo.An_old_version_of_clover_is_on_your_compilation_classpath___Please_remove___Required_version_is___4_1_2()
[ERROR] /home/guilherme/spring-projects/maven/spring-boot/spring-boot-tools/spring-boot-loader-tools/src/main/java/org/springframework/boot/loader/tools/JvmUtils.java:29: Undefined reference: long com_atlassian_clover.CloverVersionInfo.getBuildStamp()
[ERROR] /home/guilherme/spring-projects/maven/spring-boot/spring-boot-tools/spring-boot-loader-tools/src/main/java/org/springframework/boot/loader/tools/JvmUtils.java:29: Undefined reference: void com_atlassian_clover.Clover.l(String)
[ERROR] /home/guilherme/spring-projects/maven/spring-boot/spring-boot-tools/spring-boot-loader-tools/src/main/java/org/springframework/boot/loader/tools/JvmUtils.java:29: Undefined reference: String com_atlassian_clover.CloverVersionInfo.getReleaseNum()
[ERROR] /home/guilherme/spring-projects/maven/spring-boot/spring-boot-tools/spring-boot-loader-tools/src/main/java/org/springframework/boot/loader/tools/JvmUtils.java:29: Undefined reference: long com_atlassian_clover.CloverVersionInfo.getBuildStamp()
[ERROR] /home/guilherme/spring-projects/maven/spring-boot/spring-boot-tools/spring-boot-loader-tools/src/main/java/org/springframework/boot/loader/tools/JvmUtils.java:29: Undefined reference: void com_atlassian_clover.Clover.l(String)
[ERROR] /home/guilherme/spring-projects/maven/spring-boot/spring-boot-tools/spring-boot-loader-tools/src/main/java/org/springframework/boot/loader/tools/JvmUtils.java:29: Undefined reference: com_atlassian_clover.CoverageRecorder com_atlassian_clover.Clover.getNullRecorder()
[ERROR] /home/guilherme/spring-projects/maven/spring-boot/spring-boot-tools/spring-boot-loader-tools/src/main/java/org/springframework/boot/loader/tools/JvmUtils.java:29: Undefined reference: com_atlassian_clover.CoverageRecorder com_atlassian_clover.Clover.getNullRecorder()
[ERROR] /home/guilherme/spring-projects/maven/spring-boot/spring-boot-tools/spring-boot-loader-tools/src/main/java/org/springframework/boot/loader/tools/JvmUtils.java:29: Undefined reference: com_atlassian_clover.CoverageRecorder com_atlassian_clover.Clover.getRecorder(String, long, long, int, com_atlassian_clover.CloverProfile[], String[])
[ERROR] /home/guilherme/spring-projects/maven/spring-boot/spring-boot-tools/spring-boot-loader-tools/src/main/java/org/springframework/boot/loader/tools/FileUtils.java:32: Undefined reference: com_atlassian_clover.CloverProfile
[ERROR] /home/guilherme/spring-projects/maven/spring-boot/spring-boot-tools/spring-boot-loader-tools/src/main/java/org/springframework/boot/loader/tools/FileUtils.java:32: Undefined reference: void com_atlassian_clover.CloverVersionInfo.An_old_version_of_clover_is_on_your_compilation_classpath___Please_remove___Required_version_is___4_1_2()
[ERROR] /home/guilherme/spring-projects/maven/spring-boot/spring-boot-tools/spring-boot-loader-tools/src/main/java/org/springframework/boot/loader/tools/FileUtils.java:32: Undefined reference: long com_atlassian_clover.CloverVersionInfo.getBuildStamp()
[ERROR] /home/guilherme/spring-projects/maven/spring-boot/spring-boot-tools/spring-boot-loader-tools/src/main/java/org/springframework/boot/loader/tools/FileUtils.java:32: Undefined reference: void com_atlassian_clover.Clover.l(String)
[ERROR] /home/guilherme/spring-projects/maven/spring-boot/spring-boot-tools/spring-boot-loader-tools/src/main/java/org/springframework/boot/loader/tools/FileUtils.java:32: Undefined reference: String com_atlassian_clover.CloverVersionInfo.getReleaseNum()
[ERROR] /home/guilherme/spring-projects/maven/spring-boot/spring-boot-tools/spring-boot-loader-tools/src/main/java/org/springframework/boot/loader/tools/FileUtils.java:32: Undefined reference: long com_atlassian_clover.CloverVersionInfo.getBuildStamp()
[ERROR] /home/guilherme/spring-projects/maven/spring-boot/spring-boot-tools/spring-boot-loader-tools/src/main/java/org/springframework/boot/loader/tools/FileUtils.java:32: Undefined reference: void com_atlassian_clover.Clover.l(String)
[ERROR] /home/guilherme/spring-projects/maven/spring-boot/spring-boot-tools/spring-boot-loader-tools/src/main/java/org/springframework/boot/loader/tools/FileUtils.java:32: Undefined reference: com_atlassian_clover.CoverageRecorder com_atlassian_clover.Clover.getNullRecorder()
[ERROR] /home/guilherme/spring-projects/maven/spring-boot/spring-boot-tools/spring-boot-loader-tools/src/main/java/org/springframework/boot/loader/tools/FileUtils.java:32: Undefined reference: com_atlassian_clover.CoverageRecorder com_atlassian_clover.Clover.getNullRecorder()
[ERROR] /home/guilherme/spring-projects/maven/spring-boot/spring-boot-tools/spring-boot-loader-tools/src/main/java/org/springframework/boot/loader/tools/FileUtils.java:32: Undefined reference: com_atlassian_clover.CoverageRecorder com_atlassian_clover.Clover.getRecorder(String, long, long, int, com_atlassian_clover.CloverProfile[], String[])
[ERROR] /home/guilherme/spring-projects/maven/spring-boot/spring-boot-tools/spring-boot-loader-tools/src/main/java/org/springframework/boot/loader/tools/JarWriter.java:52: Undefined reference: com_atlassian_clover.CloverProfile
[ERROR] /home/guilherme/spring-projects/maven/spring-boot/spring-boot-tools/spring-boot-loader-tools/src/main/java/org/springframework/boot/loader/tools/JarWriter.java:52: Undefined reference: void com_atlassian_clover.CloverVersionInfo.An_old_version_of_clover_is_on_your_compilation_classpath___Please_remove___Required_version_is___4_1_2()
[ERROR] /home/guilherme/spring-projects/maven/spring-boot/spring-boot-tools/spring-boot-loader-tools/src/main/java/org/springframework/boot/loader/tools/JarWriter.java:52: Undefined reference: long com_atlassian_clover.CloverVersionInfo.getBuildStamp()
[ERROR] /home/guilherme/spring-projects/maven/spring-boot/spring-boot-tools/spring-boot-loader-tools/src/main/java/org/springframework/boot/loader/tools/JarWriter.java:52: Undefined reference: void com_atlassian_clover.Clover.l(String)
[ERROR] /home/guilherme/spring-projects/maven/spring-boot/spring-boot-tools/spring-boot-loader-tools/src/main/java/org/springframework/boot/loader/tools/JarWriter.java:52: Undefined reference: String com_atlassian_clover.CloverVersionInfo.getReleaseNum()
[ERROR] /home/guilherme/spring-projects/maven/spring-boot/spring-boot-tools/spring-boot-loader-tools/src/main/java/org/springframework/boot/loader/tools/JarWriter.java:52: Undefined reference: long com_atlassian_clover.CloverVersionInfo.getBuildStamp()
[ERROR] /home/guilherme/spring-projects/maven/spring-boot/spring-boot-tools/spring-boot-loader-tools/src/main/java/org/springframework/boot/loader/tools/JarWriter.java:52: Undefined reference: void com_atlassian_clover.Clover.l(String)
[ERROR] /home/guilherme/spring-projects/maven/spring-boot/spring-boot-tools/spring-boot-loader-tools/src/main/java/org/springframework/boot/loader/tools/JarWriter.java:52: Undefined reference: com_atlassian_clover.CoverageRecorder com_atlassian_clover.Clover.getNullRecorder()
[ERROR] /home/guilherme/spring-projects/maven/spring-boot/spring-boot-tools/spring-boot-loader-tools/src/main/java/org/springframework/boot/loader/tools/JarWriter.java:52: Undefined reference: com_atlassian_clover.CoverageRecorder com_atlassian_clover.Clover.getNullRecorder()
[ERROR] /home/guilherme/spring-projects/maven/spring-boot/spring-boot-tools/spring-boot-loader-tools/src/main/java/org/springframework/boot/loader/tools/JarWriter.java:52: Undefined reference: com_atlassian_clover.CoverageRecorder com_atlassian_clover.Clover.getRecorder(String, long, long, int, com_atlassian_clover.CloverProfile[], String[])
[ERROR] /home/guilherme/spring-projects/maven/spring-boot/spring-boot-tools/spring-boot-loader-tools/src/main/java/org/springframework/boot/loader/tools/Layouts.java:34: Undefined reference: void com_atlassian_clover.CoverageRecorder.inc(int)
[ERROR] /home/guilherme/spring-projects/maven/spring-boot/spring-boot-tools/spring-boot-loader-tools/src/main/java/org/springframework/boot/loader/tools/Layouts.java:34: Undefined reference: void com_atlassian_clover.CoverageRecorder.inc(int)
[ERROR] /home/guilherme/spring-projects/maven/spring-boot/spring-boot-tools/spring-boot-loader-tools/src/main/java/org/springframework/boot/loader/tools/Libraries.java:26: Undefined reference: com_atlassian_clover.CloverProfile
[ERROR] /home/guilherme/spring-projects/maven/spring-boot/spring-boot-tools/spring-boot-loader-tools/src/main/java/org/springframework/boot/loader/tools/Libraries.java:26: Undefined reference: void com_atlassian_clover.CloverVersionInfo.An_old_version_of_clover_is_on_your_compilation_classpath___Please_remove___Required_version_is___4_1_2()
[ERROR] /home/guilherme/spring-projects/maven/spring-boot/spring-boot-tools/spring-boot-loader-tools/src/main/java/org/springframework/boot/loader/tools/Libraries.java:26: Undefined reference: long com_atlassian_clover.CloverVersionInfo.getBuildStamp()
[ERROR] /home/guilherme/spring-projects/maven/spring-boot/spring-boot-tools/spring-boot-loader-tools/src/main/java/org/springframework/boot/loader/tools/Libraries.java:26: Undefined reference: void com_atlassian_clover.Clover.l(String)
[ERROR] /home/guilherme/spring-projects/maven/spring-boot/spring-boot-tools/spring-boot-loader-tools/src/main/java/org/springframework/boot/loader/tools/Libraries.java:26: Undefined reference: String com_atlassian_clover.CloverVersionInfo.getReleaseNum()
[ERROR] /home/guilherme/spring-projects/maven/spring-boot/spring-boot-tools/spring-boot-loader-tools/src/main/java/org/springframework/boot/loader/tools/Libraries.java:26: Undefined reference: long com_atlassian_clover.CloverVersionInfo.getBuildStamp()
[ERROR] /home/guilherme/spring-projects/maven/spring-boot/spring-boot-tools/spring-boot-loader-tools/src/main/java/org/springframework/boot/loader/tools/Libraries.java:26: Undefined reference: void com_atlassian_clover.Clover.l(String)
[ERROR] /home/guilherme/spring-projects/maven/spring-boot/spring-boot-tools/spring-boot-loader-tools/src/main/java/org/springframework/boot/loader/tools/Libraries.java:26: Undefined reference: com_atlassian_clover.CoverageRecorder com_atlassian_clover.Clover.getNullRecorder()
[ERROR] /home/guilherme/spring-projects/maven/spring-boot/spring-boot-tools/spring-boot-loader-tools/src/main/java/org/springframework/boot/loader/tools/Libraries.java:26: Undefined reference: com_atlassian_clover.CoverageRecorder com_atlassian_clover.Clover.getNullRecorder()
[ERROR] /home/guilherme/spring-projects/maven/spring-boot/spring-boot-tools/spring-boot-loader-tools/src/main/java/org/springframework/boot/loader/tools/Libraries.java:26: Undefined reference: com_atlassian_clover.CoverageRecorder com_atlassian_clover.Clover.getRecorder(String, long, long, int, com_atlassian_clover.CloverProfile[], String[])
[ERROR] /home/guilherme/spring-projects/maven/spring-boot/spring-boot-tools/spring-boot-loader-tools/src/main/java/org/springframework/boot/loader/tools/Library.java:28: Undefined reference: void com_atlassian_clover.CoverageRecorder.inc(int)
[ERROR] /home/guilherme/spring-projects/maven/spring-boot/spring-boot-tools/spring-boot-loader-tools/src/main/java/org/springframework/boot/loader/tools/Library.java:28: Undefined reference: void com_atlassian_clover.CoverageRecorder.inc(int)
[ERROR] /home/guilherme/spring-projects/maven/spring-boot/spring-boot-tools/spring-boot-loader-tools/src/main/java/org/springframework/boot/loader/tools/JvmUtils.java:29: Undefined reference: void com_atlassian_clover.CoverageRecorder.inc(int)
[ERROR] /home/guilherme/spring-projects/maven/spring-boot/spring-boot-tools/spring-boot-loader-tools/src/main/java/org/springframework/boot/loader/tools/JvmUtils.java:29: Undefined reference: void com_atlassian_clover.CoverageRecorder.inc(int)
[ERROR] /home/guilherme/spring-projects/maven/spring-boot/spring-boot-tools/spring-boot-loader-tools/src/main/java/org/springframework/boot/loader/tools/Repackager.java:41: Undefined reference: com_atlassian_clover.CloverProfile
[ERROR] /home/guilherme/spring-projects/maven/spring-boot/spring-boot-tools/spring-boot-loader-tools/src/main/java/org/springframework/boot/loader/tools/Repackager.java:41: Undefined reference: void com_atlassian_clover.CloverVersionInfo.An_old_version_of_clover_is_on_your_compilation_classpath___Please_remove___Required_version_is___4_1_2()
[ERROR] /home/guilherme/spring-projects/maven/spring-boot/spring-boot-tools/spring-boot-loader-tools/src/main/java/org/springframework/boot/loader/tools/Repackager.java:41: Undefined reference: long com_atlassian_clover.CloverVersionInfo.getBuildStamp()
[ERROR] /home/guilherme/spring-projects/maven/spring-boot/spring-boot-tools/spring-boot-loader-tools/src/main/java/org/springframework/boot/loader/tools/Repackager.java:41: Undefined reference: void com_atlassian_clover.Clover.l(String)
[ERROR] /home/guilherme/spring-projects/maven/spring-boot/spring-boot-tools/spring-boot-loader-tools/src/main/java/org/springframework/boot/loader/tools/Repackager.java:41: Undefined reference: String com_atlassian_clover.CloverVersionInfo.getReleaseNum()
[ERROR] /home/guilherme/spring-projects/maven/spring-boot/spring-boot-tools/spring-boot-loader-tools/src/main/java/org/springframework/boot/loader/tools/Repackager.java:41: Undefined reference: long com_atlassian_clover.CloverVersionInfo.getBuildStamp()
[ERROR] /home/guilherme/spring-projects/maven/spring-boot/spring-boot-tools/spring-boot-loader-tools/src/main/java/org/springframework/boot/loader/tools/Repackager.java:41: Undefined reference: void com_atlassian_clover.Clover.l(String)
[ERROR] /home/guilherme/spring-projects/maven/spring-boot/spring-boot-tools/spring-boot-loader-tools/src/main/java/org/springframework/boot/loader/tools/Repackager.java:41: Undefined reference: com_atlassian_clover.CoverageRecorder com_atlassian_clover.Clover.getNullRecorder()
[ERROR] /home/guilherme/spring-projects/maven/spring-boot/spring-boot-tools/spring-boot-loader-tools/src/main/java/org/springframework/boot/loader/tools/Repackager.java:41: Undefined reference: com_atlassian_clover.CoverageRecorder com_atlassian_clover.Clover.getNullRecorder()
[ERROR] /home/guilherme/spring-projects/maven/spring-boot/spring-boot-tools/spring-boot-loader-tools/src/main/java/org/springframework/boot/loader/tools/Repackager.java:41: Undefined reference: com_atlassian_clover.CoverageRecorder com_atlassian_clover.Clover.getRecorder(String, long, long, int, com_atlassian_clover.CloverProfile[], String[])
[ERROR] /home/guilherme/spring-projects/maven/spring-boot/spring-boot-tools/spring-boot-loader-tools/src/main/java/org/springframework/boot/loader/tools/RunProcess.java:37: Undefined reference: com_atlassian_clover.CloverProfile
[ERROR] /home/guilherme/spring-projects/maven/spring-boot/spring-boot-tools/spring-boot-loader-tools/src/main/java/org/springframework/boot/loader/tools/RunProcess.java:37: Undefined reference: void com_atlassian_clover.CloverVersionInfo.An_old_version_of_clover_is_on_your_compilation_classpath___Please_remove___Required_version_is___4_1_2()
[ERROR] /home/guilherme/spring-projects/maven/spring-boot/spring-boot-tools/spring-boot-loader-tools/src/main/java/org/springframework/boot/loader/tools/RunProcess.java:37: Undefined reference: long com_atlassian_clover.CloverVersionInfo.getBuildStamp()
[ERROR] /home/guilherme/spring-projects/maven/spring-boot/spring-boot-tools/spring-boot-loader-tools/src/main/java/org/springframework/boot/loader/tools/RunProcess.java:37: Undefined reference: void com_atlassian_clover.Clover.l(String)
[ERROR] /home/guilherme/spring-projects/maven/spring-boot/spring-boot-tools/spring-boot-loader-tools/src/main/java/org/springframework/boot/loader/tools/RunProcess.java:37: Undefined reference: String com_atlassian_clover.CloverVersionInfo.getReleaseNum()
[ERROR] /home/guilherme/spring-projects/maven/spring-boot/spring-boot-tools/spring-boot-loader-tools/src/main/java/org/springframework/boot/loader/tools/RunProcess.java:37: Undefined reference: long com_atlassian_clover.CloverVersionInfo.getBuildStamp()
[ERROR] /home/guilherme/spring-projects/maven/spring-boot/spring-boot-tools/spring-boot-loader-tools/src/main/java/org/springframework/boot/loader/tools/RunProcess.java:37: Undefined reference: void com_atlassian_clover.Clover.l(String)
[ERROR] /home/guilherme/spring-projects/maven/spring-boot/spring-boot-tools/spring-boot-loader-tools/src/main/java/org/springframework/boot/loader/tools/RunProcess.java:37: Undefined reference: com_atlassian_clover.CoverageRecorder com_atlassian_clover.Clover.getNullRecorder()
[ERROR] /home/guilherme/spring-projects/maven/spring-boot/spring-boot-tools/spring-boot-loader-tools/src/main/java/org/springframework/boot/loader/tools/RunProcess.java:37: Undefined reference: com_atlassian_clover.CoverageRecorder com_atlassian_clover.Clover.getNullRecorder()
[ERROR] /home/guilherme/spring-projects/maven/spring-boot/spring-boot-tools/spring-boot-loader-tools/src/main/java/org/springframework/boot/loader/tools/RunProcess.java:37: Undefined reference: com_atlassian_clover.CoverageRecorder com_atlassian_clover.Clover.getRecorder(String, long, long, int, com_atlassian_clover.CloverProfile[], String[])
[ERROR] /home/guilherme/spring-projects/maven/spring-boot/spring-boot-tools/spring-boot-loader-tools/src/main/java/org/springframework/boot/loader/tools/AgentAttacher.java:29: Undefined reference: com_atlassian_clover.CloverProfile
[ERROR] /home/guilherme/spring-projects/maven/spring-boot/spring-boot-tools/spring-boot-loader-tools/src/main/java/org/springframework/boot/loader/tools/AgentAttacher.java:29: Undefined reference: void com_atlassian_clover.CloverVersionInfo.An_old_version_of_clover_is_on_your_compilation_classpath___Please_remove___Required_version_is___4_1_2()
[ERROR] /home/guilherme/spring-projects/maven/spring-boot/spring-boot-tools/spring-boot-loader-tools/src/main/java/org/springframework/boot/loader/tools/AgentAttacher.java:29: Undefined reference: long com_atlassian_clover.CloverVersionInfo.getBuildStamp()
[ERROR] /home/guilherme/spring-projects/maven/spring-boot/spring-boot-tools/spring-boot-loader-tools/src/main/java/org/springframework/boot/loader/tools/AgentAttacher.java:29: Undefined reference: void com_atlassian_clover.Clover.l(String)
[ERROR] /home/guilherme/spring-projects/maven/spring-boot/spring-boot-tools/spring-boot-loader-tools/src/main/java/org/springframework/boot/loader/tools/AgentAttacher.java:29: Undefined reference: String com_atlassian_clover.CloverVersionInfo.getReleaseNum()
[ERROR] /home/guilherme/spring-projects/maven/spring-boot/spring-boot-tools/spring-boot-loader-tools/src/main/java/org/springframework/boot/loader/tools/AgentAttacher.java:29: Undefined reference: long com_atlassian_clover.CloverVersionInfo.getBuildStamp()
[ERROR] /home/guilherme/spring-projects/maven/spring-boot/spring-boot-tools/spring-boot-loader-tools/src/main/java/org/springframework/boot/loader/tools/AgentAttacher.java:29: Undefined reference: void com_atlassian_clover.Clover.l(String)
[ERROR] /home/guilherme/spring-projects/maven/spring-boot/spring-boot-tools/spring-boot-loader-tools/src/main/java/org/springframework/boot/loader/tools/AgentAttacher.java:29: Undefined reference: com_atlassian_clover.CoverageRecorder com_atlassian_clover.Clover.getNullRecorder()
[ERROR] /home/guilherme/spring-projects/maven/spring-boot/spring-boot-tools/spring-boot-loader-tools/src/main/java/org/springframework/boot/loader/tools/AgentAttacher.java:29: Undefined reference: com_atlassian_clover.CoverageRecorder com_atlassian_clover.Clover.getNullRecorder()
[ERROR] /home/guilherme/spring-projects/maven/spring-boot/spring-boot-tools/spring-boot-loader-tools/src/main/java/org/springframework/boot/loader/tools/AgentAttacher.java:29: Undefined reference: com_atlassian_clover.CoverageRecorder com_atlassian_clover.Clover.getRecorder(String, long, long, int, com_atlassian_clover.CloverProfile[], String[])
[ERROR] /home/guilherme/spring-projects/maven/spring-boot/spring-boot-tools/spring-boot-loader-tools/src/main/java/org/springframework/boot/loader/tools/FileUtils.java:32: Undefined reference: void com_atlassian_clover.CoverageRecorder.inc(int)
[ERROR] /home/guilherme/spring-projects/maven/spring-boot/spring-boot-tools/spring-boot-loader-tools/src/main/java/org/springframework/boot/loader/tools/FileUtils.java:32: Undefined reference: void com_atlassian_clover.CoverageRecorder.inc(int)
[ERROR] /home/guilherme/spring-projects/maven/spring-boot/spring-boot-tools/spring-boot-loader-tools/src/main/java/org/springframework/boot/loader/tools/JarWriter.java:52: Undefined reference: void com_atlassian_clover.CoverageRecorder.inc(int)
[ERROR] /home/guilherme/spring-projects/maven/spring-boot/spring-boot-tools/spring-boot-loader-tools/src/main/java/org/springframework/boot/loader/tools/JarWriter.java:52: Undefined reference: void com_atlassian_clover.CoverageRecorder.inc(int)
[ERROR] /home/guilherme/spring-projects/maven/spring-boot/spring-boot-tools/spring-boot-loader-tools/src/main/java/org/springframework/boot/loader/tools/Libraries.java:26: Undefined reference: void com_atlassian_clover.CoverageRecorder.inc(int)
[ERROR] /home/guilherme/spring-projects/maven/spring-boot/spring-boot-tools/spring-boot-loader-tools/src/main/java/org/springframework/boot/loader/tools/Libraries.java:26: Undefined reference: void com_atlassian_clover.CoverageRecorder.inc(int)
[ERROR] /home/guilherme/spring-projects/maven/spring-boot/spring-boot-tools/spring-boot-loader-tools/src/main/java/org/springframework/boot/loader/tools/SignalUtils.java:30: Undefined reference: com_atlassian_clover.CloverProfile
[ERROR] /home/guilherme/spring-projects/maven/spring-boot/spring-boot-tools/spring-boot-loader-tools/src/main/java/org/springframework/boot/loader/tools/SignalUtils.java:30: Undefined reference: void com_atlassian_clover.CloverVersionInfo.An_old_version_of_clover_is_on_your_compilation_classpath___Please_remove___Required_version_is___4_1_2()
[ERROR] /home/guilherme/spring-projects/maven/spring-boot/spring-boot-tools/spring-boot-loader-tools/src/main/java/org/springframework/boot/loader/tools/SignalUtils.java:30: Undefined reference: long com_atlassian_clover.CloverVersionInfo.getBuildStamp()
[ERROR] /home/guilherme/spring-projects/maven/spring-boot/spring-boot-tools/spring-boot-loader-tools/src/main/java/org/springframework/boot/loader/tools/SignalUtils.java:30: Undefined reference: void com_atlassian_clover.Clover.l(String)
[ERROR] /home/guilherme/spring-projects/maven/spring-boot/spring-boot-tools/spring-boot-loader-tools/src/main/java/org/springframework/boot/loader/tools/SignalUtils.java:30: Undefined reference: String com_atlassian_clover.CloverVersionInfo.getReleaseNum()
[ERROR] /home/guilherme/spring-projects/maven/spring-boot/spring-boot-tools/spring-boot-loader-tools/src/main/java/org/springframework/boot/loader/tools/SignalUtils.java:30: Undefined reference: long com_atlassian_clover.CloverVersionInfo.getBuildStamp()
[ERROR] /home/guilherme/spring-projects/maven/spring-boot/spring-boot-tools/spring-boot-loader-tools/src/main/java/org/springframework/boot/loader/tools/SignalUtils.java:30: Undefined reference: void com_atlassian_clover.Clover.l(String)
[ERROR] /home/guilherme/spring-projects/maven/spring-boot/spring-boot-tools/spring-boot-loader-tools/src/main/java/org/springframework/boot/loader/tools/SignalUtils.java:30: Undefined reference: com_atlassian_clover.CoverageRecorder com_atlassian_clover.Clover.getNullRecorder()
[ERROR] /home/guilherme/spring-projects/maven/spring-boot/spring-boot-tools/spring-boot-loader-tools/src/main/java/org/springframework/boot/loader/tools/SignalUtils.java:30: Undefined reference: com_atlassian_clover.CoverageRecorder com_atlassian_clover.Clover.getNullRecorder()
[ERROR] /home/guilherme/spring-projects/maven/spring-boot/spring-boot-tools/spring-boot-loader-tools/src/main/java/org/springframework/boot/loader/tools/SignalUtils.java:30: Undefined reference: com_atlassian_clover.CoverageRecorder com_atlassian_clover.Clover.getRecorder(String, long, long, int, com_atlassian_clover.CloverProfile[], String[])
[ERROR] /home/guilherme/spring-projects/maven/spring-boot/spring-boot-tools/spring-boot-loader-tools/src/main/java/org/springframework/boot/loader/tools/LibraryScope.java:26: Undefined reference: com_atlassian_clover.CloverProfile
[ERROR] /home/guilherme/spring-projects/maven/spring-boot/spring-boot-tools/spring-boot-loader-tools/src/main/java/org/springframework/boot/loader/tools/LibraryScope.java:26: Undefined reference: void com_atlassian_clover.CloverVersionInfo.An_old_version_of_clover_is_on_your_compilation_classpath___Please_remove___Required_version_is___4_1_2()
[ERROR] /home/guilherme/spring-projects/maven/spring-boot/spring-boot-tools/spring-boot-loader-tools/src/main/java/org/springframework/boot/loader/tools/LibraryScope.java:26: Undefined reference: long com_atlassian_clover.CloverVersionInfo.getBuildStamp()
[ERROR] /home/guilherme/spring-projects/maven/spring-boot/spring-boot-tools/spring-boot-loader-tools/src/main/java/org/springframework/boot/loader/tools/LibraryScope.java:26: Undefined reference: void com_atlassian_clover.Clover.l(String)
[ERROR] /home/guilherme/spring-projects/maven/spring-boot/spring-boot-tools/spring-boot-loader-tools/src/main/java/org/springframework/boot/loader/tools/LibraryScope.java:26: Undefined reference: String com_atlassian_clover.CloverVersionInfo.getReleaseNum()
[ERROR] /home/guilherme/spring-projects/maven/spring-boot/spring-boot-tools/spring-boot-loader-tools/src/main/java/org/springframework/boot/loader/tools/LibraryScope.java:26: Undefined reference: long com_atlassian_clover.CloverVersionInfo.getBuildStamp()
[ERROR] /home/guilherme/spring-projects/maven/spring-boot/spring-boot-tools/spring-boot-loader-tools/src/main/java/org/springframework/boot/loader/tools/LibraryScope.java:26: Undefined reference: void com_atlassian_clover.Clover.l(String)
[ERROR] /home/guilherme/spring-projects/maven/spring-boot/spring-boot-tools/spring-boot-loader-tools/src/main/java/org/springframework/boot/loader/tools/LibraryScope.java:26: Undefined reference: com_atlassian_clover.CoverageRecorder com_atlassian_clover.Clover.getNullRecorder()
[ERROR] /home/guilherme/spring-projects/maven/spring-boot/spring-boot-tools/spring-boot-loader-tools/src/main/java/org/springframework/boot/loader/tools/LibraryScope.java:26: Undefined reference: com_atlassian_clover.CoverageRecorder com_atlassian_clover.Clover.getNullRecorder()
[ERROR] /home/guilherme/spring-projects/maven/spring-boot/spring-boot-tools/spring-boot-loader-tools/src/main/java/org/springframework/boot/loader/tools/LibraryScope.java:26: Undefined reference: com_atlassian_clover.CoverageRecorder com_atlassian_clover.Clover.getRecorder(String, long, long, int, com_atlassian_clover.CloverProfile[], String[])
[ERROR] /home/guilherme/spring-projects/maven/spring-boot/spring-boot-tools/spring-boot-loader-tools/src/main/java/org/springframework/boot/loader/tools/Repackager.java:41: Undefined reference: void com_atlassian_clover.CoverageRecorder.inc(int)
[ERROR] /home/guilherme/spring-projects/maven/spring-boot/spring-boot-tools/spring-boot-loader-tools/src/main/java/org/springframework/boot/loader/tools/Repackager.java:41: Undefined reference: void com_atlassian_clover.CoverageRecorder.inc(int)
[ERROR] /home/guilherme/spring-projects/maven/spring-boot/spring-boot-tools/spring-boot-loader-tools/src/main/java/org/springframework/boot/loader/tools/RunProcess.java:37: Undefined reference: void com_atlassian_clover.CoverageRecorder.inc(int)
[ERROR] /home/guilherme/spring-projects/maven/spring-boot/spring-boot-tools/spring-boot-loader-tools/src/main/java/org/springframework/boot/loader/tools/RunProcess.java:37: Undefined reference: void com_atlassian_clover.CoverageRecorder.inc(int)
[ERROR] /home/guilherme/spring-projects/maven/spring-boot/spring-boot-tools/spring-boot-loader-tools/src/main/java/org/springframework/boot/loader/tools/AgentAttacher.java:29: Undefined reference: void com_atlassian_clover.CoverageRecorder.inc(int)
[ERROR] /home/guilherme/spring-projects/maven/spring-boot/spring-boot-tools/spring-boot-loader-tools/src/main/java/org/springframework/boot/loader/tools/AgentAttacher.java:29: Undefined reference: void com_atlassian_clover.CoverageRecorder.inc(int)
[ERROR] /home/guilherme/spring-projects/maven/spring-boot/spring-boot-tools/spring-boot-loader-tools/src/main/java/org/springframework/boot/loader/tools/SignalUtils.java:30: Undefined reference: void com_atlassian_clover.CoverageRecorder.inc(int)
[ERROR] /home/guilherme/spring-projects/maven/spring-boot/spring-boot-tools/spring-boot-loader-tools/src/main/java/org/springframework/boot/loader/tools/SignalUtils.java:30: Undefined reference: void com_atlassian_clover.CoverageRecorder.inc(int)
[ERROR] /home/guilherme/spring-projects/maven/spring-boot/spring-boot-tools/spring-boot-loader-tools/src/main/java/org/springframework/boot/loader/tools/JavaExecutable.java:32: Undefined reference: com_atlassian_clover.CloverProfile
[ERROR] /home/guilherme/spring-projects/maven/spring-boot/spring-boot-tools/spring-boot-loader-tools/src/main/java/org/springframework/boot/loader/tools/JavaExecutable.java:32: Undefined reference: void com_atlassian_clover.CloverVersionInfo.An_old_version_of_clover_is_on_your_compilation_classpath___Please_remove___Required_version_is___4_1_2()
[ERROR] /home/guilherme/spring-projects/maven/spring-boot/spring-boot-tools/spring-boot-loader-tools/src/main/java/org/springframework/boot/loader/tools/JavaExecutable.java:32: Undefined reference: long com_atlassian_clover.CloverVersionInfo.getBuildStamp()
[ERROR] /home/guilherme/spring-projects/maven/spring-boot/spring-boot-tools/spring-boot-loader-tools/src/main/java/org/springframework/boot/loader/tools/JavaExecutable.java:32: Undefined reference: void com_atlassian_clover.Clover.l(String)
[ERROR] /home/guilherme/spring-projects/maven/spring-boot/spring-boot-tools/spring-boot-loader-tools/src/main/java/org/springframework/boot/loader/tools/JavaExecutable.java:32: Undefined reference: String com_atlassian_clover.CloverVersionInfo.getReleaseNum()
[ERROR] /home/guilherme/spring-projects/maven/spring-boot/spring-boot-tools/spring-boot-loader-tools/src/main/java/org/springframework/boot/loader/tools/JavaExecutable.java:32: Undefined reference: long com_atlassian_clover.CloverVersionInfo.getBuildStamp()
[ERROR] /home/guilherme/spring-projects/maven/spring-boot/spring-boot-tools/spring-boot-loader-tools/src/main/java/org/springframework/boot/loader/tools/JavaExecutable.java:32: Undefined reference: void com_atlassian_clover.Clover.l(String)
[ERROR] /home/guilherme/spring-projects/maven/spring-boot/spring-boot-tools/spring-boot-loader-tools/src/main/java/org/springframework/boot/loader/tools/JavaExecutable.java:32: Undefined reference: com_atlassian_clover.CoverageRecorder com_atlassian_clover.Clover.getNullRecorder()
[ERROR] /home/guilherme/spring-projects/maven/spring-boot/spring-boot-tools/spring-boot-loader-tools/src/main/java/org/springframework/boot/loader/tools/JavaExecutable.java:32: Undefined reference: com_atlassian_clover.CoverageRecorder com_atlassian_clover.Clover.getNullRecorder()
[ERROR] /home/guilherme/spring-projects/maven/spring-boot/spring-boot-tools/spring-boot-loader-tools/src/main/java/org/springframework/boot/loader/tools/JavaExecutable.java:32: Undefined reference: com_atlassian_clover.CoverageRecorder com_atlassian_clover.Clover.getRecorder(String, long, long, int, com_atlassian_clover.CloverProfile[], String[])
[ERROR] /home/guilherme/spring-projects/maven/spring-boot/spring-boot-tools/spring-boot-loader-tools/src/main/java/org/springframework/boot/loader/tools/LibraryScope.java:26: Undefined reference: void com_atlassian_clover.CoverageRecorder.inc(int)
[ERROR] /home/guilherme/spring-projects/maven/spring-boot/spring-boot-tools/spring-boot-loader-tools/src/main/java/org/springframework/boot/loader/tools/LibraryScope.java:26: Undefined reference: void com_atlassian_clover.CoverageRecorder.inc(int)
[ERROR] /home/guilherme/spring-projects/maven/spring-boot/spring-boot-tools/spring-boot-loader-tools/src/main/java/org/springframework/boot/loader/tools/MainClassFinder.java:50: Undefined reference: com_atlassian_clover.CloverProfile
[ERROR] /home/guilherme/spring-projects/maven/spring-boot/spring-boot-tools/spring-boot-loader-tools/src/main/java/org/springframework/boot/loader/tools/MainClassFinder.java:50: Undefined reference: void com_atlassian_clover.CloverVersionInfo.An_old_version_of_clover_is_on_your_compilation_classpath___Please_remove___Required_version_is___4_1_2()
[ERROR] /home/guilherme/spring-projects/maven/spring-boot/spring-boot-tools/spring-boot-loader-tools/src/main/java/org/springframework/boot/loader/tools/MainClassFinder.java:50: Undefined reference: long com_atlassian_clover.CloverVersionInfo.getBuildStamp()
[ERROR] /home/guilherme/spring-projects/maven/spring-boot/spring-boot-tools/spring-boot-loader-tools/src/main/java/org/springframework/boot/loader/tools/MainClassFinder.java:50: Undefined reference: void com_atlassian_clover.Clover.l(String)
[ERROR] /home/guilherme/spring-projects/maven/spring-boot/spring-boot-tools/spring-boot-loader-tools/src/main/java/org/springframework/boot/loader/tools/MainClassFinder.java:50: Undefined reference: String com_atlassian_clover.CloverVersionInfo.getReleaseNum()
[ERROR] /home/guilherme/spring-projects/maven/spring-boot/spring-boot-tools/spring-boot-loader-tools/src/main/java/org/springframework/boot/loader/tools/MainClassFinder.java:50: Undefined reference: long com_atlassian_clover.CloverVersionInfo.getBuildStamp()
[ERROR] /home/guilherme/spring-projects/maven/spring-boot/spring-boot-tools/spring-boot-loader-tools/src/main/java/org/springframework/boot/loader/tools/MainClassFinder.java:50: Undefined reference: void com_atlassian_clover.Clover.l(String)
[ERROR] /home/guilherme/spring-projects/maven/spring-boot/spring-boot-tools/spring-boot-loader-tools/src/main/java/org/springframework/boot/loader/tools/MainClassFinder.java:50: Undefined reference: com_atlassian_clover.CoverageRecorder com_atlassian_clover.Clover.getNullRecorder()
[ERROR] /home/guilherme/spring-projects/maven/spring-boot/spring-boot-tools/spring-boot-loader-tools/src/main/java/org/springframework/boot/loader/tools/MainClassFinder.java:50: Undefined reference: com_atlassian_clover.CoverageRecorder com_atlassian_clover.Clover.getNullRecorder()
[ERROR] /home/guilherme/spring-projects/maven/spring-boot/spring-boot-tools/spring-boot-loader-tools/src/main/java/org/springframework/boot/loader/tools/MainClassFinder.java:50: Undefined reference: com_atlassian_clover.CoverageRecorder com_atlassian_clover.Clover.getRecorder(String, long, long, int, com_atlassian_clover.CloverProfile[], String[])
[ERROR] /home/guilherme/spring-projects/maven/spring-boot/spring-boot-tools/spring-boot-loader-tools/src/main/java/org/springframework/boot/loader/tools/JavaExecutable.java:32: Undefined reference: void com_atlassian_clover.CoverageRecorder.inc(int)
[ERROR] /home/guilherme/spring-projects/maven/spring-boot/spring-boot-tools/spring-boot-loader-tools/src/main/java/org/springframework/boot/loader/tools/JavaExecutable.java:32: Undefined reference: void com_atlassian_clover.CoverageRecorder.inc(int)
[ERROR] /home/guilherme/spring-projects/maven/spring-boot/spring-boot-tools/spring-boot-loader-tools/src/main/java/org/springframework/boot/loader/tools/MainClassFinder.java:50: Undefined reference: void com_atlassian_clover.CoverageRecorder.inc(int)
[ERROR] /home/guilherme/spring-projects/maven/spring-boot/spring-boot-tools/spring-boot-loader-tools/src/main/java/org/springframework/boot/loader/tools/MainClassFinder.java:50: Undefined reference: void com_atlassian_clover.CoverageRecorder.inc(int)
[ERROR] /home/guilherme/spring-projects/maven/spring-boot/spring-boot-tools/spring-boot-loader-tools/src/main/java/org/springframework/boot/loader/tools/LogbackInitializer.java:32: Undefined reference: com_atlassian_clover.CloverProfile
[ERROR] /home/guilherme/spring-projects/maven/spring-boot/spring-boot-tools/spring-boot-loader-tools/src/main/java/org/springframework/boot/loader/tools/LogbackInitializer.java:32: Undefined reference: void com_atlassian_clover.CloverVersionInfo.An_old_version_of_clover_is_on_your_compilation_classpath___Please_remove___Required_version_is___4_1_2()
[ERROR] /home/guilherme/spring-projects/maven/spring-boot/spring-boot-tools/spring-boot-loader-tools/src/main/java/org/springframework/boot/loader/tools/LogbackInitializer.java:32: Undefined reference: long com_atlassian_clover.CloverVersionInfo.getBuildStamp()
[ERROR] /home/guilherme/spring-projects/maven/spring-boot/spring-boot-tools/spring-boot-loader-tools/src/main/java/org/springframework/boot/loader/tools/LogbackInitializer.java:32: Undefined reference: void com_atlassian_clover.Clover.l(String)
[ERROR] /home/guilherme/spring-projects/maven/spring-boot/spring-boot-tools/spring-boot-loader-tools/src/main/java/org/springframework/boot/loader/tools/LogbackInitializer.java:32: Undefined reference: String com_atlassian_clover.CloverVersionInfo.getReleaseNum()
[ERROR] /home/guilherme/spring-projects/maven/spring-boot/spring-boot-tools/spring-boot-loader-tools/src/main/java/org/springframework/boot/loader/tools/LogbackInitializer.java:32: Undefined reference: long com_atlassian_clover.CloverVersionInfo.getBuildStamp()
[ERROR] /home/guilherme/spring-projects/maven/spring-boot/spring-boot-tools/spring-boot-loader-tools/src/main/java/org/springframework/boot/loader/tools/LogbackInitializer.java:32: Undefined reference: void com_atlassian_clover.Clover.l(String)
[ERROR] /home/guilherme/spring-projects/maven/spring-boot/spring-boot-tools/spring-boot-loader-tools/src/main/java/org/springframework/boot/loader/tools/LogbackInitializer.java:32: Undefined reference: com_atlassian_clover.CoverageRecorder com_atlassian_clover.Clover.getNullRecorder()
[ERROR] /home/guilherme/spring-projects/maven/spring-boot/spring-boot-tools/spring-boot-loader-tools/src/main/java/org/springframework/boot/loader/tools/LogbackInitializer.java:32: Undefined reference: com_atlassian_clover.CoverageRecorder com_atlassian_clover.Clover.getNullRecorder()
[ERROR] /home/guilherme/spring-projects/maven/spring-boot/spring-boot-tools/spring-boot-loader-tools/src/main/java/org/springframework/boot/loader/tools/LogbackInitializer.java:32: Undefined reference: com_atlassian_clover.CoverageRecorder com_atlassian_clover.Clover.getRecorder(String, long, long, int, com_atlassian_clover.CloverProfile[], String[])
[ERROR] /home/guilherme/spring-projects/maven/spring-boot/spring-boot-tools/spring-boot-loader-tools/src/main/java/org/springframework/boot/loader/tools/BuildPropertiesWriter.java:35: Undefined reference: com_atlassian_clover.CloverProfile
[ERROR] /home/guilherme/spring-projects/maven/spring-boot/spring-boot-tools/spring-boot-loader-tools/src/main/java/org/springframework/boot/loader/tools/BuildPropertiesWriter.java:35: Undefined reference: void com_atlassian_clover.CloverVersionInfo.An_old_version_of_clover_is_on_your_compilation_classpath___Please_remove___Required_version_is___4_1_2()
[ERROR] /home/guilherme/spring-projects/maven/spring-boot/spring-boot-tools/spring-boot-loader-tools/src/main/java/org/springframework/boot/loader/tools/BuildPropertiesWriter.java:35: Undefined reference: long com_atlassian_clover.CloverVersionInfo.getBuildStamp()
[ERROR] /home/guilherme/spring-projects/maven/spring-boot/spring-boot-tools/spring-boot-loader-tools/src/main/java/org/springframework/boot/loader/tools/BuildPropertiesWriter.java:35: Undefined reference: void com_atlassian_clover.Clover.l(String)
[ERROR] /home/guilherme/spring-projects/maven/spring-boot/spring-boot-tools/spring-boot-loader-tools/src/main/java/org/springframework/boot/loader/tools/BuildPropertiesWriter.java:35: Undefined reference: String com_atlassian_clover.CloverVersionInfo.getReleaseNum()
[ERROR] /home/guilherme/spring-projects/maven/spring-boot/spring-boot-tools/spring-boot-loader-tools/src/main/java/org/springframework/boot/loader/tools/BuildPropertiesWriter.java:35: Undefined reference: long com_atlassian_clover.CloverVersionInfo.getBuildStamp()
[ERROR] /home/guilherme/spring-projects/maven/spring-boot/spring-boot-tools/spring-boot-loader-tools/src/main/java/org/springframework/boot/loader/tools/BuildPropertiesWriter.java:35: Undefined reference: void com_atlassian_clover.Clover.l(String)
[ERROR] /home/guilherme/spring-projects/maven/spring-boot/spring-boot-tools/spring-boot-loader-tools/src/main/java/org/springframework/boot/loader/tools/BuildPropertiesWriter.java:35: Undefined reference: com_atlassian_clover.CoverageRecorder com_atlassian_clover.Clover.getNullRecorder()
[ERROR] /home/guilherme/spring-projects/maven/spring-boot/spring-boot-tools/spring-boot-loader-tools/src/main/java/org/springframework/boot/loader/tools/BuildPropertiesWriter.java:35: Undefined reference: com_atlassian_clover.CoverageRecorder com_atlassian_clover.Clover.getNullRecorder()
[ERROR] /home/guilherme/spring-projects/maven/spring-boot/spring-boot-tools/spring-boot-loader-tools/src/main/java/org/springframework/boot/loader/tools/BuildPropertiesWriter.java:35: Undefined reference: com_atlassian_clover.CoverageRecorder com_atlassian_clover.Clover.getRecorder(String, long, long, int, com_atlassian_clover.CloverProfile[], String[])
[ERROR] /home/guilherme/spring-projects/maven/spring-boot/spring-boot-tools/spring-boot-loader-tools/src/main/java/org/springframework/boot/loader/tools/DefaultLaunchScript.java:38: Undefined reference: com_atlassian_clover.CloverProfile
[ERROR] /home/guilherme/spring-projects/maven/spring-boot/spring-boot-tools/spring-boot-loader-tools/src/main/java/org/springframework/boot/loader/tools/DefaultLaunchScript.java:38: Undefined reference: void com_atlassian_clover.CloverVersionInfo.An_old_version_of_clover_is_on_your_compilation_classpath___Please_remove___Required_version_is___4_1_2()
[ERROR] /home/guilherme/spring-projects/maven/spring-boot/spring-boot-tools/spring-boot-loader-tools/src/main/java/org/springframework/boot/loader/tools/DefaultLaunchScript.java:38: Undefined reference: long com_atlassian_clover.CloverVersionInfo.getBuildStamp()
[ERROR] /home/guilherme/spring-projects/maven/spring-boot/spring-boot-tools/spring-boot-loader-tools/src/main/java/org/springframework/boot/loader/tools/DefaultLaunchScript.java:38: Undefined reference: void com_atlassian_clover.Clover.l(String)
[ERROR] /home/guilherme/spring-projects/maven/spring-boot/spring-boot-tools/spring-boot-loader-tools/src/main/java/org/springframework/boot/loader/tools/DefaultLaunchScript.java:38: Undefined reference: String com_atlassian_clover.CloverVersionInfo.getReleaseNum()
[ERROR] /home/guilherme/spring-projects/maven/spring-boot/spring-boot-tools/spring-boot-loader-tools/src/main/java/org/springframework/boot/loader/tools/DefaultLaunchScript.java:38: Undefined reference: long com_atlassian_clover.CloverVersionInfo.getBuildStamp()
[ERROR] /home/guilherme/spring-projects/maven/spring-boot/spring-boot-tools/spring-boot-loader-tools/src/main/java/org/springframework/boot/loader/tools/DefaultLaunchScript.java:38: Undefined reference: void com_atlassian_clover.Clover.l(String)
[ERROR] /home/guilherme/spring-projects/maven/spring-boot/spring-boot-tools/spring-boot-loader-tools/src/main/java/org/springframework/boot/loader/tools/DefaultLaunchScript.java:38: Undefined reference: com_atlassian_clover.CoverageRecorder com_atlassian_clover.Clover.getNullRecorder()
[ERROR] /home/guilherme/spring-projects/maven/spring-boot/spring-boot-tools/spring-boot-loader-tools/src/main/java/org/springframework/boot/loader/tools/DefaultLaunchScript.java:38: Undefined reference: com_atlassian_clover.CoverageRecorder com_atlassian_clover.Clover.getNullRecorder()
[ERROR] /home/guilherme/spring-projects/maven/spring-boot/spring-boot-tools/spring-boot-loader-tools/src/main/java/org/springframework/boot/loader/tools/DefaultLaunchScript.java:38: Undefined reference: com_atlassian_clover.CoverageRecorder com_atlassian_clover.Clover.getRecorder(String, long, long, int, com_atlassian_clover.CloverProfile[], String[])
[ERROR] /home/guilherme/spring-projects/maven/spring-boot/spring-boot-tools/spring-boot-loader-tools/src/main/java/org/springframework/boot/loader/tools/LogbackInitializer.java:32: Undefined reference: void com_atlassian_clover.CoverageRecorder.inc(int)
[ERROR] /home/guilherme/spring-projects/maven/spring-boot/spring-boot-tools/spring-boot-loader-tools/src/main/java/org/springframework/boot/loader/tools/LogbackInitializer.java:32: Undefined reference: void com_atlassian_clover.CoverageRecorder.inc(int)
[ERROR] /home/guilherme/spring-projects/maven/spring-boot/spring-boot-tools/spring-boot-loader-tools/src/main/java/org/springframework/boot/loader/tools/BuildPropertiesWriter.java:35: Undefined reference: void com_atlassian_clover.CoverageRecorder.inc(int)
[ERROR] /home/guilherme/spring-projects/maven/spring-boot/spring-boot-tools/spring-boot-loader-tools/src/main/java/org/springframework/boot/loader/tools/BuildPropertiesWriter.java:35: Undefined reference: void com_atlassian_clover.CoverageRecorder.inc(int)
[ERROR] /home/guilherme/spring-projects/maven/spring-boot/spring-boot-tools/spring-boot-loader-tools/src/main/java/org/springframework/boot/loader/tools/DefaultLaunchScript.java:38: Undefined reference: void com_atlassian_clover.CoverageRecorder.inc(int)
[ERROR] /home/guilherme/spring-projects/maven/spring-boot/spring-boot-tools/spring-boot-loader-tools/src/main/java/org/springframework/boot/loader/tools/DefaultLaunchScript.java:38: Undefined reference: void com_atlassian_clover.CoverageRecorder.inc(int)
[INFO] ------------------------------------------------------------------------
[INFO] BUILD FAILURE
[INFO] ------------------------------------------------------------------------
[INFO] Total time: 4.707 s
[INFO] Finished at: 2017-03-03T10:39:27-03:00
[INFO] Final Memory: 26M/353M
[INFO] ------------------------------------------------------------------------
[ERROR] Failed to execute goal org.codehaus.mojo:animal-sniffer-maven-plugin:1.15:check (enforce-java-6) on project spring-boot-loader-tools: Signature errors found. Verify them and ignore them with the proper annotation if needed. -> [Help 1]
[ERROR] 
[ERROR] To see the full stack trace of the errors, re-run Maven with the -e switch.
[ERROR] Re-run Maven using the -X switch to enable full debug logging.
[ERROR] 
[ERROR] For more information about the errors and possible solutions, please read the following articles:
[ERROR] [Help 1] http://cwiki.apache.org/confluence/display/MAVEN/MojoFailureException
