[INFO] Scanning for projects...
[INFO]                                                                         
[INFO] ------------------------------------------------------------------------
[INFO] Building Spring Data MongoDB - Query-by-Example (QBE) 1.0.0.BUILD-SNAPSHOT
[INFO] ------------------------------------------------------------------------
[INFO] 
[INFO] --- maven-resources-plugin:2.6:resources (default-resources) @ spring-data-mongodb-query-by-example ---
[INFO] Using 'UTF-8' encoding to copy filtered resources.
[INFO] skip non existing resourceDirectory /home/guilherme/spring-projects/maven/spring-data-examples/mongodb/query-by-example/src/main/resources
[INFO] skip non existing resourceDirectory /home/guilherme/spring-projects/maven/spring-data-examples/mongodb/query-by-example/src/main/resources
[INFO] 
[INFO] --- maven-compiler-plugin:3.1:compile (default-compile) @ spring-data-mongodb-query-by-example ---
[INFO] Changes detected - recompiling the module!
[INFO] Compiling 8 source files to /home/guilherme/spring-projects/maven/spring-data-examples/mongodb/query-by-example/target/classes
[INFO] 
[INFO] --- maven-resources-plugin:2.6:testResources (default-testResources) @ spring-data-mongodb-query-by-example ---
[INFO] Using 'UTF-8' encoding to copy filtered resources.
[INFO] skip non existing resourceDirectory /home/guilherme/spring-projects/maven/spring-data-examples/mongodb/query-by-example/src/test/resources
[INFO] 
[INFO] --- maven-compiler-plugin:3.1:testCompile (default-testCompile) @ spring-data-mongodb-query-by-example ---
[INFO] Nothing to compile - all classes are up to date
[INFO] 
[INFO] --- maven-surefire-plugin:2.16:test (default-test) @ spring-data-mongodb-query-by-example ---
[INFO] Surefire report directory: /home/guilherme/spring-projects/maven/spring-data-examples/mongodb/query-by-example/target/surefire-reports

-------------------------------------------------------
 T E S T S
-------------------------------------------------------
Running example.springdata.mongodb.querybyexample.ContactRepositoryIntegrationTests
Tests run: 3, Failures: 0, Errors: 0, Skipped: 0, Time elapsed: 2.852 sec - in example.springdata.mongodb.querybyexample.ContactRepositoryIntegrationTests
Running example.springdata.mongodb.querybyexample.UserRepositoryIntegrationTests
Tests run: 7, Failures: 0, Errors: 0, Skipped: 0, Time elapsed: 0.072 sec - in example.springdata.mongodb.querybyexample.UserRepositoryIntegrationTests
Running example.springdata.mongodb.querybyexample.MongoOperationsIntegrationTests
Tests run: 6, Failures: 0, Errors: 0, Skipped: 0, Time elapsed: 0.041 sec - in example.springdata.mongodb.querybyexample.MongoOperationsIntegrationTests

Results :

Tests run: 16, Failures: 0, Errors: 0, Skipped: 0

[INFO] ------------------------------------------------------------------------
[INFO] BUILD SUCCESS
[INFO] ------------------------------------------------------------------------
[INFO] Total time: 5.658 s
[INFO] Finished at: 2017-03-03T10:47:30-03:00
[INFO] Final Memory: 27M/264M
[INFO] ------------------------------------------------------------------------
