[INFO] Scanning for projects...
[INFO]                                                                         
[INFO] ------------------------------------------------------------------------
[INFO] Building spring-oauth2-tests-ssl 2.0.12.BUILD-SNAPSHOT
[INFO] ------------------------------------------------------------------------
[INFO] 
[INFO] --- maven-resources-plugin:2.6:resources (default-resources) @ spring-oauth2-tests-ssl ---
[INFO] Using 'UTF-8' encoding to copy filtered resources.
[INFO] Copying 1 resource
[INFO] Copying 1 resource
[INFO] 
[INFO] --- maven-compiler-plugin:3.1:compile (default-compile) @ spring-oauth2-tests-ssl ---
[INFO] Nothing to compile - all classes are up to date
[INFO] 
[INFO] --- maven-resources-plugin:2.6:testResources (default-testResources) @ spring-oauth2-tests-ssl ---
[INFO] Using 'UTF-8' encoding to copy filtered resources.
[INFO] Copying 1 resource
[INFO] 
[INFO] --- maven-compiler-plugin:3.1:testCompile (default-testCompile) @ spring-oauth2-tests-ssl ---
[INFO] Nothing to compile - all classes are up to date
[INFO] 
[INFO] --- maven-surefire-plugin:2.16:test (default-test) @ spring-oauth2-tests-ssl ---
[INFO] Surefire report directory: /home/guilherme/spring-projects/maven/spring-security-oauth/tests/annotation/ssl/target/surefire-reports

-------------------------------------------------------
 T E S T S
-------------------------------------------------------
Java HotSpot(TM) 64-Bit Server VM warning: ignoring option MaxPermSize=256m; support was removed in 8.0
Running demo.ClientCredentialsProviderTests
Tests run: 3, Failures: 0, Errors: 0, Skipped: 0, Time elapsed: 5.232 sec - in demo.ClientCredentialsProviderTests
Running demo.GlobalMethodSecurityTests
Tests run: 3, Failures: 0, Errors: 0, Skipped: 0, Time elapsed: 1.204 sec - in demo.GlobalMethodSecurityTests
Running demo.ApplicationTests
Tests run: 1, Failures: 0, Errors: 0, Skipped: 0, Time elapsed: 0.003 sec - in demo.ApplicationTests
Running demo.AuthorizationCodeProviderCookieTests
Tests run: 1, Failures: 0, Errors: 0, Skipped: 0, Time elapsed: 0.158 sec - in demo.AuthorizationCodeProviderCookieTests
Running demo.ProtectedResourceTests
Tests run: 3, Failures: 0, Errors: 0, Skipped: 0, Time elapsed: 0.051 sec - in demo.ProtectedResourceTests
Running demo.AuthorizationCodeProviderTests
Tests run: 17, Failures: 0, Errors: 0, Skipped: 0, Time elapsed: 0.913 sec - in demo.AuthorizationCodeProviderTests
Running demo.ResourceOwnerPasswordProviderTests
Tests run: 13, Failures: 0, Errors: 0, Skipped: 0, Time elapsed: 0.45 sec - in demo.ResourceOwnerPasswordProviderTests
Running demo.ImplicitProviderTests
Tests run: 2, Failures: 0, Errors: 0, Skipped: 0, Time elapsed: 0.835 sec - in demo.ImplicitProviderTests
Running demo.RefreshTokenSupportTests
Tests run: 1, Failures: 0, Errors: 0, Skipped: 0, Time elapsed: 0.046 sec - in demo.RefreshTokenSupportTests

Results :

Tests run: 44, Failures: 0, Errors: 0, Skipped: 0

[INFO] ------------------------------------------------------------------------
[INFO] BUILD SUCCESS
[INFO] ------------------------------------------------------------------------
[INFO] Total time: 10.671 s
[INFO] Finished at: 2017-03-03T11:12:47-03:00
[INFO] Final Memory: 18M/212M
[INFO] ------------------------------------------------------------------------
