[INFO] Scanning for projects...
[WARNING] 
[WARNING] Some problems were encountered while building the effective model for org.springframework.security:spring-security-jwt:jar:1.0.6.BUILD-SNAPSHOT
[WARNING] 'build.plugins.plugin.version' for org.apache.maven.plugins:maven-javadoc-plugin is missing. @ line 109, column 12
[WARNING] 
[WARNING] It is highly recommended to fix these problems because they threaten the stability of your build.
[WARNING] 
[WARNING] For this reason, future Maven versions might no longer support building such malformed projects.
[WARNING] 
[INFO]                                                                         
[INFO] ------------------------------------------------------------------------
[INFO] Building Spring Security JWT Library 1.0.6.BUILD-SNAPSHOT
[INFO] ------------------------------------------------------------------------
[INFO] 
[INFO] --- maven-resources-plugin:2.6:resources (default-resources) @ spring-security-jwt ---
[WARNING] Using platform encoding (UTF-8 actually) to copy filtered resources, i.e. build is platform dependent!
[INFO] skip non existing resourceDirectory /home/guilherme/spring-projects/maven/spring-security-oauth/spring-security-jwt/src/main/resources
[INFO] 
[INFO] --- maven-compiler-plugin:2.3.2:compile (default-compile) @ spring-security-jwt ---
[INFO] Nothing to compile - all classes are up to date
[INFO] 
[INFO] --- maven-resources-plugin:2.6:testResources (default-testResources) @ spring-security-jwt ---
[WARNING] Using platform encoding (UTF-8 actually) to copy filtered resources, i.e. build is platform dependent!
[INFO] skip non existing resourceDirectory /home/guilherme/spring-projects/maven/spring-security-oauth/spring-security-jwt/src/test/resources
[INFO] 
[INFO] --- maven-compiler-plugin:2.3.2:testCompile (default-testCompile) @ spring-security-jwt ---
[INFO] Nothing to compile - all classes are up to date
[INFO] 
[INFO] --- maven-surefire-plugin:2.12.4:test (default-test) @ spring-security-jwt ---
[INFO] Surefire report directory: /home/guilherme/spring-projects/maven/spring-security-oauth/spring-security-jwt/target/surefire-reports

-------------------------------------------------------
 T E S T S
-------------------------------------------------------
Running org.springframework.security.jwt.JwtTests
Tests run: 13, Failures: 0, Errors: 0, Skipped: 0, Time elapsed: 0.478 sec
Running org.springframework.security.jwt.RubyJwtIntegrationTests
jruby.home not set or JWT gem not available. JWT ruby integration tests will be skipped(LoadError) no such file to load -- jwt
Tests run: 2, Failures: 0, Errors: 0, Skipped: 2, Time elapsed: 4.668 sec
Running org.springframework.security.jwt.crypto.sign.RsaSigningTests
Tests run: 3, Failures: 0, Errors: 0, Skipped: 0, Time elapsed: 0.058 sec

Results :

Tests run: 18, Failures: 0, Errors: 0, Skipped: 2

[INFO] ------------------------------------------------------------------------
[INFO] BUILD SUCCESS
[INFO] ------------------------------------------------------------------------
[INFO] Total time: 7.648 s
[INFO] Finished at: 2017-03-03T11:09:15-03:00
[INFO] Final Memory: 15M/212M
[INFO] ------------------------------------------------------------------------
