[INFO] Scanning for projects...
[INFO] ------------------------------------------------------------------------
[INFO] Reactor Build Order:
[INFO] 
[INFO] Spring Data MongoDB - Examples
[INFO] Spring Data MongoDB - Aggregation framework
[INFO] Spring Data MongoDB - Example
[INFO] Spring Data MongoDB - Text Search
[INFO] Spring Data MongoDB - Java 8 specific features
[INFO] Spring Data MongoDB - Spring Security Integration
[INFO] Spring Data MongoDB - GeoJson support
[INFO] Spring Data MongoDB - Query-by-Example (QBE)
[INFO]                                                                         
[INFO] ------------------------------------------------------------------------
[INFO] Building Spring Data MongoDB - Examples 1.0.0.BUILD-SNAPSHOT
[INFO] ------------------------------------------------------------------------
[INFO]                                                                         
[INFO] ------------------------------------------------------------------------
[INFO] Building Spring Data MongoDB - Aggregation framework 1.0.0.BUILD-SNAPSHOT
[INFO] ------------------------------------------------------------------------
[INFO] 
[INFO] --- maven-resources-plugin:2.6:resources (default-resources) @ spring-data-mongodb-aggregation ---
[INFO] Using 'UTF-8' encoding to copy filtered resources.
[INFO] skip non existing resourceDirectory /home/guilherme/spring-projects/maven/spring-data-examples/mongodb/aggregation/src/main/resources
[INFO] skip non existing resourceDirectory /home/guilherme/spring-projects/maven/spring-data-examples/mongodb/aggregation/src/main/resources
[INFO] 
[INFO] --- maven-compiler-plugin:3.1:compile (default-compile) @ spring-data-mongodb-aggregation ---
[INFO] Nothing to compile - all classes are up to date
[INFO] 
[INFO] --- maven-resources-plugin:2.6:testResources (default-testResources) @ spring-data-mongodb-aggregation ---
[INFO] Using 'UTF-8' encoding to copy filtered resources.
[INFO] skip non existing resourceDirectory /home/guilherme/spring-projects/maven/spring-data-examples/mongodb/aggregation/src/test/resources
[INFO] 
[INFO] --- maven-compiler-plugin:3.1:testCompile (default-testCompile) @ spring-data-mongodb-aggregation ---
[INFO] Nothing to compile - all classes are up to date
[INFO] 
[INFO] --- maven-surefire-plugin:2.16:test (default-test) @ spring-data-mongodb-aggregation ---
[INFO] Surefire report directory: /home/guilherme/spring-projects/maven/spring-data-examples/mongodb/aggregation/target/surefire-reports

-------------------------------------------------------
 T E S T S
-------------------------------------------------------
Running example.springdata.mongodb.aggregation.OrderRepositoryIntegrationTests
Tests run: 1, Failures: 0, Errors: 0, Skipped: 0, Time elapsed: 2.538 sec - in example.springdata.mongodb.aggregation.OrderRepositoryIntegrationTests

Results :

Tests run: 1, Failures: 0, Errors: 0, Skipped: 0

[INFO]                                                                         
[INFO] ------------------------------------------------------------------------
[INFO] Building Spring Data MongoDB - Example 1.0.0.BUILD-SNAPSHOT
[INFO] ------------------------------------------------------------------------
[INFO] 
[INFO] --- apt-maven-plugin:1.1.3:process (default) @ spring-data-mongodb-example ---
[INFO] 
[INFO] --- maven-resources-plugin:2.6:resources (default-resources) @ spring-data-mongodb-example ---
[INFO] Using 'UTF-8' encoding to copy filtered resources.
[INFO] skip non existing resourceDirectory /home/guilherme/spring-projects/maven/spring-data-examples/mongodb/example/src/main/resources
[INFO] skip non existing resourceDirectory /home/guilherme/spring-projects/maven/spring-data-examples/mongodb/example/src/main/resources
[INFO] 
[INFO] --- maven-compiler-plugin:3.1:compile (default-compile) @ spring-data-mongodb-example ---
[INFO] Changes detected - recompiling the module!
[INFO] Compiling 15 source files to /home/guilherme/spring-projects/maven/spring-data-examples/mongodb/example/target/classes
[INFO] 
[INFO] --- maven-resources-plugin:2.6:testResources (default-testResources) @ spring-data-mongodb-example ---
[INFO] Using 'UTF-8' encoding to copy filtered resources.
[INFO] Copying 1 resource
[INFO] 
[INFO] --- maven-compiler-plugin:3.1:testCompile (default-testCompile) @ spring-data-mongodb-example ---
[INFO] Changes detected - recompiling the module!
[INFO] Compiling 6 source files to /home/guilherme/spring-projects/maven/spring-data-examples/mongodb/example/target/test-classes
[INFO] 
[INFO] --- maven-surefire-plugin:2.16:test (default-test) @ spring-data-mongodb-example ---
[INFO] Surefire report directory: /home/guilherme/spring-projects/maven/spring-data-examples/mongodb/example/target/surefire-reports

-------------------------------------------------------
 T E S T S
-------------------------------------------------------
Running example.springdata.mongodb.projections.CustomerRepositoryIntegrationTest
Tests run: 6, Failures: 0, Errors: 0, Skipped: 0, Time elapsed: 2.781 sec - in example.springdata.mongodb.projections.CustomerRepositoryIntegrationTest
Running example.springdata.mongodb.advanced.ServersideScriptTests
Tests run: 2, Failures: 0, Errors: 0, Skipped: 0, Time elapsed: 1.974 sec - in example.springdata.mongodb.advanced.ServersideScriptTests
Running example.springdata.mongodb.customer.CustomerRepositoryIntegrationTest
Tests run: 3, Failures: 0, Errors: 0, Skipped: 0, Time elapsed: 1.612 sec - in example.springdata.mongodb.customer.CustomerRepositoryIntegrationTest
Running example.springdata.mongodb.advanced.AdvancedIntegrationTests
Tests run: 1, Failures: 0, Errors: 0, Skipped: 0, Time elapsed: 0.025 sec - in example.springdata.mongodb.advanced.AdvancedIntegrationTests

Results :

Tests run: 12, Failures: 0, Errors: 0, Skipped: 0

[INFO]                                                                         
[INFO] ------------------------------------------------------------------------
[INFO] Building Spring Data MongoDB - Text Search 1.0.0.BUILD-SNAPSHOT
[INFO] ------------------------------------------------------------------------
[INFO] 
[INFO] --- maven-resources-plugin:2.6:resources (default-resources) @ spring-data-mongodb-text-search ---
[INFO] Using 'UTF-8' encoding to copy filtered resources.
[INFO] skip non existing resourceDirectory /home/guilherme/spring-projects/maven/spring-data-examples/mongodb/text-search/src/main/resources
[INFO] skip non existing resourceDirectory /home/guilherme/spring-projects/maven/spring-data-examples/mongodb/text-search/src/main/resources
[INFO] 
[INFO] --- maven-compiler-plugin:3.1:compile (default-compile) @ spring-data-mongodb-text-search ---
[INFO] Nothing to compile - all classes are up to date
[INFO] 
[INFO] --- maven-resources-plugin:2.6:testResources (default-testResources) @ spring-data-mongodb-text-search ---
[INFO] Using 'UTF-8' encoding to copy filtered resources.
[INFO] Copying 2 resources
[INFO] 
[INFO] --- maven-compiler-plugin:3.1:testCompile (default-testCompile) @ spring-data-mongodb-text-search ---
[INFO] Nothing to compile - all classes are up to date
[INFO] 
[INFO] --- maven-surefire-plugin:2.16:test (default-test) @ spring-data-mongodb-text-search ---
[INFO] Surefire report directory: /home/guilherme/spring-projects/maven/spring-data-examples/mongodb/text-search/target/surefire-reports

-------------------------------------------------------
 T E S T S
-------------------------------------------------------
Running example.springdata.mongodb.textsearch.TextSearchTemplateTests
Tests run: 2, Failures: 0, Errors: 0, Skipped: 0, Time elapsed: 3.033 sec - in example.springdata.mongodb.textsearch.TextSearchTemplateTests
Running example.springdata.mongodb.textsearch.TextSearchRepositoryTests
Tests run: 4, Failures: 0, Errors: 0, Skipped: 0, Time elapsed: 0.043 sec - in example.springdata.mongodb.textsearch.TextSearchRepositoryTests

Results :

Tests run: 6, Failures: 0, Errors: 0, Skipped: 0

[INFO]                                                                         
[INFO] ------------------------------------------------------------------------
[INFO] Building Spring Data MongoDB - Java 8 specific features 1.0.0.BUILD-SNAPSHOT
[INFO] ------------------------------------------------------------------------
[INFO] 
[INFO] --- maven-resources-plugin:2.6:resources (default-resources) @ spring-data-mongodb-java8 ---
[INFO] Using 'UTF-8' encoding to copy filtered resources.
[INFO] skip non existing resourceDirectory /home/guilherme/spring-projects/maven/spring-data-examples/mongodb/java8/src/main/resources
[INFO] skip non existing resourceDirectory /home/guilherme/spring-projects/maven/spring-data-examples/mongodb/java8/src/main/resources
[INFO] 
[INFO] --- maven-compiler-plugin:3.1:compile (default-compile) @ spring-data-mongodb-java8 ---
[INFO] Nothing to compile - all classes are up to date
[INFO] 
[INFO] --- maven-resources-plugin:2.6:testResources (default-testResources) @ spring-data-mongodb-java8 ---
[INFO] Using 'UTF-8' encoding to copy filtered resources.
[INFO] Copying 1 resource
[INFO] 
[INFO] --- maven-compiler-plugin:3.1:testCompile (default-testCompile) @ spring-data-mongodb-java8 ---
[INFO] Changes detected - recompiling the module!
[INFO] Compiling 2 source files to /home/guilherme/spring-projects/maven/spring-data-examples/mongodb/java8/target/test-classes
[INFO] 
[INFO] --- maven-surefire-plugin:2.16:test (default-test) @ spring-data-mongodb-java8 ---
[INFO] Surefire report directory: /home/guilherme/spring-projects/maven/spring-data-examples/mongodb/java8/target/surefire-reports

-------------------------------------------------------
 T E S T S
-------------------------------------------------------
Running example.springdata.mongodb.people.PersonRepositoryIntegrationTest
Tests run: 2, Failures: 0, Errors: 0, Skipped: 0, Time elapsed: 2.597 sec - in example.springdata.mongodb.people.PersonRepositoryIntegrationTest

Results :

Tests run: 2, Failures: 0, Errors: 0, Skipped: 0

[INFO]                                                                         
[INFO] ------------------------------------------------------------------------
[INFO] Building Spring Data MongoDB - Spring Security Integration 1.0.0.BUILD-SNAPSHOT
[INFO] ------------------------------------------------------------------------
[INFO] 
[INFO] --- maven-resources-plugin:2.6:resources (default-resources) @ spring-data-mongodb-security ---
[INFO] Using 'UTF-8' encoding to copy filtered resources.
[INFO] skip non existing resourceDirectory /home/guilherme/spring-projects/maven/spring-data-examples/mongodb/security/src/main/resources
[INFO] skip non existing resourceDirectory /home/guilherme/spring-projects/maven/spring-data-examples/mongodb/security/src/main/resources
[INFO] 
[INFO] --- maven-compiler-plugin:3.1:compile (default-compile) @ spring-data-mongodb-security ---
[INFO] Nothing to compile - all classes are up to date
[INFO] 
[INFO] --- maven-resources-plugin:2.6:testResources (default-testResources) @ spring-data-mongodb-security ---
[INFO] Using 'UTF-8' encoding to copy filtered resources.
[INFO] Copying 1 resource
[INFO] 
[INFO] --- maven-compiler-plugin:3.1:testCompile (default-testCompile) @ spring-data-mongodb-security ---
[INFO] Nothing to compile - all classes are up to date
[INFO] 
[INFO] --- maven-surefire-plugin:2.16:test (default-test) @ spring-data-mongodb-security ---
[INFO] Surefire report directory: /home/guilherme/spring-projects/maven/spring-data-examples/mongodb/security/target/surefire-reports

-------------------------------------------------------
 T E S T S
-------------------------------------------------------
Running example.springdata.mongodb.security.PersonRepositoryIntegrationTest
Tests run: 2, Failures: 0, Errors: 0, Skipped: 0, Time elapsed: 2.762 sec - in example.springdata.mongodb.security.PersonRepositoryIntegrationTest

Results :

Tests run: 2, Failures: 0, Errors: 0, Skipped: 0

[INFO]                                                                         
[INFO] ------------------------------------------------------------------------
[INFO] Building Spring Data MongoDB - GeoJson support 1.0.0.BUILD-SNAPSHOT
[INFO] ------------------------------------------------------------------------
[INFO] 
[INFO] --- maven-resources-plugin:2.6:resources (default-resources) @ spring-data-mongodb-geojson ---
[INFO] Using 'UTF-8' encoding to copy filtered resources.
[INFO] Copying 0 resource
[INFO] Copying 1 resource
[INFO] 
[INFO] --- maven-compiler-plugin:3.1:compile (default-compile) @ spring-data-mongodb-geojson ---
[INFO] Nothing to compile - all classes are up to date
[INFO] 
[INFO] --- maven-resources-plugin:2.6:testResources (default-testResources) @ spring-data-mongodb-geojson ---
[INFO] Using 'UTF-8' encoding to copy filtered resources.
[INFO] Copying 1 resource
[INFO] 
[INFO] --- maven-compiler-plugin:3.1:testCompile (default-testCompile) @ spring-data-mongodb-geojson ---
[INFO] Nothing to compile - all classes are up to date
[INFO] 
[INFO] --- maven-surefire-plugin:2.16:test (default-test) @ spring-data-mongodb-geojson ---
[INFO] Surefire report directory: /home/guilherme/spring-projects/maven/spring-data-examples/mongodb/geo-json/target/surefire-reports

-------------------------------------------------------
 T E S T S
-------------------------------------------------------
Running example.springdata.mongodb.geojson.StoreRepositoryTests
Tests run: 3, Failures: 0, Errors: 0, Skipped: 0, Time elapsed: 2.947 sec - in example.springdata.mongodb.geojson.StoreRepositoryTests

Results :

Tests run: 3, Failures: 0, Errors: 0, Skipped: 0

[INFO]                                                                         
[INFO] ------------------------------------------------------------------------
[INFO] Building Spring Data MongoDB - Query-by-Example (QBE) 1.0.0.BUILD-SNAPSHOT
[INFO] ------------------------------------------------------------------------
[INFO] 
[INFO] --- maven-resources-plugin:2.6:resources (default-resources) @ spring-data-mongodb-query-by-example ---
[INFO] Using 'UTF-8' encoding to copy filtered resources.
[INFO] skip non existing resourceDirectory /home/guilherme/spring-projects/maven/spring-data-examples/mongodb/query-by-example/src/main/resources
[INFO] skip non existing resourceDirectory /home/guilherme/spring-projects/maven/spring-data-examples/mongodb/query-by-example/src/main/resources
[INFO] 
[INFO] --- maven-compiler-plugin:3.1:compile (default-compile) @ spring-data-mongodb-query-by-example ---
[INFO] Changes detected - recompiling the module!
[INFO] Compiling 8 source files to /home/guilherme/spring-projects/maven/spring-data-examples/mongodb/query-by-example/target/classes
[INFO] 
[INFO] --- maven-resources-plugin:2.6:testResources (default-testResources) @ spring-data-mongodb-query-by-example ---
[INFO] Using 'UTF-8' encoding to copy filtered resources.
[INFO] skip non existing resourceDirectory /home/guilherme/spring-projects/maven/spring-data-examples/mongodb/query-by-example/src/test/resources
[INFO] 
[INFO] --- maven-compiler-plugin:3.1:testCompile (default-testCompile) @ spring-data-mongodb-query-by-example ---
[INFO] Nothing to compile - all classes are up to date
[INFO] 
[INFO] --- maven-surefire-plugin:2.16:test (default-test) @ spring-data-mongodb-query-by-example ---
[INFO] Surefire report directory: /home/guilherme/spring-projects/maven/spring-data-examples/mongodb/query-by-example/target/surefire-reports

-------------------------------------------------------
 T E S T S
-------------------------------------------------------
Running example.springdata.mongodb.querybyexample.UserRepositoryIntegrationTests
Tests run: 7, Failures: 0, Errors: 0, Skipped: 0, Time elapsed: 2.615 sec - in example.springdata.mongodb.querybyexample.UserRepositoryIntegrationTests
Running example.springdata.mongodb.querybyexample.MongoOperationsIntegrationTests
Tests run: 6, Failures: 0, Errors: 0, Skipped: 0, Time elapsed: 0.059 sec - in example.springdata.mongodb.querybyexample.MongoOperationsIntegrationTests
Running example.springdata.mongodb.querybyexample.ContactRepositoryIntegrationTests
Tests run: 3, Failures: 0, Errors: 0, Skipped: 0, Time elapsed: 0.042 sec - in example.springdata.mongodb.querybyexample.ContactRepositoryIntegrationTests

Results :

Tests run: 16, Failures: 0, Errors: 0, Skipped: 0

[INFO] ------------------------------------------------------------------------
[INFO] Reactor Summary:
[INFO] 
[INFO] Spring Data MongoDB - Examples ..................... SUCCESS [  0.002 s]
[INFO] Spring Data MongoDB - Aggregation framework ........ SUCCESS [  3.865 s]
[INFO] Spring Data MongoDB - Example ...................... SUCCESS [  8.793 s]
[INFO] Spring Data MongoDB - Text Search .................. SUCCESS [  3.711 s]
[INFO] Spring Data MongoDB - Java 8 specific features ..... SUCCESS [  3.292 s]
[INFO] Spring Data MongoDB - Spring Security Integration .. SUCCESS [  3.351 s]
[INFO] Spring Data MongoDB - GeoJson support .............. SUCCESS [  3.508 s]
[INFO] Spring Data MongoDB - Query-by-Example (QBE) ....... SUCCESS [  3.847 s]
[INFO] ------------------------------------------------------------------------
[INFO] BUILD SUCCESS
[INFO] ------------------------------------------------------------------------
[INFO] Total time: 30.903 s
[INFO] Finished at: 2017-03-03T10:47:23-03:00
[INFO] Final Memory: 39M/382M
[INFO] ------------------------------------------------------------------------
