[INFO] Scanning for projects...
[INFO] ------------------------------------------------------------------------
[INFO] Reactor Build Order:
[INFO] 
[INFO] Spring Data for Apache Cassandra
[INFO] Spring CQL
[INFO] Spring Data for Apache Cassandra Core
[INFO] Spring Data for Apache Cassandra - Distribution
[INFO]                                                                         
[INFO] ------------------------------------------------------------------------
[INFO] Building Spring Data for Apache Cassandra 1.5.0.BUILD-SNAPSHOT
[INFO] ------------------------------------------------------------------------
[INFO] 
[INFO] --- dependencypath-maven-plugin:1.1.1:set (set-all) @ spring-data-cassandra-parent ---
[INFO] 
[INFO] --- com.springsource.bundlor.maven:1.0.0.RELEASE:bundlor (bundlor) @ spring-data-cassandra-parent ---
[INFO] Ignored project with type = 'pom'
[INFO] 
[INFO] --- build-helper-maven-plugin:1.8:reserve-network-port (reserve-network-port) @ spring-data-cassandra-parent ---
[INFO] Reserved port 37114 for build.cassandra.native_transport_port
[INFO] Reserved port 44563 for build.cassandra.rpc_port
[INFO] Reserved port 46652 for build.cassandra.storage_port
[INFO] Reserved port 33424 for build.cassandra.ssl_storage_port
[INFO]                                                                         
[INFO] ------------------------------------------------------------------------
[INFO] Building Spring CQL 1.5.0.BUILD-SNAPSHOT
[INFO] ------------------------------------------------------------------------
[INFO] 
[INFO] --- dependencypath-maven-plugin:1.1.1:set (set-all) @ spring-cql ---
[INFO] 
[INFO] --- maven-resources-plugin:2.6:resources (default-resources) @ spring-cql ---
[INFO] Using 'UTF-8' encoding to copy filtered resources.
[INFO] Copying 5 resources
[INFO] 
[INFO] --- maven-compiler-plugin:3.3:compile (default-compile) @ spring-cql ---
[INFO] Nothing to compile - all classes are up to date
[INFO] 
[INFO] --- com.springsource.bundlor.maven:1.0.0.RELEASE:bundlor (bundlor) @ spring-cql ---
Manifest written to '/home/guilherme/spring-projects/maven/spring-data-cassandra/spring-cql/target/classes/META-INF/MANIFEST.MF'
[INFO] 
[INFO] --- build-helper-maven-plugin:1.8:reserve-network-port (reserve-network-port) @ spring-cql ---
[INFO] Reserved port 45667 for build.cassandra.native_transport_port
[INFO] Reserved port 43470 for build.cassandra.rpc_port
[INFO] Reserved port 37490 for build.cassandra.storage_port
[INFO] Reserved port 33958 for build.cassandra.ssl_storage_port
[INFO] 
[INFO] --- maven-resources-plugin:2.6:testResources (default-testResources) @ spring-cql ---
[INFO] Using 'UTF-8' encoding to copy filtered resources.
[INFO] Copying 14 resources
[INFO] 
[INFO] --- maven-compiler-plugin:3.3:testCompile (default-testCompile) @ spring-cql ---
[INFO] Nothing to compile - all classes are up to date
[INFO] 
[INFO] --- maven-surefire-plugin:2.16:test (default-test) @ spring-cql ---
[INFO] Surefire report directory: /home/guilherme/spring-projects/maven/spring-data-cassandra/spring-cql/target/surefire-reports
[INFO] parallel='methods', perCoreThreadCount=true, threadCount=10, useUnlimitedThreads=false, threadCountSuites=0, threadCountClasses=0, threadCountMethods=0

-------------------------------------------------------
 T E S T S
-------------------------------------------------------
Running org.springframework.cassandra.core.CachedPreparedStatementCreatorUnitTests
Tests run: 5, Failures: 0, Errors: 0, Skipped: 0, Time elapsed: 0.336 sec - in org.springframework.cassandra.core.CachedPreparedStatementCreatorUnitTests
Running org.springframework.cassandra.config.CassandraCqlSessionFactoryBeanUnitTests
Tests run: 18, Failures: 0, Errors: 0, Skipped: 0, Time elapsed: 0.158 sec - in org.springframework.cassandra.config.CassandraCqlSessionFactoryBeanUnitTests
Running org.springframework.cassandra.config.PoolingOptionsFactoryBeanUnitTests
Tests run: 11, Failures: 0, Errors: 0, Skipped: 0, Time elapsed: 0.023 sec - in org.springframework.cassandra.config.PoolingOptionsFactoryBeanUnitTests
Running org.springframework.cassandra.core.CqlTemplateUnitTests
Tests run: 25, Failures: 0, Errors: 0, Skipped: 0, Time elapsed: 0.096 sec - in org.springframework.cassandra.core.CqlTemplateUnitTests
Running org.springframework.cassandra.support.CassandraAccessorUnitTests
Tests run: 7, Failures: 0, Errors: 0, Skipped: 0, Time elapsed: 0.002 sec - in org.springframework.cassandra.support.CassandraAccessorUnitTests
Running org.springframework.cassandra.config.xml.CassandraCqlClusterParserUnitTests
Tests run: 10, Failures: 0, Errors: 0, Skipped: 0, Time elapsed: 0.053 sec - in org.springframework.cassandra.config.xml.CassandraCqlClusterParserUnitTests
Running org.springframework.cassandra.core.ConsistencyLevelResolverUnitTests
Tests run: 14, Failures: 0, Errors: 0, Skipped: 0, Time elapsed: 0.006 sec - in org.springframework.cassandra.core.ConsistencyLevelResolverUnitTests
Running org.springframework.cassandra.core.WriteOptionsUnitTests
Tests run: 6, Failures: 0, Errors: 0, Skipped: 0, Time elapsed: 0.006 sec - in org.springframework.cassandra.core.WriteOptionsUnitTests
Running org.springframework.cassandra.config.java.AbstractClusterConfigurationUnitTests
Tests run: 20, Failures: 0, Errors: 0, Skipped: 0, Time elapsed: 2.954 sec - in org.springframework.cassandra.config.java.AbstractClusterConfigurationUnitTests
Running org.springframework.cassandra.config.xml.ParsingUtilsUnitTests
Tests run: 10, Failures: 0, Errors: 0, Skipped: 0, Time elapsed: 0.005 sec - in org.springframework.cassandra.config.xml.ParsingUtilsUnitTests
Running org.springframework.cassandra.core.keyspace.OptionUnitTests
Tests run: 5, Failures: 0, Errors: 0, Skipped: 0, Time elapsed: 0.002 sec - in org.springframework.cassandra.core.keyspace.OptionUnitTests
Running org.springframework.cassandra.core.support.EmptyResultSetUnitTests
Tests run: 12, Failures: 0, Errors: 0, Skipped: 0, Time elapsed: 0.005 sec - in org.springframework.cassandra.core.support.EmptyResultSetUnitTests
Running org.springframework.cassandra.core.util.CollectionUtilsUnitTests
Tests run: 9, Failures: 0, Errors: 0, Skipped: 0, Time elapsed: 0.003 sec - in org.springframework.cassandra.core.util.CollectionUtilsUnitTests
Running org.springframework.cassandra.core.cql.CqlIdentifierUnitTests
Tests run: 4, Failures: 0, Errors: 0, Skipped: 0, Time elapsed: 0.003 sec - in org.springframework.cassandra.core.cql.CqlIdentifierUnitTests
Running org.springframework.cassandra.core.QueryOptionsUnitTests
Tests run: 9, Failures: 0, Errors: 0, Skipped: 0, Time elapsed: 0.011 sec - in org.springframework.cassandra.core.QueryOptionsUnitTests
Running org.springframework.cassandra.core.cql.generator.AlterTableCqlGeneratorUnitTests
Tests run: 9, Failures: 0, Errors: 0, Skipped: 0, Time elapsed: 0.026 sec - in org.springframework.cassandra.core.cql.generator.AlterTableCqlGeneratorUnitTests
Running org.springframework.cassandra.config.CassandraCqlClusterFactoryBeanUnitTests
Tests run: 24, Failures: 0, Errors: 0, Skipped: 0, Time elapsed: 0.14 sec - in org.springframework.cassandra.config.CassandraCqlClusterFactoryBeanUnitTests

Results :

Tests run: 198, Failures: 0, Errors: 0, Skipped: 0

[INFO]                                                                         
[INFO] ------------------------------------------------------------------------
[INFO] Building Spring Data for Apache Cassandra Core 1.5.0.BUILD-SNAPSHOT
[INFO] ------------------------------------------------------------------------
[INFO] 
[INFO] --- dependencypath-maven-plugin:1.1.1:set (set-all) @ spring-data-cassandra ---
[INFO] 
[INFO] --- maven-resources-plugin:2.6:resources (default-resources) @ spring-data-cassandra ---
[INFO] Using 'UTF-8' encoding to copy filtered resources.
[INFO] Copying 6 resources
[INFO] 
[INFO] --- maven-compiler-plugin:3.3:compile (default-compile) @ spring-data-cassandra ---
[INFO] Changes detected - recompiling the module!
[INFO] Compiling 101 source files to /home/guilherme/spring-projects/maven/spring-data-cassandra/spring-data-cassandra/target/classes
[INFO] /home/guilherme/spring-projects/maven/spring-data-cassandra/spring-data-cassandra/src/main/java/org/springframework/data/cassandra/convert/CassandraJodaTimeConverters.java: Some input files use or override a deprecated API.
[INFO] /home/guilherme/spring-projects/maven/spring-data-cassandra/spring-data-cassandra/src/main/java/org/springframework/data/cassandra/convert/CassandraJodaTimeConverters.java: Recompile with -Xlint:deprecation for details.
[INFO] /home/guilherme/spring-projects/maven/spring-data-cassandra/spring-data-cassandra/src/main/java/org/springframework/data/cassandra/convert/BasicCassandraRowValueProvider.java: /home/guilherme/spring-projects/maven/spring-data-cassandra/spring-data-cassandra/src/main/java/org/springframework/data/cassandra/convert/BasicCassandraRowValueProvider.java uses unchecked or unsafe operations.
[INFO] /home/guilherme/spring-projects/maven/spring-data-cassandra/spring-data-cassandra/src/main/java/org/springframework/data/cassandra/convert/BasicCassandraRowValueProvider.java: Recompile with -Xlint:unchecked for details.
[INFO] -------------------------------------------------------------
[ERROR] COMPILATION ERROR : 
[INFO] -------------------------------------------------------------
[ERROR] /home/guilherme/spring-projects/maven/spring-data-cassandra/spring-data-cassandra/src/main/java/org/springframework/data/cassandra/repository/support/CassandraRepositoryFactoryBean.java:[36,8] constructor RepositoryFactoryBeanSupport in class org.springframework.data.repository.core.support.RepositoryFactoryBeanSupport<T,S,ID> cannot be applied to given types;
  required: java.lang.Class<? extends T>
  found: no arguments
  reason: actual and formal argument lists differ in length
[INFO] 1 error
[INFO] -------------------------------------------------------------
[INFO] ------------------------------------------------------------------------
[INFO] Reactor Summary:
[INFO] 
[INFO] Spring Data for Apache Cassandra ................... SUCCESS [  0.733 s]
[INFO] Spring CQL ......................................... SUCCESS [  3.527 s]
[INFO] Spring Data for Apache Cassandra Core .............. FAILURE [  2.280 s]
[INFO] Spring Data for Apache Cassandra - Distribution .... SKIPPED
[INFO] ------------------------------------------------------------------------
[INFO] BUILD FAILURE
[INFO] ------------------------------------------------------------------------
[INFO] Total time: 6.836 s
[INFO] Finished at: 2017-03-03T10:42:46-03:00
[INFO] Final Memory: 27M/345M
[INFO] ------------------------------------------------------------------------
[ERROR] Failed to execute goal org.apache.maven.plugins:maven-compiler-plugin:3.3:compile (default-compile) on project spring-data-cassandra: Compilation failure
[ERROR] /home/guilherme/spring-projects/maven/spring-data-cassandra/spring-data-cassandra/src/main/java/org/springframework/data/cassandra/repository/support/CassandraRepositoryFactoryBean.java:[36,8] constructor RepositoryFactoryBeanSupport in class org.springframework.data.repository.core.support.RepositoryFactoryBeanSupport<T,S,ID> cannot be applied to given types;
[ERROR] required: java.lang.Class<? extends T>
[ERROR] found: no arguments
[ERROR] reason: actual and formal argument lists differ in length
[ERROR] -> [Help 1]
[ERROR] 
[ERROR] To see the full stack trace of the errors, re-run Maven with the -e switch.
[ERROR] Re-run Maven using the -X switch to enable full debug logging.
[ERROR] 
[ERROR] For more information about the errors and possible solutions, please read the following articles:
[ERROR] [Help 1] http://cwiki.apache.org/confluence/display/MAVEN/MojoFailureException
[ERROR] 
[ERROR] After correcting the problems, you can resume the build with the command
[ERROR]   mvn <goals> -rf :spring-data-cassandra
