[INFO] Scanning for projects...
[INFO]                                                                         
[INFO] ------------------------------------------------------------------------
[INFO] Building Spring Boot Configuration Processor 2.0.0.BUILD-SNAPSHOT
[INFO] ------------------------------------------------------------------------
[INFO] 
[INFO] --- maven-checkstyle-plugin:2.17:check (checkstyle-validation) @ spring-boot-configuration-processor ---
[INFO] Starting audit...
Audit done.
[INFO] 
[INFO] --- maven-enforcer-plugin:1.4:enforce (enforce-rules) @ spring-boot-configuration-processor ---
[INFO] 
[INFO] --- maven-resources-plugin:2.7:resources (default-resources) @ spring-boot-configuration-processor ---
[INFO] Using 'UTF-8' encoding to copy filtered resources.
[INFO] Copying 1 resource
[INFO] 
[INFO] --- maven-compiler-plugin:3.1:compile (default-compile) @ spring-boot-configuration-processor ---
[INFO] Nothing to compile - all classes are up to date
[INFO] 
[INFO] --- maven-resources-plugin:2.7:testResources (default-testResources) @ spring-boot-configuration-processor ---
[INFO] Using 'UTF-8' encoding to copy filtered resources.
[INFO] Copying 1 resource
[INFO] 
[INFO] --- maven-compiler-plugin:3.1:testCompile (default-testCompile) @ spring-boot-configuration-processor ---
[INFO] Nothing to compile - all classes are up to date
[INFO] 
[INFO] --- maven-surefire-plugin:2.16:test (default-test) @ spring-boot-configuration-processor ---
[INFO] Surefire report directory: /home/guilherme/spring-projects/maven/spring-boot/spring-boot-tools/spring-boot-configuration-processor/target/surefire-reports

-------------------------------------------------------
 T E S T S
-------------------------------------------------------
Running org.springframework.boot.configurationprocessor.ConfigurationMetadataAnnotationProcessorTests
Tests run: 43, Failures: 0, Errors: 0, Skipped: 0, Time elapsed: 2.196 sec - in org.springframework.boot.configurationprocessor.ConfigurationMetadataAnnotationProcessorTests
Running org.springframework.boot.configurationprocessor.metadata.ConfigurationMetadataTests
Tests run: 10, Failures: 0, Errors: 0, Skipped: 0, Time elapsed: 0.001 sec - in org.springframework.boot.configurationprocessor.metadata.ConfigurationMetadataTests
Running org.springframework.boot.configurationprocessor.metadata.JsonMarshallerTests
Tests run: 1, Failures: 0, Errors: 0, Skipped: 0, Time elapsed: 0 sec - in org.springframework.boot.configurationprocessor.metadata.JsonMarshallerTests
Running org.springframework.boot.configurationprocessor.fieldvalues.javac.JavaCompilerFieldValuesProcessorTests
Tests run: 1, Failures: 0, Errors: 0, Skipped: 0, Time elapsed: 0.014 sec - in org.springframework.boot.configurationprocessor.fieldvalues.javac.JavaCompilerFieldValuesProcessorTests

Results :

Tests run: 55, Failures: 0, Errors: 0, Skipped: 0

[INFO] 
[INFO] --- animal-sniffer-maven-plugin:1.15:check (enforce-java-6) @ spring-boot-configuration-processor ---
[INFO] Checking unresolved references to org.codehaus.mojo.signature:java18:1.0
[ERROR] /home/guilherme/spring-projects/maven/spring-boot/spring-boot-tools/spring-boot-configuration-processor/src/main/java/org/springframework/boot/configurationprocessor/metadata/ItemHint.java:37: Undefined reference: com_atlassian_clover.CloverProfile
[ERROR] /home/guilherme/spring-projects/maven/spring-boot/spring-boot-tools/spring-boot-configuration-processor/src/main/java/org/springframework/boot/configurationprocessor/metadata/ItemHint.java:37: Undefined reference: void com_atlassian_clover.CloverVersionInfo.An_old_version_of_clover_is_on_your_compilation_classpath___Please_remove___Required_version_is___4_1_2()
[ERROR] /home/guilherme/spring-projects/maven/spring-boot/spring-boot-tools/spring-boot-configuration-processor/src/main/java/org/springframework/boot/configurationprocessor/metadata/ItemHint.java:37: Undefined reference: long com_atlassian_clover.CloverVersionInfo.getBuildStamp()
[ERROR] /home/guilherme/spring-projects/maven/spring-boot/spring-boot-tools/spring-boot-configuration-processor/src/main/java/org/springframework/boot/configurationprocessor/metadata/ItemHint.java:37: Undefined reference: void com_atlassian_clover.Clover.l(String)
[ERROR] /home/guilherme/spring-projects/maven/spring-boot/spring-boot-tools/spring-boot-configuration-processor/src/main/java/org/springframework/boot/configurationprocessor/metadata/ItemHint.java:37: Undefined reference: String com_atlassian_clover.CloverVersionInfo.getReleaseNum()
[ERROR] /home/guilherme/spring-projects/maven/spring-boot/spring-boot-tools/spring-boot-configuration-processor/src/main/java/org/springframework/boot/configurationprocessor/metadata/ItemHint.java:37: Undefined reference: long com_atlassian_clover.CloverVersionInfo.getBuildStamp()
[ERROR] /home/guilherme/spring-projects/maven/spring-boot/spring-boot-tools/spring-boot-configuration-processor/src/main/java/org/springframework/boot/configurationprocessor/metadata/ItemHint.java:37: Undefined reference: void com_atlassian_clover.Clover.l(String)
[ERROR] /home/guilherme/spring-projects/maven/spring-boot/spring-boot-tools/spring-boot-configuration-processor/src/main/java/org/springframework/boot/configurationprocessor/metadata/ItemHint.java:37: Undefined reference: com_atlassian_clover.CoverageRecorder com_atlassian_clover.Clover.getNullRecorder()
[ERROR] /home/guilherme/spring-projects/maven/spring-boot/spring-boot-tools/spring-boot-configuration-processor/src/main/java/org/springframework/boot/configurationprocessor/metadata/ItemHint.java:37: Undefined reference: com_atlassian_clover.CoverageRecorder com_atlassian_clover.Clover.getNullRecorder()
[ERROR] /home/guilherme/spring-projects/maven/spring-boot/spring-boot-tools/spring-boot-configuration-processor/src/main/java/org/springframework/boot/configurationprocessor/metadata/ItemHint.java:37: Undefined reference: com_atlassian_clover.CoverageRecorder com_atlassian_clover.Clover.getRecorder(String, long, long, int, com_atlassian_clover.CloverProfile[], String[])
[ERROR] /home/guilherme/spring-projects/maven/spring-boot/spring-boot-tools/spring-boot-configuration-processor/src/main/java/org/springframework/boot/configurationprocessor/metadata/ItemHint.java:37: Undefined reference: void com_atlassian_clover.CoverageRecorder.inc(int)
[ERROR] /home/guilherme/spring-projects/maven/spring-boot/spring-boot-tools/spring-boot-configuration-processor/src/main/java/org/springframework/boot/configurationprocessor/metadata/ItemHint.java:37: Undefined reference: void com_atlassian_clover.CoverageRecorder.inc(int)
[ERROR] /home/guilherme/spring-projects/maven/spring-boot/spring-boot-tools/spring-boot-configuration-processor/src/main/java/org/springframework/boot/configurationprocessor/metadata/ItemMetadata.java:27: Undefined reference: com_atlassian_clover.CloverProfile
[ERROR] /home/guilherme/spring-projects/maven/spring-boot/spring-boot-tools/spring-boot-configuration-processor/src/main/java/org/springframework/boot/configurationprocessor/metadata/ItemMetadata.java:27: Undefined reference: void com_atlassian_clover.CloverVersionInfo.An_old_version_of_clover_is_on_your_compilation_classpath___Please_remove___Required_version_is___4_1_2()
[ERROR] /home/guilherme/spring-projects/maven/spring-boot/spring-boot-tools/spring-boot-configuration-processor/src/main/java/org/springframework/boot/configurationprocessor/metadata/ItemMetadata.java:27: Undefined reference: long com_atlassian_clover.CloverVersionInfo.getBuildStamp()
[ERROR] /home/guilherme/spring-projects/maven/spring-boot/spring-boot-tools/spring-boot-configuration-processor/src/main/java/org/springframework/boot/configurationprocessor/metadata/ItemMetadata.java:27: Undefined reference: void com_atlassian_clover.Clover.l(String)
[ERROR] /home/guilherme/spring-projects/maven/spring-boot/spring-boot-tools/spring-boot-configuration-processor/src/main/java/org/springframework/boot/configurationprocessor/metadata/ItemMetadata.java:27: Undefined reference: String com_atlassian_clover.CloverVersionInfo.getReleaseNum()
[ERROR] /home/guilherme/spring-projects/maven/spring-boot/spring-boot-tools/spring-boot-configuration-processor/src/main/java/org/springframework/boot/configurationprocessor/metadata/ItemMetadata.java:27: Undefined reference: long com_atlassian_clover.CloverVersionInfo.getBuildStamp()
[ERROR] /home/guilherme/spring-projects/maven/spring-boot/spring-boot-tools/spring-boot-configuration-processor/src/main/java/org/springframework/boot/configurationprocessor/metadata/ItemMetadata.java:27: Undefined reference: void com_atlassian_clover.Clover.l(String)
[ERROR] /home/guilherme/spring-projects/maven/spring-boot/spring-boot-tools/spring-boot-configuration-processor/src/main/java/org/springframework/boot/configurationprocessor/metadata/ItemMetadata.java:27: Undefined reference: com_atlassian_clover.CoverageRecorder com_atlassian_clover.Clover.getNullRecorder()
[ERROR] /home/guilherme/spring-projects/maven/spring-boot/spring-boot-tools/spring-boot-configuration-processor/src/main/java/org/springframework/boot/configurationprocessor/metadata/ItemMetadata.java:27: Undefined reference: com_atlassian_clover.CoverageRecorder com_atlassian_clover.Clover.getNullRecorder()
[ERROR] /home/guilherme/spring-projects/maven/spring-boot/spring-boot-tools/spring-boot-configuration-processor/src/main/java/org/springframework/boot/configurationprocessor/metadata/ItemMetadata.java:27: Undefined reference: com_atlassian_clover.CoverageRecorder com_atlassian_clover.Clover.getRecorder(String, long, long, int, com_atlassian_clover.CloverProfile[], String[])
[ERROR] /home/guilherme/spring-projects/maven/spring-boot/spring-boot-tools/spring-boot-configuration-processor/src/main/java/org/springframework/boot/configurationprocessor/metadata/ItemMetadata.java:27: Undefined reference: void com_atlassian_clover.CoverageRecorder.inc(int)
[ERROR] /home/guilherme/spring-projects/maven/spring-boot/spring-boot-tools/spring-boot-configuration-processor/src/main/java/org/springframework/boot/configurationprocessor/metadata/ItemMetadata.java:27: Undefined reference: void com_atlassian_clover.CoverageRecorder.inc(int)
[ERROR] /home/guilherme/spring-projects/maven/spring-boot/spring-boot-tools/spring-boot-configuration-processor/src/main/java/org/springframework/boot/configurationprocessor/metadata/JsonMarshaller.java:46: Undefined reference: com_atlassian_clover.CloverProfile
[ERROR] /home/guilherme/spring-projects/maven/spring-boot/spring-boot-tools/spring-boot-configuration-processor/src/main/java/org/springframework/boot/configurationprocessor/metadata/JsonMarshaller.java:46: Undefined reference: void com_atlassian_clover.CloverVersionInfo.An_old_version_of_clover_is_on_your_compilation_classpath___Please_remove___Required_version_is___4_1_2()
[ERROR] /home/guilherme/spring-projects/maven/spring-boot/spring-boot-tools/spring-boot-configuration-processor/src/main/java/org/springframework/boot/configurationprocessor/metadata/JsonMarshaller.java:46: Undefined reference: long com_atlassian_clover.CloverVersionInfo.getBuildStamp()
[ERROR] /home/guilherme/spring-projects/maven/spring-boot/spring-boot-tools/spring-boot-configuration-processor/src/main/java/org/springframework/boot/configurationprocessor/metadata/JsonMarshaller.java:46: Undefined reference: void com_atlassian_clover.Clover.l(String)
[ERROR] /home/guilherme/spring-projects/maven/spring-boot/spring-boot-tools/spring-boot-configuration-processor/src/main/java/org/springframework/boot/configurationprocessor/metadata/JsonMarshaller.java:46: Undefined reference: String com_atlassian_clover.CloverVersionInfo.getReleaseNum()
[ERROR] /home/guilherme/spring-projects/maven/spring-boot/spring-boot-tools/spring-boot-configuration-processor/src/main/java/org/springframework/boot/configurationprocessor/metadata/JsonMarshaller.java:46: Undefined reference: long com_atlassian_clover.CloverVersionInfo.getBuildStamp()
[ERROR] /home/guilherme/spring-projects/maven/spring-boot/spring-boot-tools/spring-boot-configuration-processor/src/main/java/org/springframework/boot/configurationprocessor/metadata/JsonMarshaller.java:46: Undefined reference: void com_atlassian_clover.Clover.l(String)
[ERROR] /home/guilherme/spring-projects/maven/spring-boot/spring-boot-tools/spring-boot-configuration-processor/src/main/java/org/springframework/boot/configurationprocessor/metadata/JsonMarshaller.java:46: Undefined reference: com_atlassian_clover.CoverageRecorder com_atlassian_clover.Clover.getNullRecorder()
[ERROR] /home/guilherme/spring-projects/maven/spring-boot/spring-boot-tools/spring-boot-configuration-processor/src/main/java/org/springframework/boot/configurationprocessor/metadata/JsonMarshaller.java:46: Undefined reference: com_atlassian_clover.CoverageRecorder com_atlassian_clover.Clover.getNullRecorder()
[ERROR] /home/guilherme/spring-projects/maven/spring-boot/spring-boot-tools/spring-boot-configuration-processor/src/main/java/org/springframework/boot/configurationprocessor/metadata/JsonMarshaller.java:46: Undefined reference: com_atlassian_clover.CoverageRecorder com_atlassian_clover.Clover.getRecorder(String, long, long, int, com_atlassian_clover.CloverProfile[], String[])
[ERROR] /home/guilherme/spring-projects/maven/spring-boot/spring-boot-tools/spring-boot-configuration-processor/src/main/java/org/springframework/boot/configurationprocessor/metadata/ItemDeprecation.java:25: Undefined reference: com_atlassian_clover.CloverProfile
[ERROR] /home/guilherme/spring-projects/maven/spring-boot/spring-boot-tools/spring-boot-configuration-processor/src/main/java/org/springframework/boot/configurationprocessor/metadata/ItemDeprecation.java:25: Undefined reference: void com_atlassian_clover.CloverVersionInfo.An_old_version_of_clover_is_on_your_compilation_classpath___Please_remove___Required_version_is___4_1_2()
[ERROR] /home/guilherme/spring-projects/maven/spring-boot/spring-boot-tools/spring-boot-configuration-processor/src/main/java/org/springframework/boot/configurationprocessor/metadata/ItemDeprecation.java:25: Undefined reference: long com_atlassian_clover.CloverVersionInfo.getBuildStamp()
[ERROR] /home/guilherme/spring-projects/maven/spring-boot/spring-boot-tools/spring-boot-configuration-processor/src/main/java/org/springframework/boot/configurationprocessor/metadata/ItemDeprecation.java:25: Undefined reference: void com_atlassian_clover.Clover.l(String)
[ERROR] /home/guilherme/spring-projects/maven/spring-boot/spring-boot-tools/spring-boot-configuration-processor/src/main/java/org/springframework/boot/configurationprocessor/metadata/ItemDeprecation.java:25: Undefined reference: String com_atlassian_clover.CloverVersionInfo.getReleaseNum()
[ERROR] /home/guilherme/spring-projects/maven/spring-boot/spring-boot-tools/spring-boot-configuration-processor/src/main/java/org/springframework/boot/configurationprocessor/metadata/ItemDeprecation.java:25: Undefined reference: long com_atlassian_clover.CloverVersionInfo.getBuildStamp()
[ERROR] /home/guilherme/spring-projects/maven/spring-boot/spring-boot-tools/spring-boot-configuration-processor/src/main/java/org/springframework/boot/configurationprocessor/metadata/ItemDeprecation.java:25: Undefined reference: void com_atlassian_clover.Clover.l(String)
[ERROR] /home/guilherme/spring-projects/maven/spring-boot/spring-boot-tools/spring-boot-configuration-processor/src/main/java/org/springframework/boot/configurationprocessor/metadata/ItemDeprecation.java:25: Undefined reference: com_atlassian_clover.CoverageRecorder com_atlassian_clover.Clover.getNullRecorder()
[ERROR] /home/guilherme/spring-projects/maven/spring-boot/spring-boot-tools/spring-boot-configuration-processor/src/main/java/org/springframework/boot/configurationprocessor/metadata/ItemDeprecation.java:25: Undefined reference: com_atlassian_clover.CoverageRecorder com_atlassian_clover.Clover.getNullRecorder()
[ERROR] /home/guilherme/spring-projects/maven/spring-boot/spring-boot-tools/spring-boot-configuration-processor/src/main/java/org/springframework/boot/configurationprocessor/metadata/ItemDeprecation.java:25: Undefined reference: com_atlassian_clover.CoverageRecorder com_atlassian_clover.Clover.getRecorder(String, long, long, int, com_atlassian_clover.CloverProfile[], String[])
[ERROR] /home/guilherme/spring-projects/maven/spring-boot/spring-boot-tools/spring-boot-configuration-processor/src/main/java/org/springframework/boot/configurationprocessor/metadata/JsonMarshaller.java:46: Undefined reference: void com_atlassian_clover.CoverageRecorder.inc(int)
[ERROR] /home/guilherme/spring-projects/maven/spring-boot/spring-boot-tools/spring-boot-configuration-processor/src/main/java/org/springframework/boot/configurationprocessor/metadata/JsonMarshaller.java:46: Undefined reference: void com_atlassian_clover.CoverageRecorder.inc(int)
[ERROR] /home/guilherme/spring-projects/maven/spring-boot/spring-boot-tools/spring-boot-configuration-processor/src/main/java/org/springframework/boot/configurationprocessor/metadata/ItemDeprecation.java:25: Undefined reference: void com_atlassian_clover.CoverageRecorder.inc(int)
[ERROR] /home/guilherme/spring-projects/maven/spring-boot/spring-boot-tools/spring-boot-configuration-processor/src/main/java/org/springframework/boot/configurationprocessor/metadata/ItemDeprecation.java:25: Undefined reference: void com_atlassian_clover.CoverageRecorder.inc(int)
[ERROR] /home/guilherme/spring-projects/maven/spring-boot/spring-boot-tools/spring-boot-configuration-processor/src/main/java/org/springframework/boot/configurationprocessor/metadata/ConfigurationMetadata.java:40: Undefined reference: com_atlassian_clover.CloverProfile
[ERROR] /home/guilherme/spring-projects/maven/spring-boot/spring-boot-tools/spring-boot-configuration-processor/src/main/java/org/springframework/boot/configurationprocessor/metadata/ConfigurationMetadata.java:40: Undefined reference: void com_atlassian_clover.CloverVersionInfo.An_old_version_of_clover_is_on_your_compilation_classpath___Please_remove___Required_version_is___4_1_2()
[ERROR] /home/guilherme/spring-projects/maven/spring-boot/spring-boot-tools/spring-boot-configuration-processor/src/main/java/org/springframework/boot/configurationprocessor/metadata/ConfigurationMetadata.java:40: Undefined reference: long com_atlassian_clover.CloverVersionInfo.getBuildStamp()
[ERROR] /home/guilherme/spring-projects/maven/spring-boot/spring-boot-tools/spring-boot-configuration-processor/src/main/java/org/springframework/boot/configurationprocessor/metadata/ConfigurationMetadata.java:40: Undefined reference: void com_atlassian_clover.Clover.l(String)
[ERROR] /home/guilherme/spring-projects/maven/spring-boot/spring-boot-tools/spring-boot-configuration-processor/src/main/java/org/springframework/boot/configurationprocessor/metadata/ConfigurationMetadata.java:40: Undefined reference: String com_atlassian_clover.CloverVersionInfo.getReleaseNum()
[ERROR] /home/guilherme/spring-projects/maven/spring-boot/spring-boot-tools/spring-boot-configuration-processor/src/main/java/org/springframework/boot/configurationprocessor/metadata/ConfigurationMetadata.java:40: Undefined reference: long com_atlassian_clover.CloverVersionInfo.getBuildStamp()
[ERROR] /home/guilherme/spring-projects/maven/spring-boot/spring-boot-tools/spring-boot-configuration-processor/src/main/java/org/springframework/boot/configurationprocessor/metadata/ConfigurationMetadata.java:40: Undefined reference: void com_atlassian_clover.Clover.l(String)
[ERROR] /home/guilherme/spring-projects/maven/spring-boot/spring-boot-tools/spring-boot-configuration-processor/src/main/java/org/springframework/boot/configurationprocessor/metadata/ConfigurationMetadata.java:40: Undefined reference: com_atlassian_clover.CoverageRecorder com_atlassian_clover.Clover.getNullRecorder()
[ERROR] /home/guilherme/spring-projects/maven/spring-boot/spring-boot-tools/spring-boot-configuration-processor/src/main/java/org/springframework/boot/configurationprocessor/metadata/ConfigurationMetadata.java:40: Undefined reference: com_atlassian_clover.CoverageRecorder com_atlassian_clover.Clover.getNullRecorder()
[ERROR] /home/guilherme/spring-projects/maven/spring-boot/spring-boot-tools/spring-boot-configuration-processor/src/main/java/org/springframework/boot/configurationprocessor/metadata/ConfigurationMetadata.java:40: Undefined reference: com_atlassian_clover.CoverageRecorder com_atlassian_clover.Clover.getRecorder(String, long, long, int, com_atlassian_clover.CloverProfile[], String[])
[ERROR] /home/guilherme/spring-projects/maven/spring-boot/spring-boot-tools/spring-boot-configuration-processor/src/main/java/org/springframework/boot/configurationprocessor/metadata/ConfigurationMetadata.java:40: Undefined reference: void com_atlassian_clover.CoverageRecorder.inc(int)
[ERROR] /home/guilherme/spring-projects/maven/spring-boot/spring-boot-tools/spring-boot-configuration-processor/src/main/java/org/springframework/boot/configurationprocessor/metadata/ConfigurationMetadata.java:40: Undefined reference: void com_atlassian_clover.CoverageRecorder.inc(int)
[ERROR] /home/guilherme/spring-projects/maven/spring-boot/spring-boot-tools/spring-boot-configuration-processor/src/main/java/org/springframework/boot/configurationprocessor/metadata/InvalidConfigurationMetadataException.java:29: Undefined reference: com_atlassian_clover.CloverProfile
[ERROR] /home/guilherme/spring-projects/maven/spring-boot/spring-boot-tools/spring-boot-configuration-processor/src/main/java/org/springframework/boot/configurationprocessor/metadata/InvalidConfigurationMetadataException.java:29: Undefined reference: void com_atlassian_clover.CloverVersionInfo.An_old_version_of_clover_is_on_your_compilation_classpath___Please_remove___Required_version_is___4_1_2()
[ERROR] /home/guilherme/spring-projects/maven/spring-boot/spring-boot-tools/spring-boot-configuration-processor/src/main/java/org/springframework/boot/configurationprocessor/metadata/InvalidConfigurationMetadataException.java:29: Undefined reference: long com_atlassian_clover.CloverVersionInfo.getBuildStamp()
[ERROR] /home/guilherme/spring-projects/maven/spring-boot/spring-boot-tools/spring-boot-configuration-processor/src/main/java/org/springframework/boot/configurationprocessor/metadata/InvalidConfigurationMetadataException.java:29: Undefined reference: void com_atlassian_clover.Clover.l(String)
[ERROR] /home/guilherme/spring-projects/maven/spring-boot/spring-boot-tools/spring-boot-configuration-processor/src/main/java/org/springframework/boot/configurationprocessor/metadata/InvalidConfigurationMetadataException.java:29: Undefined reference: String com_atlassian_clover.CloverVersionInfo.getReleaseNum()
[ERROR] /home/guilherme/spring-projects/maven/spring-boot/spring-boot-tools/spring-boot-configuration-processor/src/main/java/org/springframework/boot/configurationprocessor/metadata/InvalidConfigurationMetadataException.java:29: Undefined reference: long com_atlassian_clover.CloverVersionInfo.getBuildStamp()
[ERROR] /home/guilherme/spring-projects/maven/spring-boot/spring-boot-tools/spring-boot-configuration-processor/src/main/java/org/springframework/boot/configurationprocessor/metadata/InvalidConfigurationMetadataException.java:29: Undefined reference: void com_atlassian_clover.Clover.l(String)
[ERROR] /home/guilherme/spring-projects/maven/spring-boot/spring-boot-tools/spring-boot-configuration-processor/src/main/java/org/springframework/boot/configurationprocessor/metadata/InvalidConfigurationMetadataException.java:29: Undefined reference: com_atlassian_clover.CoverageRecorder com_atlassian_clover.Clover.getNullRecorder()
[ERROR] /home/guilherme/spring-projects/maven/spring-boot/spring-boot-tools/spring-boot-configuration-processor/src/main/java/org/springframework/boot/configurationprocessor/metadata/InvalidConfigurationMetadataException.java:29: Undefined reference: com_atlassian_clover.CoverageRecorder com_atlassian_clover.Clover.getNullRecorder()
[ERROR] /home/guilherme/spring-projects/maven/spring-boot/spring-boot-tools/spring-boot-configuration-processor/src/main/java/org/springframework/boot/configurationprocessor/metadata/InvalidConfigurationMetadataException.java:29: Undefined reference: com_atlassian_clover.CoverageRecorder com_atlassian_clover.Clover.getRecorder(String, long, long, int, com_atlassian_clover.CloverProfile[], String[])
[ERROR] /home/guilherme/spring-projects/maven/spring-boot/spring-boot-tools/spring-boot-configuration-processor/src/main/java/org/springframework/boot/configurationprocessor/metadata/InvalidConfigurationMetadataException.java:29: Undefined reference: void com_atlassian_clover.CoverageRecorder.inc(int)
[ERROR] /home/guilherme/spring-projects/maven/spring-boot/spring-boot-tools/spring-boot-configuration-processor/src/main/java/org/springframework/boot/configurationprocessor/metadata/InvalidConfigurationMetadataException.java:29: Undefined reference: void com_atlassian_clover.CoverageRecorder.inc(int)
[ERROR] /home/guilherme/spring-projects/maven/spring-boot/spring-boot-tools/spring-boot-configuration-processor/src/main/java/org/springframework/boot/configurationprocessor/fieldvalues/javac/Tree.java:29: Undefined reference: com_atlassian_clover.CloverProfile
[ERROR] /home/guilherme/spring-projects/maven/spring-boot/spring-boot-tools/spring-boot-configuration-processor/src/main/java/org/springframework/boot/configurationprocessor/fieldvalues/javac/Tree.java:29: Undefined reference: void com_atlassian_clover.CloverVersionInfo.An_old_version_of_clover_is_on_your_compilation_classpath___Please_remove___Required_version_is___4_1_2()
[ERROR] /home/guilherme/spring-projects/maven/spring-boot/spring-boot-tools/spring-boot-configuration-processor/src/main/java/org/springframework/boot/configurationprocessor/fieldvalues/javac/Tree.java:29: Undefined reference: long com_atlassian_clover.CloverVersionInfo.getBuildStamp()
[ERROR] /home/guilherme/spring-projects/maven/spring-boot/spring-boot-tools/spring-boot-configuration-processor/src/main/java/org/springframework/boot/configurationprocessor/fieldvalues/javac/Tree.java:29: Undefined reference: void com_atlassian_clover.Clover.l(String)
[ERROR] /home/guilherme/spring-projects/maven/spring-boot/spring-boot-tools/spring-boot-configuration-processor/src/main/java/org/springframework/boot/configurationprocessor/fieldvalues/javac/Tree.java:29: Undefined reference: String com_atlassian_clover.CloverVersionInfo.getReleaseNum()
[ERROR] /home/guilherme/spring-projects/maven/spring-boot/spring-boot-tools/spring-boot-configuration-processor/src/main/java/org/springframework/boot/configurationprocessor/fieldvalues/javac/Tree.java:29: Undefined reference: long com_atlassian_clover.CloverVersionInfo.getBuildStamp()
[ERROR] /home/guilherme/spring-projects/maven/spring-boot/spring-boot-tools/spring-boot-configuration-processor/src/main/java/org/springframework/boot/configurationprocessor/fieldvalues/javac/Tree.java:29: Undefined reference: void com_atlassian_clover.Clover.l(String)
[ERROR] /home/guilherme/spring-projects/maven/spring-boot/spring-boot-tools/spring-boot-configuration-processor/src/main/java/org/springframework/boot/configurationprocessor/fieldvalues/javac/Tree.java:29: Undefined reference: com_atlassian_clover.CoverageRecorder com_atlassian_clover.Clover.getNullRecorder()
[ERROR] /home/guilherme/spring-projects/maven/spring-boot/spring-boot-tools/spring-boot-configuration-processor/src/main/java/org/springframework/boot/configurationprocessor/fieldvalues/javac/Tree.java:29: Undefined reference: com_atlassian_clover.CoverageRecorder com_atlassian_clover.Clover.getNullRecorder()
[ERROR] /home/guilherme/spring-projects/maven/spring-boot/spring-boot-tools/spring-boot-configuration-processor/src/main/java/org/springframework/boot/configurationprocessor/fieldvalues/javac/Tree.java:29: Undefined reference: com_atlassian_clover.CoverageRecorder com_atlassian_clover.Clover.getRecorder(String, long, long, int, com_atlassian_clover.CloverProfile[], String[])
[ERROR] /home/guilherme/spring-projects/maven/spring-boot/spring-boot-tools/spring-boot-configuration-processor/src/main/java/org/springframework/boot/configurationprocessor/fieldvalues/javac/Trees.java:30: Undefined reference: com_atlassian_clover.CloverProfile
[ERROR] /home/guilherme/spring-projects/maven/spring-boot/spring-boot-tools/spring-boot-configuration-processor/src/main/java/org/springframework/boot/configurationprocessor/fieldvalues/javac/Trees.java:30: Undefined reference: void com_atlassian_clover.CloverVersionInfo.An_old_version_of_clover_is_on_your_compilation_classpath___Please_remove___Required_version_is___4_1_2()
[ERROR] /home/guilherme/spring-projects/maven/spring-boot/spring-boot-tools/spring-boot-configuration-processor/src/main/java/org/springframework/boot/configurationprocessor/fieldvalues/javac/Trees.java:30: Undefined reference: long com_atlassian_clover.CloverVersionInfo.getBuildStamp()
[ERROR] /home/guilherme/spring-projects/maven/spring-boot/spring-boot-tools/spring-boot-configuration-processor/src/main/java/org/springframework/boot/configurationprocessor/fieldvalues/javac/Trees.java:30: Undefined reference: void com_atlassian_clover.Clover.l(String)
[ERROR] /home/guilherme/spring-projects/maven/spring-boot/spring-boot-tools/spring-boot-configuration-processor/src/main/java/org/springframework/boot/configurationprocessor/fieldvalues/javac/Trees.java:30: Undefined reference: String com_atlassian_clover.CloverVersionInfo.getReleaseNum()
[ERROR] /home/guilherme/spring-projects/maven/spring-boot/spring-boot-tools/spring-boot-configuration-processor/src/main/java/org/springframework/boot/configurationprocessor/fieldvalues/javac/Trees.java:30: Undefined reference: long com_atlassian_clover.CloverVersionInfo.getBuildStamp()
[ERROR] /home/guilherme/spring-projects/maven/spring-boot/spring-boot-tools/spring-boot-configuration-processor/src/main/java/org/springframework/boot/configurationprocessor/fieldvalues/javac/Trees.java:30: Undefined reference: void com_atlassian_clover.Clover.l(String)
[ERROR] /home/guilherme/spring-projects/maven/spring-boot/spring-boot-tools/spring-boot-configuration-processor/src/main/java/org/springframework/boot/configurationprocessor/fieldvalues/javac/Trees.java:30: Undefined reference: com_atlassian_clover.CoverageRecorder com_atlassian_clover.Clover.getNullRecorder()
[ERROR] /home/guilherme/spring-projects/maven/spring-boot/spring-boot-tools/spring-boot-configuration-processor/src/main/java/org/springframework/boot/configurationprocessor/fieldvalues/javac/Trees.java:30: Undefined reference: com_atlassian_clover.CoverageRecorder com_atlassian_clover.Clover.getNullRecorder()
[ERROR] /home/guilherme/spring-projects/maven/spring-boot/spring-boot-tools/spring-boot-configuration-processor/src/main/java/org/springframework/boot/configurationprocessor/fieldvalues/javac/Trees.java:30: Undefined reference: com_atlassian_clover.CoverageRecorder com_atlassian_clover.Clover.getRecorder(String, long, long, int, com_atlassian_clover.CloverProfile[], String[])
[ERROR] /home/guilherme/spring-projects/maven/spring-boot/spring-boot-tools/spring-boot-configuration-processor/src/main/java/org/springframework/boot/configurationprocessor/fieldvalues/javac/Tree.java:29: Undefined reference: void com_atlassian_clover.CoverageRecorder.inc(int)
[ERROR] /home/guilherme/spring-projects/maven/spring-boot/spring-boot-tools/spring-boot-configuration-processor/src/main/java/org/springframework/boot/configurationprocessor/fieldvalues/javac/Tree.java:29: Undefined reference: void com_atlassian_clover.CoverageRecorder.inc(int)
[ERROR] /home/guilherme/spring-projects/maven/spring-boot/spring-boot-tools/spring-boot-configuration-processor/src/main/java/org/springframework/boot/configurationprocessor/fieldvalues/javac/Trees.java:30: Undefined reference: void com_atlassian_clover.CoverageRecorder.inc(int)
[ERROR] /home/guilherme/spring-projects/maven/spring-boot/spring-boot-tools/spring-boot-configuration-processor/src/main/java/org/springframework/boot/configurationprocessor/fieldvalues/javac/Trees.java:30: Undefined reference: void com_atlassian_clover.CoverageRecorder.inc(int)
[ERROR] /home/guilherme/spring-projects/maven/spring-boot/spring-boot-tools/spring-boot-configuration-processor/src/main/java/org/springframework/boot/configurationprocessor/fieldvalues/javac/VariableTree.java:30: Undefined reference: com_atlassian_clover.CloverProfile
[ERROR] /home/guilherme/spring-projects/maven/spring-boot/spring-boot-tools/spring-boot-configuration-processor/src/main/java/org/springframework/boot/configurationprocessor/fieldvalues/javac/VariableTree.java:30: Undefined reference: void com_atlassian_clover.CloverVersionInfo.An_old_version_of_clover_is_on_your_compilation_classpath___Please_remove___Required_version_is___4_1_2()
[ERROR] /home/guilherme/spring-projects/maven/spring-boot/spring-boot-tools/spring-boot-configuration-processor/src/main/java/org/springframework/boot/configurationprocessor/fieldvalues/javac/VariableTree.java:30: Undefined reference: long com_atlassian_clover.CloverVersionInfo.getBuildStamp()
[ERROR] /home/guilherme/spring-projects/maven/spring-boot/spring-boot-tools/spring-boot-configuration-processor/src/main/java/org/springframework/boot/configurationprocessor/fieldvalues/javac/VariableTree.java:30: Undefined reference: void com_atlassian_clover.Clover.l(String)
[ERROR] /home/guilherme/spring-projects/maven/spring-boot/spring-boot-tools/spring-boot-configuration-processor/src/main/java/org/springframework/boot/configurationprocessor/fieldvalues/javac/VariableTree.java:30: Undefined reference: String com_atlassian_clover.CloverVersionInfo.getReleaseNum()
[ERROR] /home/guilherme/spring-projects/maven/spring-boot/spring-boot-tools/spring-boot-configuration-processor/src/main/java/org/springframework/boot/configurationprocessor/fieldvalues/javac/VariableTree.java:30: Undefined reference: long com_atlassian_clover.CloverVersionInfo.getBuildStamp()
[ERROR] /home/guilherme/spring-projects/maven/spring-boot/spring-boot-tools/spring-boot-configuration-processor/src/main/java/org/springframework/boot/configurationprocessor/fieldvalues/javac/VariableTree.java:30: Undefined reference: void com_atlassian_clover.Clover.l(String)
[ERROR] /home/guilherme/spring-projects/maven/spring-boot/spring-boot-tools/spring-boot-configuration-processor/src/main/java/org/springframework/boot/configurationprocessor/fieldvalues/javac/VariableTree.java:30: Undefined reference: com_atlassian_clover.CoverageRecorder com_atlassian_clover.Clover.getNullRecorder()
[ERROR] /home/guilherme/spring-projects/maven/spring-boot/spring-boot-tools/spring-boot-configuration-processor/src/main/java/org/springframework/boot/configurationprocessor/fieldvalues/javac/VariableTree.java:30: Undefined reference: com_atlassian_clover.CoverageRecorder com_atlassian_clover.Clover.getNullRecorder()
[ERROR] /home/guilherme/spring-projects/maven/spring-boot/spring-boot-tools/spring-boot-configuration-processor/src/main/java/org/springframework/boot/configurationprocessor/fieldvalues/javac/VariableTree.java:30: Undefined reference: com_atlassian_clover.CoverageRecorder com_atlassian_clover.Clover.getRecorder(String, long, long, int, com_atlassian_clover.CloverProfile[], String[])
[ERROR] /home/guilherme/spring-projects/maven/spring-boot/spring-boot-tools/spring-boot-configuration-processor/src/main/java/org/springframework/boot/configurationprocessor/fieldvalues/javac/ExpressionTree.java:30: Undefined reference: com_atlassian_clover.CloverProfile
[ERROR] /home/guilherme/spring-projects/maven/spring-boot/spring-boot-tools/spring-boot-configuration-processor/src/main/java/org/springframework/boot/configurationprocessor/fieldvalues/javac/ExpressionTree.java:30: Undefined reference: void com_atlassian_clover.CloverVersionInfo.An_old_version_of_clover_is_on_your_compilation_classpath___Please_remove___Required_version_is___4_1_2()
[ERROR] /home/guilherme/spring-projects/maven/spring-boot/spring-boot-tools/spring-boot-configuration-processor/src/main/java/org/springframework/boot/configurationprocessor/fieldvalues/javac/ExpressionTree.java:30: Undefined reference: long com_atlassian_clover.CloverVersionInfo.getBuildStamp()
[ERROR] /home/guilherme/spring-projects/maven/spring-boot/spring-boot-tools/spring-boot-configuration-processor/src/main/java/org/springframework/boot/configurationprocessor/fieldvalues/javac/ExpressionTree.java:30: Undefined reference: void com_atlassian_clover.Clover.l(String)
[ERROR] /home/guilherme/spring-projects/maven/spring-boot/spring-boot-tools/spring-boot-configuration-processor/src/main/java/org/springframework/boot/configurationprocessor/fieldvalues/javac/ExpressionTree.java:30: Undefined reference: String com_atlassian_clover.CloverVersionInfo.getReleaseNum()
[ERROR] /home/guilherme/spring-projects/maven/spring-boot/spring-boot-tools/spring-boot-configuration-processor/src/main/java/org/springframework/boot/configurationprocessor/fieldvalues/javac/ExpressionTree.java:30: Undefined reference: long com_atlassian_clover.CloverVersionInfo.getBuildStamp()
[ERROR] /home/guilherme/spring-projects/maven/spring-boot/spring-boot-tools/spring-boot-configuration-processor/src/main/java/org/springframework/boot/configurationprocessor/fieldvalues/javac/ExpressionTree.java:30: Undefined reference: void com_atlassian_clover.Clover.l(String)
[ERROR] /home/guilherme/spring-projects/maven/spring-boot/spring-boot-tools/spring-boot-configuration-processor/src/main/java/org/springframework/boot/configurationprocessor/fieldvalues/javac/ExpressionTree.java:30: Undefined reference: com_atlassian_clover.CoverageRecorder com_atlassian_clover.Clover.getNullRecorder()
[ERROR] /home/guilherme/spring-projects/maven/spring-boot/spring-boot-tools/spring-boot-configuration-processor/src/main/java/org/springframework/boot/configurationprocessor/fieldvalues/javac/ExpressionTree.java:30: Undefined reference: com_atlassian_clover.CoverageRecorder com_atlassian_clover.Clover.getNullRecorder()
[ERROR] /home/guilherme/spring-projects/maven/spring-boot/spring-boot-tools/spring-boot-configuration-processor/src/main/java/org/springframework/boot/configurationprocessor/fieldvalues/javac/ExpressionTree.java:30: Undefined reference: com_atlassian_clover.CoverageRecorder com_atlassian_clover.Clover.getRecorder(String, long, long, int, com_atlassian_clover.CloverProfile[], String[])
[ERROR] /home/guilherme/spring-projects/maven/spring-boot/spring-boot-tools/spring-boot-configuration-processor/src/main/java/org/springframework/boot/configurationprocessor/fieldvalues/javac/VariableTree.java:30: Undefined reference: void com_atlassian_clover.CoverageRecorder.inc(int)
[ERROR] /home/guilherme/spring-projects/maven/spring-boot/spring-boot-tools/spring-boot-configuration-processor/src/main/java/org/springframework/boot/configurationprocessor/fieldvalues/javac/VariableTree.java:30: Undefined reference: void com_atlassian_clover.CoverageRecorder.inc(int)
[ERROR] /home/guilherme/spring-projects/maven/spring-boot/spring-boot-tools/spring-boot-configuration-processor/src/main/java/org/springframework/boot/configurationprocessor/fieldvalues/javac/ExpressionTree.java:30: Undefined reference: void com_atlassian_clover.CoverageRecorder.inc(int)
[ERROR] /home/guilherme/spring-projects/maven/spring-boot/spring-boot-tools/spring-boot-configuration-processor/src/main/java/org/springframework/boot/configurationprocessor/fieldvalues/javac/ExpressionTree.java:30: Undefined reference: void com_atlassian_clover.CoverageRecorder.inc(int)
[ERROR] /home/guilherme/spring-projects/maven/spring-boot/spring-boot-tools/spring-boot-configuration-processor/src/main/java/org/springframework/boot/configurationprocessor/fieldvalues/javac/ReflectionWrapper.java:28: Undefined reference: com_atlassian_clover.CloverProfile
[ERROR] /home/guilherme/spring-projects/maven/spring-boot/spring-boot-tools/spring-boot-configuration-processor/src/main/java/org/springframework/boot/configurationprocessor/fieldvalues/javac/ReflectionWrapper.java:28: Undefined reference: void com_atlassian_clover.CloverVersionInfo.An_old_version_of_clover_is_on_your_compilation_classpath___Please_remove___Required_version_is___4_1_2()
[ERROR] /home/guilherme/spring-projects/maven/spring-boot/spring-boot-tools/spring-boot-configuration-processor/src/main/java/org/springframework/boot/configurationprocessor/fieldvalues/javac/ReflectionWrapper.java:28: Undefined reference: long com_atlassian_clover.CloverVersionInfo.getBuildStamp()
[ERROR] /home/guilherme/spring-projects/maven/spring-boot/spring-boot-tools/spring-boot-configuration-processor/src/main/java/org/springframework/boot/configurationprocessor/fieldvalues/javac/ReflectionWrapper.java:28: Undefined reference: void com_atlassian_clover.Clover.l(String)
[ERROR] /home/guilherme/spring-projects/maven/spring-boot/spring-boot-tools/spring-boot-configuration-processor/src/main/java/org/springframework/boot/configurationprocessor/fieldvalues/javac/ReflectionWrapper.java:28: Undefined reference: String com_atlassian_clover.CloverVersionInfo.getReleaseNum()
[ERROR] /home/guilherme/spring-projects/maven/spring-boot/spring-boot-tools/spring-boot-configuration-processor/src/main/java/org/springframework/boot/configurationprocessor/fieldvalues/javac/ReflectionWrapper.java:28: Undefined reference: long com_atlassian_clover.CloverVersionInfo.getBuildStamp()
[ERROR] /home/guilherme/spring-projects/maven/spring-boot/spring-boot-tools/spring-boot-configuration-processor/src/main/java/org/springframework/boot/configurationprocessor/fieldvalues/javac/ReflectionWrapper.java:28: Undefined reference: void com_atlassian_clover.Clover.l(String)
[ERROR] /home/guilherme/spring-projects/maven/spring-boot/spring-boot-tools/spring-boot-configuration-processor/src/main/java/org/springframework/boot/configurationprocessor/fieldvalues/javac/ReflectionWrapper.java:28: Undefined reference: com_atlassian_clover.CoverageRecorder com_atlassian_clover.Clover.getNullRecorder()
[ERROR] /home/guilherme/spring-projects/maven/spring-boot/spring-boot-tools/spring-boot-configuration-processor/src/main/java/org/springframework/boot/configurationprocessor/fieldvalues/javac/ReflectionWrapper.java:28: Undefined reference: com_atlassian_clover.CoverageRecorder com_atlassian_clover.Clover.getNullRecorder()
[ERROR] /home/guilherme/spring-projects/maven/spring-boot/spring-boot-tools/spring-boot-configuration-processor/src/main/java/org/springframework/boot/configurationprocessor/fieldvalues/javac/ReflectionWrapper.java:28: Undefined reference: com_atlassian_clover.CoverageRecorder com_atlassian_clover.Clover.getRecorder(String, long, long, int, com_atlassian_clover.CloverProfile[], String[])
[ERROR] /home/guilherme/spring-projects/maven/spring-boot/spring-boot-tools/spring-boot-configuration-processor/src/main/java/org/springframework/boot/configurationprocessor/fieldvalues/javac/ReflectionWrapper.java:28: Undefined reference: void com_atlassian_clover.CoverageRecorder.inc(int)
[ERROR] /home/guilherme/spring-projects/maven/spring-boot/spring-boot-tools/spring-boot-configuration-processor/src/main/java/org/springframework/boot/configurationprocessor/fieldvalues/javac/ReflectionWrapper.java:28: Undefined reference: void com_atlassian_clover.CoverageRecorder.inc(int)
[ERROR] /home/guilherme/spring-projects/maven/spring-boot/spring-boot-tools/spring-boot-configuration-processor/src/main/java/org/springframework/boot/configurationprocessor/fieldvalues/javac/JavaCompilerFieldValuesParser.java:38: Undefined reference: com_atlassian_clover.CloverProfile
[ERROR] /home/guilherme/spring-projects/maven/spring-boot/spring-boot-tools/spring-boot-configuration-processor/src/main/java/org/springframework/boot/configurationprocessor/fieldvalues/javac/JavaCompilerFieldValuesParser.java:38: Undefined reference: void com_atlassian_clover.CloverVersionInfo.An_old_version_of_clover_is_on_your_compilation_classpath___Please_remove___Required_version_is___4_1_2()
[ERROR] /home/guilherme/spring-projects/maven/spring-boot/spring-boot-tools/spring-boot-configuration-processor/src/main/java/org/springframework/boot/configurationprocessor/fieldvalues/javac/JavaCompilerFieldValuesParser.java:38: Undefined reference: long com_atlassian_clover.CloverVersionInfo.getBuildStamp()
[ERROR] /home/guilherme/spring-projects/maven/spring-boot/spring-boot-tools/spring-boot-configuration-processor/src/main/java/org/springframework/boot/configurationprocessor/fieldvalues/javac/JavaCompilerFieldValuesParser.java:38: Undefined reference: void com_atlassian_clover.Clover.l(String)
[ERROR] /home/guilherme/spring-projects/maven/spring-boot/spring-boot-tools/spring-boot-configuration-processor/src/main/java/org/springframework/boot/configurationprocessor/fieldvalues/javac/JavaCompilerFieldValuesParser.java:38: Undefined reference: String com_atlassian_clover.CloverVersionInfo.getReleaseNum()
[ERROR] /home/guilherme/spring-projects/maven/spring-boot/spring-boot-tools/spring-boot-configuration-processor/src/main/java/org/springframework/boot/configurationprocessor/fieldvalues/javac/JavaCompilerFieldValuesParser.java:38: Undefined reference: long com_atlassian_clover.CloverVersionInfo.getBuildStamp()
[ERROR] /home/guilherme/spring-projects/maven/spring-boot/spring-boot-tools/spring-boot-configuration-processor/src/main/java/org/springframework/boot/configurationprocessor/fieldvalues/javac/JavaCompilerFieldValuesParser.java:38: Undefined reference: void com_atlassian_clover.Clover.l(String)
[ERROR] /home/guilherme/spring-projects/maven/spring-boot/spring-boot-tools/spring-boot-configuration-processor/src/main/java/org/springframework/boot/configurationprocessor/fieldvalues/javac/JavaCompilerFieldValuesParser.java:38: Undefined reference: com_atlassian_clover.CoverageRecorder com_atlassian_clover.Clover.getNullRecorder()
[ERROR] /home/guilherme/spring-projects/maven/spring-boot/spring-boot-tools/spring-boot-configuration-processor/src/main/java/org/springframework/boot/configurationprocessor/fieldvalues/javac/JavaCompilerFieldValuesParser.java:38: Undefined reference: com_atlassian_clover.CoverageRecorder com_atlassian_clover.Clover.getNullRecorder()
[ERROR] /home/guilherme/spring-projects/maven/spring-boot/spring-boot-tools/spring-boot-configuration-processor/src/main/java/org/springframework/boot/configurationprocessor/fieldvalues/javac/JavaCompilerFieldValuesParser.java:38: Undefined reference: com_atlassian_clover.CoverageRecorder com_atlassian_clover.Clover.getRecorder(String, long, long, int, com_atlassian_clover.CloverProfile[], String[])
[ERROR] /home/guilherme/spring-projects/maven/spring-boot/spring-boot-tools/spring-boot-configuration-processor/src/main/java/org/springframework/boot/configurationprocessor/fieldvalues/javac/JavaCompilerFieldValuesParser.java:38: Undefined reference: void com_atlassian_clover.CoverageRecorder.inc(int)
[ERROR] /home/guilherme/spring-projects/maven/spring-boot/spring-boot-tools/spring-boot-configuration-processor/src/main/java/org/springframework/boot/configurationprocessor/fieldvalues/javac/JavaCompilerFieldValuesParser.java:38: Undefined reference: void com_atlassian_clover.CoverageRecorder.inc(int)
[ERROR] /home/guilherme/spring-projects/maven/spring-boot/spring-boot-tools/spring-boot-configuration-processor/src/main/java/org/springframework/boot/configurationprocessor/fieldvalues/FieldValuesParser.java:33: Undefined reference: com_atlassian_clover.CloverProfile
[ERROR] /home/guilherme/spring-projects/maven/spring-boot/spring-boot-tools/spring-boot-configuration-processor/src/main/java/org/springframework/boot/configurationprocessor/fieldvalues/FieldValuesParser.java:33: Undefined reference: void com_atlassian_clover.CloverVersionInfo.An_old_version_of_clover_is_on_your_compilation_classpath___Please_remove___Required_version_is___4_1_2()
[ERROR] /home/guilherme/spring-projects/maven/spring-boot/spring-boot-tools/spring-boot-configuration-processor/src/main/java/org/springframework/boot/configurationprocessor/fieldvalues/FieldValuesParser.java:33: Undefined reference: long com_atlassian_clover.CloverVersionInfo.getBuildStamp()
[ERROR] /home/guilherme/spring-projects/maven/spring-boot/spring-boot-tools/spring-boot-configuration-processor/src/main/java/org/springframework/boot/configurationprocessor/fieldvalues/FieldValuesParser.java:33: Undefined reference: void com_atlassian_clover.Clover.l(String)
[ERROR] /home/guilherme/spring-projects/maven/spring-boot/spring-boot-tools/spring-boot-configuration-processor/src/main/java/org/springframework/boot/configurationprocessor/fieldvalues/FieldValuesParser.java:33: Undefined reference: String com_atlassian_clover.CloverVersionInfo.getReleaseNum()
[ERROR] /home/guilherme/spring-projects/maven/spring-boot/spring-boot-tools/spring-boot-configuration-processor/src/main/java/org/springframework/boot/configurationprocessor/fieldvalues/FieldValuesParser.java:33: Undefined reference: long com_atlassian_clover.CloverVersionInfo.getBuildStamp()
[ERROR] /home/guilherme/spring-projects/maven/spring-boot/spring-boot-tools/spring-boot-configuration-processor/src/main/java/org/springframework/boot/configurationprocessor/fieldvalues/FieldValuesParser.java:33: Undefined reference: void com_atlassian_clover.Clover.l(String)
[ERROR] /home/guilherme/spring-projects/maven/spring-boot/spring-boot-tools/spring-boot-configuration-processor/src/main/java/org/springframework/boot/configurationprocessor/fieldvalues/FieldValuesParser.java:33: Undefined reference: com_atlassian_clover.CoverageRecorder com_atlassian_clover.Clover.getNullRecorder()
[ERROR] /home/guilherme/spring-projects/maven/spring-boot/spring-boot-tools/spring-boot-configuration-processor/src/main/java/org/springframework/boot/configurationprocessor/fieldvalues/FieldValuesParser.java:33: Undefined reference: com_atlassian_clover.CoverageRecorder com_atlassian_clover.Clover.getNullRecorder()
[ERROR] /home/guilherme/spring-projects/maven/spring-boot/spring-boot-tools/spring-boot-configuration-processor/src/main/java/org/springframework/boot/configurationprocessor/fieldvalues/FieldValuesParser.java:33: Undefined reference: com_atlassian_clover.CoverageRecorder com_atlassian_clover.Clover.getRecorder(String, long, long, int, com_atlassian_clover.CloverProfile[], String[])
[ERROR] /home/guilherme/spring-projects/maven/spring-boot/spring-boot-tools/spring-boot-configuration-processor/src/main/java/org/springframework/boot/configurationprocessor/fieldvalues/FieldValuesParser.java:33: Undefined reference: void com_atlassian_clover.CoverageRecorder.inc(int)
[ERROR] /home/guilherme/spring-projects/maven/spring-boot/spring-boot-tools/spring-boot-configuration-processor/src/main/java/org/springframework/boot/configurationprocessor/fieldvalues/FieldValuesParser.java:33: Undefined reference: void com_atlassian_clover.CoverageRecorder.inc(int)
[ERROR] /home/guilherme/spring-projects/maven/spring-boot/spring-boot-tools/spring-boot-configuration-processor/src/main/java/org/springframework/boot/configurationprocessor/TypeUtils.java:39: Undefined reference: com_atlassian_clover.CloverProfile
[ERROR] /home/guilherme/spring-projects/maven/spring-boot/spring-boot-tools/spring-boot-configuration-processor/src/main/java/org/springframework/boot/configurationprocessor/TypeUtils.java:39: Undefined reference: void com_atlassian_clover.CloverVersionInfo.An_old_version_of_clover_is_on_your_compilation_classpath___Please_remove___Required_version_is___4_1_2()
[ERROR] /home/guilherme/spring-projects/maven/spring-boot/spring-boot-tools/spring-boot-configuration-processor/src/main/java/org/springframework/boot/configurationprocessor/TypeUtils.java:39: Undefined reference: long com_atlassian_clover.CloverVersionInfo.getBuildStamp()
[ERROR] /home/guilherme/spring-projects/maven/spring-boot/spring-boot-tools/spring-boot-configuration-processor/src/main/java/org/springframework/boot/configurationprocessor/TypeUtils.java:39: Undefined reference: void com_atlassian_clover.Clover.l(String)
[ERROR] /home/guilherme/spring-projects/maven/spring-boot/spring-boot-tools/spring-boot-configuration-processor/src/main/java/org/springframework/boot/configurationprocessor/TypeUtils.java:39: Undefined reference: String com_atlassian_clover.CloverVersionInfo.getReleaseNum()
[ERROR] /home/guilherme/spring-projects/maven/spring-boot/spring-boot-tools/spring-boot-configuration-processor/src/main/java/org/springframework/boot/configurationprocessor/TypeUtils.java:39: Undefined reference: long com_atlassian_clover.CloverVersionInfo.getBuildStamp()
[ERROR] /home/guilherme/spring-projects/maven/spring-boot/spring-boot-tools/spring-boot-configuration-processor/src/main/java/org/springframework/boot/configurationprocessor/TypeUtils.java:39: Undefined reference: void com_atlassian_clover.Clover.l(String)
[ERROR] /home/guilherme/spring-projects/maven/spring-boot/spring-boot-tools/spring-boot-configuration-processor/src/main/java/org/springframework/boot/configurationprocessor/TypeUtils.java:39: Undefined reference: com_atlassian_clover.CoverageRecorder com_atlassian_clover.Clover.getNullRecorder()
[ERROR] /home/guilherme/spring-projects/maven/spring-boot/spring-boot-tools/spring-boot-configuration-processor/src/main/java/org/springframework/boot/configurationprocessor/TypeUtils.java:39: Undefined reference: com_atlassian_clover.CoverageRecorder com_atlassian_clover.Clover.getNullRecorder()
[ERROR] /home/guilherme/spring-projects/maven/spring-boot/spring-boot-tools/spring-boot-configuration-processor/src/main/java/org/springframework/boot/configurationprocessor/TypeUtils.java:39: Undefined reference: com_atlassian_clover.CoverageRecorder com_atlassian_clover.Clover.getRecorder(String, long, long, int, com_atlassian_clover.CloverProfile[], String[])
[ERROR] /home/guilherme/spring-projects/maven/spring-boot/spring-boot-tools/spring-boot-configuration-processor/src/main/java/org/springframework/boot/configurationprocessor/TypeUtils.java:39: Undefined reference: void com_atlassian_clover.CoverageRecorder.inc(int)
[ERROR] /home/guilherme/spring-projects/maven/spring-boot/spring-boot-tools/spring-boot-configuration-processor/src/main/java/org/springframework/boot/configurationprocessor/TypeUtils.java:39: Undefined reference: void com_atlassian_clover.CoverageRecorder.inc(int)
[ERROR] /home/guilherme/spring-projects/maven/spring-boot/spring-boot-tools/spring-boot-configuration-processor/src/main/java/org/springframework/boot/configurationprocessor/MetadataStore.java:42: Undefined reference: com_atlassian_clover.CloverProfile
[ERROR] /home/guilherme/spring-projects/maven/spring-boot/spring-boot-tools/spring-boot-configuration-processor/src/main/java/org/springframework/boot/configurationprocessor/MetadataStore.java:42: Undefined reference: void com_atlassian_clover.CloverVersionInfo.An_old_version_of_clover_is_on_your_compilation_classpath___Please_remove___Required_version_is___4_1_2()
[ERROR] /home/guilherme/spring-projects/maven/spring-boot/spring-boot-tools/spring-boot-configuration-processor/src/main/java/org/springframework/boot/configurationprocessor/MetadataStore.java:42: Undefined reference: long com_atlassian_clover.CloverVersionInfo.getBuildStamp()
[ERROR] /home/guilherme/spring-projects/maven/spring-boot/spring-boot-tools/spring-boot-configuration-processor/src/main/java/org/springframework/boot/configurationprocessor/MetadataStore.java:42: Undefined reference: void com_atlassian_clover.Clover.l(String)
[ERROR] /home/guilherme/spring-projects/maven/spring-boot/spring-boot-tools/spring-boot-configuration-processor/src/main/java/org/springframework/boot/configurationprocessor/MetadataStore.java:42: Undefined reference: String com_atlassian_clover.CloverVersionInfo.getReleaseNum()
[ERROR] /home/guilherme/spring-projects/maven/spring-boot/spring-boot-tools/spring-boot-configuration-processor/src/main/java/org/springframework/boot/configurationprocessor/MetadataStore.java:42: Undefined reference: long com_atlassian_clover.CloverVersionInfo.getBuildStamp()
[ERROR] /home/guilherme/spring-projects/maven/spring-boot/spring-boot-tools/spring-boot-configuration-processor/src/main/java/org/springframework/boot/configurationprocessor/MetadataStore.java:42: Undefined reference: void com_atlassian_clover.Clover.l(String)
[ERROR] /home/guilherme/spring-projects/maven/spring-boot/spring-boot-tools/spring-boot-configuration-processor/src/main/java/org/springframework/boot/configurationprocessor/MetadataStore.java:42: Undefined reference: com_atlassian_clover.CoverageRecorder com_atlassian_clover.Clover.getNullRecorder()
[ERROR] /home/guilherme/spring-projects/maven/spring-boot/spring-boot-tools/spring-boot-configuration-processor/src/main/java/org/springframework/boot/configurationprocessor/MetadataStore.java:42: Undefined reference: com_atlassian_clover.CoverageRecorder com_atlassian_clover.Clover.getNullRecorder()
[ERROR] /home/guilherme/spring-projects/maven/spring-boot/spring-boot-tools/spring-boot-configuration-processor/src/main/java/org/springframework/boot/configurationprocessor/MetadataStore.java:42: Undefined reference: com_atlassian_clover.CoverageRecorder com_atlassian_clover.Clover.getRecorder(String, long, long, int, com_atlassian_clover.CloverProfile[], String[])
[ERROR] /home/guilherme/spring-projects/maven/spring-boot/spring-boot-tools/spring-boot-configuration-processor/src/main/java/org/springframework/boot/configurationprocessor/MetadataStore.java:42: Undefined reference: void com_atlassian_clover.CoverageRecorder.inc(int)
[ERROR] /home/guilherme/spring-projects/maven/spring-boot/spring-boot-tools/spring-boot-configuration-processor/src/main/java/org/springframework/boot/configurationprocessor/MetadataStore.java:42: Undefined reference: void com_atlassian_clover.CoverageRecorder.inc(int)
[ERROR] /home/guilherme/spring-projects/maven/spring-boot/spring-boot-tools/spring-boot-configuration-processor/src/main/java/org/springframework/boot/configurationprocessor/MetadataCollector.java:40: Undefined reference: com_atlassian_clover.CloverProfile
[ERROR] /home/guilherme/spring-projects/maven/spring-boot/spring-boot-tools/spring-boot-configuration-processor/src/main/java/org/springframework/boot/configurationprocessor/MetadataCollector.java:40: Undefined reference: void com_atlassian_clover.CloverVersionInfo.An_old_version_of_clover_is_on_your_compilation_classpath___Please_remove___Required_version_is___4_1_2()
[ERROR] /home/guilherme/spring-projects/maven/spring-boot/spring-boot-tools/spring-boot-configuration-processor/src/main/java/org/springframework/boot/configurationprocessor/MetadataCollector.java:40: Undefined reference: long com_atlassian_clover.CloverVersionInfo.getBuildStamp()
[ERROR] /home/guilherme/spring-projects/maven/spring-boot/spring-boot-tools/spring-boot-configuration-processor/src/main/java/org/springframework/boot/configurationprocessor/MetadataCollector.java:40: Undefined reference: void com_atlassian_clover.Clover.l(String)
[ERROR] /home/guilherme/spring-projects/maven/spring-boot/spring-boot-tools/spring-boot-configuration-processor/src/main/java/org/springframework/boot/configurationprocessor/MetadataCollector.java:40: Undefined reference: String com_atlassian_clover.CloverVersionInfo.getReleaseNum()
[ERROR] /home/guilherme/spring-projects/maven/spring-boot/spring-boot-tools/spring-boot-configuration-processor/src/main/java/org/springframework/boot/configurationprocessor/MetadataCollector.java:40: Undefined reference: long com_atlassian_clover.CloverVersionInfo.getBuildStamp()
[ERROR] /home/guilherme/spring-projects/maven/spring-boot/spring-boot-tools/spring-boot-configuration-processor/src/main/java/org/springframework/boot/configurationprocessor/MetadataCollector.java:40: Undefined reference: void com_atlassian_clover.Clover.l(String)
[ERROR] /home/guilherme/spring-projects/maven/spring-boot/spring-boot-tools/spring-boot-configuration-processor/src/main/java/org/springframework/boot/configurationprocessor/MetadataCollector.java:40: Undefined reference: com_atlassian_clover.CoverageRecorder com_atlassian_clover.Clover.getNullRecorder()
[ERROR] /home/guilherme/spring-projects/maven/spring-boot/spring-boot-tools/spring-boot-configuration-processor/src/main/java/org/springframework/boot/configurationprocessor/MetadataCollector.java:40: Undefined reference: com_atlassian_clover.CoverageRecorder com_atlassian_clover.Clover.getNullRecorder()
[ERROR] /home/guilherme/spring-projects/maven/spring-boot/spring-boot-tools/spring-boot-configuration-processor/src/main/java/org/springframework/boot/configurationprocessor/MetadataCollector.java:40: Undefined reference: com_atlassian_clover.CoverageRecorder com_atlassian_clover.Clover.getRecorder(String, long, long, int, com_atlassian_clover.CloverProfile[], String[])
[ERROR] /home/guilherme/spring-projects/maven/spring-boot/spring-boot-tools/spring-boot-configuration-processor/src/main/java/org/springframework/boot/configurationprocessor/TypeExcludeFilter.java:31: Undefined reference: com_atlassian_clover.CloverProfile
[ERROR] /home/guilherme/spring-projects/maven/spring-boot/spring-boot-tools/spring-boot-configuration-processor/src/main/java/org/springframework/boot/configurationprocessor/TypeExcludeFilter.java:31: Undefined reference: void com_atlassian_clover.CloverVersionInfo.An_old_version_of_clover_is_on_your_compilation_classpath___Please_remove___Required_version_is___4_1_2()
[ERROR] /home/guilherme/spring-projects/maven/spring-boot/spring-boot-tools/spring-boot-configuration-processor/src/main/java/org/springframework/boot/configurationprocessor/TypeExcludeFilter.java:31: Undefined reference: long com_atlassian_clover.CloverVersionInfo.getBuildStamp()
[ERROR] /home/guilherme/spring-projects/maven/spring-boot/spring-boot-tools/spring-boot-configuration-processor/src/main/java/org/springframework/boot/configurationprocessor/TypeExcludeFilter.java:31: Undefined reference: void com_atlassian_clover.Clover.l(String)
[ERROR] /home/guilherme/spring-projects/maven/spring-boot/spring-boot-tools/spring-boot-configuration-processor/src/main/java/org/springframework/boot/configurationprocessor/TypeExcludeFilter.java:31: Undefined reference: String com_atlassian_clover.CloverVersionInfo.getReleaseNum()
[ERROR] /home/guilherme/spring-projects/maven/spring-boot/spring-boot-tools/spring-boot-configuration-processor/src/main/java/org/springframework/boot/configurationprocessor/TypeExcludeFilter.java:31: Undefined reference: long com_atlassian_clover.CloverVersionInfo.getBuildStamp()
[ERROR] /home/guilherme/spring-projects/maven/spring-boot/spring-boot-tools/spring-boot-configuration-processor/src/main/java/org/springframework/boot/configurationprocessor/TypeExcludeFilter.java:31: Undefined reference: void com_atlassian_clover.Clover.l(String)
[ERROR] /home/guilherme/spring-projects/maven/spring-boot/spring-boot-tools/spring-boot-configuration-processor/src/main/java/org/springframework/boot/configurationprocessor/TypeExcludeFilter.java:31: Undefined reference: com_atlassian_clover.CoverageRecorder com_atlassian_clover.Clover.getNullRecorder()
[ERROR] /home/guilherme/spring-projects/maven/spring-boot/spring-boot-tools/spring-boot-configuration-processor/src/main/java/org/springframework/boot/configurationprocessor/TypeExcludeFilter.java:31: Undefined reference: com_atlassian_clover.CoverageRecorder com_atlassian_clover.Clover.getNullRecorder()
[ERROR] /home/guilherme/spring-projects/maven/spring-boot/spring-boot-tools/spring-boot-configuration-processor/src/main/java/org/springframework/boot/configurationprocessor/TypeExcludeFilter.java:31: Undefined reference: com_atlassian_clover.CoverageRecorder com_atlassian_clover.Clover.getRecorder(String, long, long, int, com_atlassian_clover.CloverProfile[], String[])
[ERROR] /home/guilherme/spring-projects/maven/spring-boot/spring-boot-tools/spring-boot-configuration-processor/src/main/java/org/springframework/boot/configurationprocessor/TypeElementMembers.java:42: Undefined reference: com_atlassian_clover.CloverProfile
[ERROR] /home/guilherme/spring-projects/maven/spring-boot/spring-boot-tools/spring-boot-configuration-processor/src/main/java/org/springframework/boot/configurationprocessor/TypeElementMembers.java:42: Undefined reference: void com_atlassian_clover.CloverVersionInfo.An_old_version_of_clover_is_on_your_compilation_classpath___Please_remove___Required_version_is___4_1_2()
[ERROR] /home/guilherme/spring-projects/maven/spring-boot/spring-boot-tools/spring-boot-configuration-processor/src/main/java/org/springframework/boot/configurationprocessor/TypeElementMembers.java:42: Undefined reference: long com_atlassian_clover.CloverVersionInfo.getBuildStamp()
[ERROR] /home/guilherme/spring-projects/maven/spring-boot/spring-boot-tools/spring-boot-configuration-processor/src/main/java/org/springframework/boot/configurationprocessor/TypeElementMembers.java:42: Undefined reference: void com_atlassian_clover.Clover.l(String)
[ERROR] /home/guilherme/spring-projects/maven/spring-boot/spring-boot-tools/spring-boot-configuration-processor/src/main/java/org/springframework/boot/configurationprocessor/TypeElementMembers.java:42: Undefined reference: String com_atlassian_clover.CloverVersionInfo.getReleaseNum()
[ERROR] /home/guilherme/spring-projects/maven/spring-boot/spring-boot-tools/spring-boot-configuration-processor/src/main/java/org/springframework/boot/configurationprocessor/TypeElementMembers.java:42: Undefined reference: long com_atlassian_clover.CloverVersionInfo.getBuildStamp()
[ERROR] /home/guilherme/spring-projects/maven/spring-boot/spring-boot-tools/spring-boot-configuration-processor/src/main/java/org/springframework/boot/configurationprocessor/TypeElementMembers.java:42: Undefined reference: void com_atlassian_clover.Clover.l(String)
[ERROR] /home/guilherme/spring-projects/maven/spring-boot/spring-boot-tools/spring-boot-configuration-processor/src/main/java/org/springframework/boot/configurationprocessor/TypeElementMembers.java:42: Undefined reference: com_atlassian_clover.CoverageRecorder com_atlassian_clover.Clover.getNullRecorder()
[ERROR] /home/guilherme/spring-projects/maven/spring-boot/spring-boot-tools/spring-boot-configuration-processor/src/main/java/org/springframework/boot/configurationprocessor/TypeElementMembers.java:42: Undefined reference: com_atlassian_clover.CoverageRecorder com_atlassian_clover.Clover.getNullRecorder()
[ERROR] /home/guilherme/spring-projects/maven/spring-boot/spring-boot-tools/spring-boot-configuration-processor/src/main/java/org/springframework/boot/configurationprocessor/TypeElementMembers.java:42: Undefined reference: com_atlassian_clover.CoverageRecorder com_atlassian_clover.Clover.getRecorder(String, long, long, int, com_atlassian_clover.CloverProfile[], String[])
[ERROR] /home/guilherme/spring-projects/maven/spring-boot/spring-boot-tools/spring-boot-configuration-processor/src/main/java/org/springframework/boot/configurationprocessor/MetadataCollector.java:40: Undefined reference: void com_atlassian_clover.CoverageRecorder.inc(int)
[ERROR] /home/guilherme/spring-projects/maven/spring-boot/spring-boot-tools/spring-boot-configuration-processor/src/main/java/org/springframework/boot/configurationprocessor/MetadataCollector.java:40: Undefined reference: void com_atlassian_clover.CoverageRecorder.inc(int)
[ERROR] /home/guilherme/spring-projects/maven/spring-boot/spring-boot-tools/spring-boot-configuration-processor/src/main/java/org/springframework/boot/configurationprocessor/TypeExcludeFilter.java:31: Undefined reference: void com_atlassian_clover.CoverageRecorder.inc(int)
[ERROR] /home/guilherme/spring-projects/maven/spring-boot/spring-boot-tools/spring-boot-configuration-processor/src/main/java/org/springframework/boot/configurationprocessor/TypeExcludeFilter.java:31: Undefined reference: void com_atlassian_clover.CoverageRecorder.inc(int)
[ERROR] /home/guilherme/spring-projects/maven/spring-boot/spring-boot-tools/spring-boot-configuration-processor/src/main/java/org/springframework/boot/configurationprocessor/TypeElementMembers.java:42: Undefined reference: void com_atlassian_clover.CoverageRecorder.inc(int)
[ERROR] /home/guilherme/spring-projects/maven/spring-boot/spring-boot-tools/spring-boot-configuration-processor/src/main/java/org/springframework/boot/configurationprocessor/TypeElementMembers.java:42: Undefined reference: void com_atlassian_clover.CoverageRecorder.inc(int)
[ERROR] /home/guilherme/spring-projects/maven/spring-boot/spring-boot-tools/spring-boot-configuration-processor/src/main/java/org/springframework/boot/configurationprocessor/ConfigurationMetadataAnnotationProcessor.java:64: Undefined reference: com_atlassian_clover.CloverProfile
[ERROR] /home/guilherme/spring-projects/maven/spring-boot/spring-boot-tools/spring-boot-configuration-processor/src/main/java/org/springframework/boot/configurationprocessor/ConfigurationMetadataAnnotationProcessor.java:64: Undefined reference: void com_atlassian_clover.CloverVersionInfo.An_old_version_of_clover_is_on_your_compilation_classpath___Please_remove___Required_version_is___4_1_2()
[ERROR] /home/guilherme/spring-projects/maven/spring-boot/spring-boot-tools/spring-boot-configuration-processor/src/main/java/org/springframework/boot/configurationprocessor/ConfigurationMetadataAnnotationProcessor.java:64: Undefined reference: long com_atlassian_clover.CloverVersionInfo.getBuildStamp()
[ERROR] /home/guilherme/spring-projects/maven/spring-boot/spring-boot-tools/spring-boot-configuration-processor/src/main/java/org/springframework/boot/configurationprocessor/ConfigurationMetadataAnnotationProcessor.java:64: Undefined reference: void com_atlassian_clover.Clover.l(String)
[ERROR] /home/guilherme/spring-projects/maven/spring-boot/spring-boot-tools/spring-boot-configuration-processor/src/main/java/org/springframework/boot/configurationprocessor/ConfigurationMetadataAnnotationProcessor.java:64: Undefined reference: String com_atlassian_clover.CloverVersionInfo.getReleaseNum()
[ERROR] /home/guilherme/spring-projects/maven/spring-boot/spring-boot-tools/spring-boot-configuration-processor/src/main/java/org/springframework/boot/configurationprocessor/ConfigurationMetadataAnnotationProcessor.java:64: Undefined reference: long com_atlassian_clover.CloverVersionInfo.getBuildStamp()
[ERROR] /home/guilherme/spring-projects/maven/spring-boot/spring-boot-tools/spring-boot-configuration-processor/src/main/java/org/springframework/boot/configurationprocessor/ConfigurationMetadataAnnotationProcessor.java:64: Undefined reference: void com_atlassian_clover.Clover.l(String)
[ERROR] /home/guilherme/spring-projects/maven/spring-boot/spring-boot-tools/spring-boot-configuration-processor/src/main/java/org/springframework/boot/configurationprocessor/ConfigurationMetadataAnnotationProcessor.java:64: Undefined reference: com_atlassian_clover.CoverageRecorder com_atlassian_clover.Clover.getNullRecorder()
[ERROR] /home/guilherme/spring-projects/maven/spring-boot/spring-boot-tools/spring-boot-configuration-processor/src/main/java/org/springframework/boot/configurationprocessor/ConfigurationMetadataAnnotationProcessor.java:64: Undefined reference: com_atlassian_clover.CoverageRecorder com_atlassian_clover.Clover.getNullRecorder()
[ERROR] /home/guilherme/spring-projects/maven/spring-boot/spring-boot-tools/spring-boot-configuration-processor/src/main/java/org/springframework/boot/configurationprocessor/ConfigurationMetadataAnnotationProcessor.java:64: Undefined reference: com_atlassian_clover.CoverageRecorder com_atlassian_clover.Clover.getRecorder(String, long, long, int, com_atlassian_clover.CloverProfile[], String[])
[ERROR] /home/guilherme/spring-projects/maven/spring-boot/spring-boot-tools/spring-boot-configuration-processor/src/main/java/org/springframework/boot/configurationprocessor/ConfigurationMetadataAnnotationProcessor.java:64: Undefined reference: void com_atlassian_clover.CoverageRecorder.inc(int)
[ERROR] /home/guilherme/spring-projects/maven/spring-boot/spring-boot-tools/spring-boot-configuration-processor/src/main/java/org/springframework/boot/configurationprocessor/ConfigurationMetadataAnnotationProcessor.java:64: Undefined reference: void com_atlassian_clover.CoverageRecorder.inc(int)
[INFO] ------------------------------------------------------------------------
[INFO] BUILD FAILURE
[INFO] ------------------------------------------------------------------------
[INFO] Total time: 6.301 s
[INFO] Finished at: 2017-03-03T10:38:55-03:00
[INFO] Final Memory: 24M/463M
[INFO] ------------------------------------------------------------------------
[ERROR] Failed to execute goal org.codehaus.mojo:animal-sniffer-maven-plugin:1.15:check (enforce-java-6) on project spring-boot-configuration-processor: Signature errors found. Verify them and ignore them with the proper annotation if needed. -> [Help 1]
[ERROR] 
[ERROR] To see the full stack trace of the errors, re-run Maven with the -e switch.
[ERROR] Re-run Maven using the -X switch to enable full debug logging.
[ERROR] 
[ERROR] For more information about the errors and possible solutions, please read the following articles:
[ERROR] [Help 1] http://cwiki.apache.org/confluence/display/MAVEN/MojoFailureException
