[INFO] Scanning for projects...
[INFO]                                                                         
[INFO] ------------------------------------------------------------------------
[INFO] Building Spring Data JPA - Example 1.0.0.BUILD-SNAPSHOT
[INFO] ------------------------------------------------------------------------
[INFO] 
[INFO] --- maven-resources-plugin:2.6:resources (default-resources) @ spring-data-jpa-example ---
[INFO] Using 'UTF-8' encoding to copy filtered resources.
[INFO] skip non existing resourceDirectory /home/guilherme/spring-projects/maven/spring-data-examples/jpa/example/src/main/resources
[INFO] skip non existing resourceDirectory /home/guilherme/spring-projects/maven/spring-data-examples/jpa/example/src/main/resources
[INFO] 
[INFO] --- maven-compiler-plugin:3.1:compile (default-compile) @ spring-data-jpa-example ---
[INFO] Changes detected - recompiling the module!
[INFO] Compiling 30 source files to /home/guilherme/spring-projects/maven/spring-data-examples/jpa/example/target/classes
[INFO] 
[INFO] --- maven-resources-plugin:2.6:testResources (default-testResources) @ spring-data-jpa-example ---
[INFO] Using 'UTF-8' encoding to copy filtered resources.
[INFO] Copying 1 resource
[INFO] 
[INFO] --- maven-compiler-plugin:3.1:testCompile (default-testCompile) @ spring-data-jpa-example ---
[INFO] Changes detected - recompiling the module!
[INFO] Compiling 9 source files to /home/guilherme/spring-projects/maven/spring-data-examples/jpa/example/target/test-classes
[INFO] 
[INFO] --- maven-surefire-plugin:2.16:test (default-test) @ spring-data-jpa-example ---
[INFO] Surefire report directory: /home/guilherme/spring-projects/maven/spring-data-examples/jpa/example/target/surefire-reports

-------------------------------------------------------
 T E S T S
-------------------------------------------------------
Running example.springdata.jpa.basics.BasicSample
Tests run: 1, Failures: 0, Errors: 0, Skipped: 0, Time elapsed: 1.549 sec - in example.springdata.jpa.basics.BasicSample
Running example.springdata.jpa.custom.UserRepositoryCustomizationTests
Tests run: 3, Failures: 0, Errors: 0, Skipped: 0, Time elapsed: 1.683 sec - in example.springdata.jpa.custom.UserRepositoryCustomizationTests
Running example.springdata.jpa.customall.UserRepositoryCustomizationTests
Tests run: 1, Failures: 0, Errors: 0, Skipped: 0, Time elapsed: 0.607 sec - in example.springdata.jpa.customall.UserRepositoryCustomizationTests
Running example.springdata.jpa.simple.SimpleUserRepositoryTests
Tests run: 9, Failures: 0, Errors: 0, Skipped: 0, Time elapsed: 0.615 sec - in example.springdata.jpa.simple.SimpleUserRepositoryTests
Running example.springdata.jpa.projections.CustomerRepositoryIntegrationTest
Tests run: 9, Failures: 0, Errors: 0, Skipped: 0, Time elapsed: 0.497 sec - in example.springdata.jpa.projections.CustomerRepositoryIntegrationTest
Running example.springdata.jpa.basics.BasicFactorySetup
Tests run: 1, Failures: 0, Errors: 0, Skipped: 0, Time elapsed: 0.041 sec - in example.springdata.jpa.basics.BasicFactorySetup
Running example.springdata.jpa.auditing.AuditableUserSample
Tests run: 1, Failures: 0, Errors: 0, Skipped: 0, Time elapsed: 0.473 sec - in example.springdata.jpa.auditing.AuditableUserSample

Results :

Tests run: 25, Failures: 0, Errors: 0, Skipped: 0

[INFO] ------------------------------------------------------------------------
[INFO] BUILD SUCCESS
[INFO] ------------------------------------------------------------------------
[INFO] Total time: 8.822 s
[INFO] Finished at: 2017-03-03T10:45:00-03:00
[INFO] Final Memory: 30M/282M
[INFO] ------------------------------------------------------------------------
