[INFO] Scanning for projects...
[INFO]                                                                         
[INFO] ------------------------------------------------------------------------
[INFO] Building Spring Boot Loader 2.0.0.BUILD-SNAPSHOT
[INFO] ------------------------------------------------------------------------
[INFO] 
[INFO] --- maven-checkstyle-plugin:2.17:check (checkstyle-validation) @ spring-boot-loader ---
[INFO] Starting audit...
Audit done.
[INFO] 
[INFO] --- maven-enforcer-plugin:1.4:enforce (enforce-rules) @ spring-boot-loader ---
[INFO] 
[INFO] --- maven-resources-plugin:2.7:resources (default-resources) @ spring-boot-loader ---
[INFO] Using 'UTF-8' encoding to copy filtered resources.
[INFO] skip non existing resourceDirectory /home/guilherme/spring-projects/maven/spring-boot/spring-boot-tools/spring-boot-loader/src/main/resources
[INFO] 
[INFO] --- maven-compiler-plugin:3.1:compile (default-compile) @ spring-boot-loader ---
[INFO] Nothing to compile - all classes are up to date
[INFO] 
[INFO] --- maven-resources-plugin:2.7:testResources (default-testResources) @ spring-boot-loader ---
[INFO] Using 'UTF-8' encoding to copy filtered resources.
[INFO] Copying 8 resources
[INFO] 
[INFO] --- maven-compiler-plugin:3.1:testCompile (default-testCompile) @ spring-boot-loader ---
[INFO] Nothing to compile - all classes are up to date
[INFO] 
[INFO] --- maven-surefire-plugin:2.16:test (default-test) @ spring-boot-loader ---
[INFO] Surefire report directory: /home/guilherme/spring-projects/maven/spring-boot/spring-boot-tools/spring-boot-loader/target/surefire-reports

-------------------------------------------------------
 T E S T S
-------------------------------------------------------
Running org.springframework.boot.loader.archive.JarFileArchiveTests
Tests run: 7, Failures: 0, Errors: 0, Skipped: 0, Time elapsed: 0.15 sec - in org.springframework.boot.loader.archive.JarFileArchiveTests
Running org.springframework.boot.loader.jar.JarURLConnectionTests
Tests run: 10, Failures: 0, Errors: 0, Skipped: 0, Time elapsed: 0.055 sec - in org.springframework.boot.loader.jar.JarURLConnectionTests
Running org.springframework.boot.loader.archive.ExplodedArchiveTests
Tests run: 11, Failures: 0, Errors: 0, Skipped: 0, Time elapsed: 0.147 sec - in org.springframework.boot.loader.archive.ExplodedArchiveTests
Running org.springframework.boot.loader.jar.CentralDirectoryParserTests
Tests run: 2, Failures: 0, Errors: 0, Skipped: 0, Time elapsed: 0.095 sec - in org.springframework.boot.loader.jar.CentralDirectoryParserTests
Running org.springframework.boot.loader.data.RandomAccessDataFileTests
Tests run: 28, Failures: 0, Errors: 0, Skipped: 0, Time elapsed: 0.051 sec - in org.springframework.boot.loader.data.RandomAccessDataFileTests
Running org.springframework.boot.loader.PropertiesLauncherTests
Tests run: 17, Failures: 0, Errors: 0, Skipped: 0, Time elapsed: 0.524 sec - in org.springframework.boot.loader.PropertiesLauncherTests
Running org.springframework.boot.loader.util.SystemPropertyUtilsTests
Tests run: 4, Failures: 0, Errors: 0, Skipped: 0, Time elapsed: 0.002 sec - in org.springframework.boot.loader.util.SystemPropertyUtilsTests
Running org.springframework.boot.loader.jar.JarFileTests
Tests run: 31, Failures: 0, Errors: 0, Skipped: 0, Time elapsed: 0.357 sec - in org.springframework.boot.loader.jar.JarFileTests
Running org.springframework.boot.loader.jar.HandlerTests
Tests run: 10, Failures: 0, Errors: 0, Skipped: 0, Time elapsed: 0.008 sec - in org.springframework.boot.loader.jar.HandlerTests
Running org.springframework.boot.loader.data.ByteArrayRandomAccessDataTests
Tests run: 2, Failures: 0, Errors: 0, Skipped: 0, Time elapsed: 0.016 sec - in org.springframework.boot.loader.data.ByteArrayRandomAccessDataTests
Running org.springframework.boot.loader.WarLauncherTests
Tests run: 2, Failures: 0, Errors: 0, Skipped: 0, Time elapsed: 0.047 sec - in org.springframework.boot.loader.WarLauncherTests
Running org.springframework.boot.loader.jar.AsciiBytesTests
Tests run: 15, Failures: 0, Errors: 0, Skipped: 0, Time elapsed: 0.008 sec - in org.springframework.boot.loader.jar.AsciiBytesTests
Running org.springframework.boot.loader.LaunchedURLClassLoaderTests
Tests run: 6, Failures: 0, Errors: 0, Skipped: 0, Time elapsed: 0.009 sec - in org.springframework.boot.loader.LaunchedURLClassLoaderTests
Running org.springframework.boot.loader.jar.JarEntryNameTests
Tests run: 4, Failures: 0, Errors: 0, Skipped: 0, Time elapsed: 0.001 sec - in org.springframework.boot.loader.jar.JarEntryNameTests

Results :

Tests run: 149, Failures: 0, Errors: 0, Skipped: 0

[INFO] 
[INFO] --- animal-sniffer-maven-plugin:1.15:check (enforce-java-6) @ spring-boot-loader ---
[INFO] Checking unresolved references to org.codehaus.mojo.signature:java18:1.0
[ERROR] /home/guilherme/spring-projects/maven/spring-boot/spring-boot-tools/spring-boot-loader/src/main/java/org/springframework/boot/loader/jar/Bytes.java:30: Undefined reference: com_atlassian_clover.CloverProfile
[ERROR] /home/guilherme/spring-projects/maven/spring-boot/spring-boot-tools/spring-boot-loader/src/main/java/org/springframework/boot/loader/jar/Bytes.java:30: Undefined reference: void com_atlassian_clover.CloverVersionInfo.An_old_version_of_clover_is_on_your_compilation_classpath___Please_remove___Required_version_is___4_1_2()
[ERROR] /home/guilherme/spring-projects/maven/spring-boot/spring-boot-tools/spring-boot-loader/src/main/java/org/springframework/boot/loader/jar/Bytes.java:30: Undefined reference: long com_atlassian_clover.CloverVersionInfo.getBuildStamp()
[ERROR] /home/guilherme/spring-projects/maven/spring-boot/spring-boot-tools/spring-boot-loader/src/main/java/org/springframework/boot/loader/jar/Bytes.java:30: Undefined reference: void com_atlassian_clover.Clover.l(String)
[ERROR] /home/guilherme/spring-projects/maven/spring-boot/spring-boot-tools/spring-boot-loader/src/main/java/org/springframework/boot/loader/jar/Bytes.java:30: Undefined reference: String com_atlassian_clover.CloverVersionInfo.getReleaseNum()
[ERROR] /home/guilherme/spring-projects/maven/spring-boot/spring-boot-tools/spring-boot-loader/src/main/java/org/springframework/boot/loader/jar/Bytes.java:30: Undefined reference: long com_atlassian_clover.CloverVersionInfo.getBuildStamp()
[ERROR] /home/guilherme/spring-projects/maven/spring-boot/spring-boot-tools/spring-boot-loader/src/main/java/org/springframework/boot/loader/jar/Bytes.java:30: Undefined reference: void com_atlassian_clover.Clover.l(String)
[ERROR] /home/guilherme/spring-projects/maven/spring-boot/spring-boot-tools/spring-boot-loader/src/main/java/org/springframework/boot/loader/jar/Bytes.java:30: Undefined reference: com_atlassian_clover.CoverageRecorder com_atlassian_clover.Clover.getNullRecorder()
[ERROR] /home/guilherme/spring-projects/maven/spring-boot/spring-boot-tools/spring-boot-loader/src/main/java/org/springframework/boot/loader/jar/Bytes.java:30: Undefined reference: com_atlassian_clover.CoverageRecorder com_atlassian_clover.Clover.getNullRecorder()
[ERROR] /home/guilherme/spring-projects/maven/spring-boot/spring-boot-tools/spring-boot-loader/src/main/java/org/springframework/boot/loader/jar/Bytes.java:30: Undefined reference: com_atlassian_clover.CoverageRecorder com_atlassian_clover.Clover.getRecorder(String, long, long, int, com_atlassian_clover.CloverProfile[], String[])
[ERROR] /home/guilherme/spring-projects/maven/spring-boot/spring-boot-tools/spring-boot-loader/src/main/java/org/springframework/boot/loader/jar/Bytes.java:30: Undefined reference: void com_atlassian_clover.CoverageRecorder.inc(int)
[ERROR] /home/guilherme/spring-projects/maven/spring-boot/spring-boot-tools/spring-boot-loader/src/main/java/org/springframework/boot/loader/jar/Bytes.java:30: Undefined reference: void com_atlassian_clover.CoverageRecorder.inc(int)
[ERROR] /home/guilherme/spring-projects/maven/spring-boot/spring-boot-tools/spring-boot-loader/src/main/java/org/springframework/boot/loader/jar/Handler.java:39: Undefined reference: com_atlassian_clover.CloverProfile
[ERROR] /home/guilherme/spring-projects/maven/spring-boot/spring-boot-tools/spring-boot-loader/src/main/java/org/springframework/boot/loader/jar/Handler.java:39: Undefined reference: void com_atlassian_clover.CloverVersionInfo.An_old_version_of_clover_is_on_your_compilation_classpath___Please_remove___Required_version_is___4_1_2()
[ERROR] /home/guilherme/spring-projects/maven/spring-boot/spring-boot-tools/spring-boot-loader/src/main/java/org/springframework/boot/loader/jar/Handler.java:39: Undefined reference: long com_atlassian_clover.CloverVersionInfo.getBuildStamp()
[ERROR] /home/guilherme/spring-projects/maven/spring-boot/spring-boot-tools/spring-boot-loader/src/main/java/org/springframework/boot/loader/jar/Handler.java:39: Undefined reference: void com_atlassian_clover.Clover.l(String)
[ERROR] /home/guilherme/spring-projects/maven/spring-boot/spring-boot-tools/spring-boot-loader/src/main/java/org/springframework/boot/loader/jar/Handler.java:39: Undefined reference: String com_atlassian_clover.CloverVersionInfo.getReleaseNum()
[ERROR] /home/guilherme/spring-projects/maven/spring-boot/spring-boot-tools/spring-boot-loader/src/main/java/org/springframework/boot/loader/jar/Handler.java:39: Undefined reference: long com_atlassian_clover.CloverVersionInfo.getBuildStamp()
[ERROR] /home/guilherme/spring-projects/maven/spring-boot/spring-boot-tools/spring-boot-loader/src/main/java/org/springframework/boot/loader/jar/Handler.java:39: Undefined reference: void com_atlassian_clover.Clover.l(String)
[ERROR] /home/guilherme/spring-projects/maven/spring-boot/spring-boot-tools/spring-boot-loader/src/main/java/org/springframework/boot/loader/jar/Handler.java:39: Undefined reference: com_atlassian_clover.CoverageRecorder com_atlassian_clover.Clover.getNullRecorder()
[ERROR] /home/guilherme/spring-projects/maven/spring-boot/spring-boot-tools/spring-boot-loader/src/main/java/org/springframework/boot/loader/jar/Handler.java:39: Undefined reference: com_atlassian_clover.CoverageRecorder com_atlassian_clover.Clover.getNullRecorder()
[ERROR] /home/guilherme/spring-projects/maven/spring-boot/spring-boot-tools/spring-boot-loader/src/main/java/org/springframework/boot/loader/jar/Handler.java:39: Undefined reference: com_atlassian_clover.CoverageRecorder com_atlassian_clover.Clover.getRecorder(String, long, long, int, com_atlassian_clover.CloverProfile[], String[])
[ERROR] /home/guilherme/spring-projects/maven/spring-boot/spring-boot-tools/spring-boot-loader/src/main/java/org/springframework/boot/loader/jar/JarEntry.java:32: Undefined reference: com_atlassian_clover.CloverProfile
[ERROR] /home/guilherme/spring-projects/maven/spring-boot/spring-boot-tools/spring-boot-loader/src/main/java/org/springframework/boot/loader/jar/JarEntry.java:32: Undefined reference: void com_atlassian_clover.CloverVersionInfo.An_old_version_of_clover_is_on_your_compilation_classpath___Please_remove___Required_version_is___4_1_2()
[ERROR] /home/guilherme/spring-projects/maven/spring-boot/spring-boot-tools/spring-boot-loader/src/main/java/org/springframework/boot/loader/jar/JarEntry.java:32: Undefined reference: long com_atlassian_clover.CloverVersionInfo.getBuildStamp()
[ERROR] /home/guilherme/spring-projects/maven/spring-boot/spring-boot-tools/spring-boot-loader/src/main/java/org/springframework/boot/loader/jar/JarEntry.java:32: Undefined reference: void com_atlassian_clover.Clover.l(String)
[ERROR] /home/guilherme/spring-projects/maven/spring-boot/spring-boot-tools/spring-boot-loader/src/main/java/org/springframework/boot/loader/jar/JarEntry.java:32: Undefined reference: String com_atlassian_clover.CloverVersionInfo.getReleaseNum()
[ERROR] /home/guilherme/spring-projects/maven/spring-boot/spring-boot-tools/spring-boot-loader/src/main/java/org/springframework/boot/loader/jar/JarEntry.java:32: Undefined reference: long com_atlassian_clover.CloverVersionInfo.getBuildStamp()
[ERROR] /home/guilherme/spring-projects/maven/spring-boot/spring-boot-tools/spring-boot-loader/src/main/java/org/springframework/boot/loader/jar/JarEntry.java:32: Undefined reference: void com_atlassian_clover.Clover.l(String)
[ERROR] /home/guilherme/spring-projects/maven/spring-boot/spring-boot-tools/spring-boot-loader/src/main/java/org/springframework/boot/loader/jar/JarEntry.java:32: Undefined reference: com_atlassian_clover.CoverageRecorder com_atlassian_clover.Clover.getNullRecorder()
[ERROR] /home/guilherme/spring-projects/maven/spring-boot/spring-boot-tools/spring-boot-loader/src/main/java/org/springframework/boot/loader/jar/JarEntry.java:32: Undefined reference: com_atlassian_clover.CoverageRecorder com_atlassian_clover.Clover.getNullRecorder()
[ERROR] /home/guilherme/spring-projects/maven/spring-boot/spring-boot-tools/spring-boot-loader/src/main/java/org/springframework/boot/loader/jar/JarEntry.java:32: Undefined reference: com_atlassian_clover.CoverageRecorder com_atlassian_clover.Clover.getRecorder(String, long, long, int, com_atlassian_clover.CloverProfile[], String[])
[ERROR] /home/guilherme/spring-projects/maven/spring-boot/spring-boot-tools/spring-boot-loader/src/main/java/org/springframework/boot/loader/jar/Handler.java:39: Undefined reference: void com_atlassian_clover.CoverageRecorder.inc(int)
[ERROR] /home/guilherme/spring-projects/maven/spring-boot/spring-boot-tools/spring-boot-loader/src/main/java/org/springframework/boot/loader/jar/Handler.java:39: Undefined reference: void com_atlassian_clover.CoverageRecorder.inc(int)
[ERROR] /home/guilherme/spring-projects/maven/spring-boot/spring-boot-tools/spring-boot-loader/src/main/java/org/springframework/boot/loader/jar/JarFile.java:49: Undefined reference: com_atlassian_clover.CloverProfile
[ERROR] /home/guilherme/spring-projects/maven/spring-boot/spring-boot-tools/spring-boot-loader/src/main/java/org/springframework/boot/loader/jar/JarFile.java:49: Undefined reference: void com_atlassian_clover.CloverVersionInfo.An_old_version_of_clover_is_on_your_compilation_classpath___Please_remove___Required_version_is___4_1_2()
[ERROR] /home/guilherme/spring-projects/maven/spring-boot/spring-boot-tools/spring-boot-loader/src/main/java/org/springframework/boot/loader/jar/JarFile.java:49: Undefined reference: long com_atlassian_clover.CloverVersionInfo.getBuildStamp()
[ERROR] /home/guilherme/spring-projects/maven/spring-boot/spring-boot-tools/spring-boot-loader/src/main/java/org/springframework/boot/loader/jar/JarFile.java:49: Undefined reference: void com_atlassian_clover.Clover.l(String)
[ERROR] /home/guilherme/spring-projects/maven/spring-boot/spring-boot-tools/spring-boot-loader/src/main/java/org/springframework/boot/loader/jar/JarFile.java:49: Undefined reference: String com_atlassian_clover.CloverVersionInfo.getReleaseNum()
[ERROR] /home/guilherme/spring-projects/maven/spring-boot/spring-boot-tools/spring-boot-loader/src/main/java/org/springframework/boot/loader/jar/JarFile.java:49: Undefined reference: long com_atlassian_clover.CloverVersionInfo.getBuildStamp()
[ERROR] /home/guilherme/spring-projects/maven/spring-boot/spring-boot-tools/spring-boot-loader/src/main/java/org/springframework/boot/loader/jar/JarFile.java:49: Undefined reference: void com_atlassian_clover.Clover.l(String)
[ERROR] /home/guilherme/spring-projects/maven/spring-boot/spring-boot-tools/spring-boot-loader/src/main/java/org/springframework/boot/loader/jar/JarFile.java:49: Undefined reference: com_atlassian_clover.CoverageRecorder com_atlassian_clover.Clover.getNullRecorder()
[ERROR] /home/guilherme/spring-projects/maven/spring-boot/spring-boot-tools/spring-boot-loader/src/main/java/org/springframework/boot/loader/jar/JarFile.java:49: Undefined reference: com_atlassian_clover.CoverageRecorder com_atlassian_clover.Clover.getNullRecorder()
[ERROR] /home/guilherme/spring-projects/maven/spring-boot/spring-boot-tools/spring-boot-loader/src/main/java/org/springframework/boot/loader/jar/JarFile.java:49: Undefined reference: com_atlassian_clover.CoverageRecorder com_atlassian_clover.Clover.getRecorder(String, long, long, int, com_atlassian_clover.CloverProfile[], String[])
[ERROR] /home/guilherme/spring-projects/maven/spring-boot/spring-boot-tools/spring-boot-loader/src/main/java/org/springframework/boot/loader/jar/AsciiBytes.java:27: Undefined reference: com_atlassian_clover.CloverProfile
[ERROR] /home/guilherme/spring-projects/maven/spring-boot/spring-boot-tools/spring-boot-loader/src/main/java/org/springframework/boot/loader/jar/AsciiBytes.java:27: Undefined reference: void com_atlassian_clover.CloverVersionInfo.An_old_version_of_clover_is_on_your_compilation_classpath___Please_remove___Required_version_is___4_1_2()
[ERROR] /home/guilherme/spring-projects/maven/spring-boot/spring-boot-tools/spring-boot-loader/src/main/java/org/springframework/boot/loader/jar/AsciiBytes.java:27: Undefined reference: long com_atlassian_clover.CloverVersionInfo.getBuildStamp()
[ERROR] /home/guilherme/spring-projects/maven/spring-boot/spring-boot-tools/spring-boot-loader/src/main/java/org/springframework/boot/loader/jar/AsciiBytes.java:27: Undefined reference: void com_atlassian_clover.Clover.l(String)
[ERROR] /home/guilherme/spring-projects/maven/spring-boot/spring-boot-tools/spring-boot-loader/src/main/java/org/springframework/boot/loader/jar/AsciiBytes.java:27: Undefined reference: String com_atlassian_clover.CloverVersionInfo.getReleaseNum()
[ERROR] /home/guilherme/spring-projects/maven/spring-boot/spring-boot-tools/spring-boot-loader/src/main/java/org/springframework/boot/loader/jar/AsciiBytes.java:27: Undefined reference: long com_atlassian_clover.CloverVersionInfo.getBuildStamp()
[ERROR] /home/guilherme/spring-projects/maven/spring-boot/spring-boot-tools/spring-boot-loader/src/main/java/org/springframework/boot/loader/jar/AsciiBytes.java:27: Undefined reference: void com_atlassian_clover.Clover.l(String)
[ERROR] /home/guilherme/spring-projects/maven/spring-boot/spring-boot-tools/spring-boot-loader/src/main/java/org/springframework/boot/loader/jar/AsciiBytes.java:27: Undefined reference: com_atlassian_clover.CoverageRecorder com_atlassian_clover.Clover.getNullRecorder()
[ERROR] /home/guilherme/spring-projects/maven/spring-boot/spring-boot-tools/spring-boot-loader/src/main/java/org/springframework/boot/loader/jar/AsciiBytes.java:27: Undefined reference: com_atlassian_clover.CoverageRecorder com_atlassian_clover.Clover.getNullRecorder()
[ERROR] /home/guilherme/spring-projects/maven/spring-boot/spring-boot-tools/spring-boot-loader/src/main/java/org/springframework/boot/loader/jar/AsciiBytes.java:27: Undefined reference: com_atlassian_clover.CoverageRecorder com_atlassian_clover.Clover.getRecorder(String, long, long, int, com_atlassian_clover.CloverProfile[], String[])
[ERROR] /home/guilherme/spring-projects/maven/spring-boot/spring-boot-tools/spring-boot-loader/src/main/java/org/springframework/boot/loader/jar/JarEntry.java:32: Undefined reference: void com_atlassian_clover.CoverageRecorder.inc(int)
[ERROR] /home/guilherme/spring-projects/maven/spring-boot/spring-boot-tools/spring-boot-loader/src/main/java/org/springframework/boot/loader/jar/JarEntry.java:32: Undefined reference: void com_atlassian_clover.CoverageRecorder.inc(int)
[ERROR] /home/guilherme/spring-projects/maven/spring-boot/spring-boot-tools/spring-boot-loader/src/main/java/org/springframework/boot/loader/jar/JarFile.java:49: Undefined reference: void com_atlassian_clover.CoverageRecorder.inc(int)
[ERROR] /home/guilherme/spring-projects/maven/spring-boot/spring-boot-tools/spring-boot-loader/src/main/java/org/springframework/boot/loader/jar/JarFile.java:49: Undefined reference: void com_atlassian_clover.CoverageRecorder.inc(int)
[ERROR] /home/guilherme/spring-projects/maven/spring-boot/spring-boot-tools/spring-boot-loader/src/main/java/org/springframework/boot/loader/jar/AsciiBytes.java:27: Undefined reference: void com_atlassian_clover.CoverageRecorder.inc(int)
[ERROR] /home/guilherme/spring-projects/maven/spring-boot/spring-boot-tools/spring-boot-loader/src/main/java/org/springframework/boot/loader/jar/AsciiBytes.java:27: Undefined reference: void com_atlassian_clover.CoverageRecorder.inc(int)
[ERROR] /home/guilherme/spring-projects/maven/spring-boot/spring-boot-tools/spring-boot-loader/src/main/java/org/springframework/boot/loader/jar/JarFileEntries.java:45: Undefined reference: com_atlassian_clover.CloverProfile
[ERROR] /home/guilherme/spring-projects/maven/spring-boot/spring-boot-tools/spring-boot-loader/src/main/java/org/springframework/boot/loader/jar/JarFileEntries.java:45: Undefined reference: void com_atlassian_clover.CloverVersionInfo.An_old_version_of_clover_is_on_your_compilation_classpath___Please_remove___Required_version_is___4_1_2()
[ERROR] /home/guilherme/spring-projects/maven/spring-boot/spring-boot-tools/spring-boot-loader/src/main/java/org/springframework/boot/loader/jar/JarFileEntries.java:45: Undefined reference: long com_atlassian_clover.CloverVersionInfo.getBuildStamp()
[ERROR] /home/guilherme/spring-projects/maven/spring-boot/spring-boot-tools/spring-boot-loader/src/main/java/org/springframework/boot/loader/jar/JarFileEntries.java:45: Undefined reference: void com_atlassian_clover.Clover.l(String)
[ERROR] /home/guilherme/spring-projects/maven/spring-boot/spring-boot-tools/spring-boot-loader/src/main/java/org/springframework/boot/loader/jar/JarFileEntries.java:45: Undefined reference: String com_atlassian_clover.CloverVersionInfo.getReleaseNum()
[ERROR] /home/guilherme/spring-projects/maven/spring-boot/spring-boot-tools/spring-boot-loader/src/main/java/org/springframework/boot/loader/jar/JarFileEntries.java:45: Undefined reference: long com_atlassian_clover.CloverVersionInfo.getBuildStamp()
[ERROR] /home/guilherme/spring-projects/maven/spring-boot/spring-boot-tools/spring-boot-loader/src/main/java/org/springframework/boot/loader/jar/JarFileEntries.java:45: Undefined reference: void com_atlassian_clover.Clover.l(String)
[ERROR] /home/guilherme/spring-projects/maven/spring-boot/spring-boot-tools/spring-boot-loader/src/main/java/org/springframework/boot/loader/jar/JarFileEntries.java:45: Undefined reference: com_atlassian_clover.CoverageRecorder com_atlassian_clover.Clover.getNullRecorder()
[ERROR] /home/guilherme/spring-projects/maven/spring-boot/spring-boot-tools/spring-boot-loader/src/main/java/org/springframework/boot/loader/jar/JarFileEntries.java:45: Undefined reference: com_atlassian_clover.CoverageRecorder com_atlassian_clover.Clover.getNullRecorder()
[ERROR] /home/guilherme/spring-projects/maven/spring-boot/spring-boot-tools/spring-boot-loader/src/main/java/org/springframework/boot/loader/jar/JarFileEntries.java:45: Undefined reference: com_atlassian_clover.CoverageRecorder com_atlassian_clover.Clover.getRecorder(String, long, long, int, com_atlassian_clover.CloverProfile[], String[])
[ERROR] /home/guilherme/spring-projects/maven/spring-boot/spring-boot-tools/spring-boot-loader/src/main/java/org/springframework/boot/loader/jar/JarFileEntries.java:45: Undefined reference: void com_atlassian_clover.CoverageRecorder.inc(int)
[ERROR] /home/guilherme/spring-projects/maven/spring-boot/spring-boot-tools/spring-boot-loader/src/main/java/org/springframework/boot/loader/jar/JarFileEntries.java:45: Undefined reference: void com_atlassian_clover.CoverageRecorder.inc(int)
[ERROR] /home/guilherme/spring-projects/maven/spring-boot/spring-boot-tools/spring-boot-loader/src/main/java/org/springframework/boot/loader/jar/JarURLConnection.java:38: Undefined reference: com_atlassian_clover.CloverProfile
[ERROR] /home/guilherme/spring-projects/maven/spring-boot/spring-boot-tools/spring-boot-loader/src/main/java/org/springframework/boot/loader/jar/JarURLConnection.java:38: Undefined reference: void com_atlassian_clover.CloverVersionInfo.An_old_version_of_clover_is_on_your_compilation_classpath___Please_remove___Required_version_is___4_1_2()
[ERROR] /home/guilherme/spring-projects/maven/spring-boot/spring-boot-tools/spring-boot-loader/src/main/java/org/springframework/boot/loader/jar/JarURLConnection.java:38: Undefined reference: long com_atlassian_clover.CloverVersionInfo.getBuildStamp()
[ERROR] /home/guilherme/spring-projects/maven/spring-boot/spring-boot-tools/spring-boot-loader/src/main/java/org/springframework/boot/loader/jar/JarURLConnection.java:38: Undefined reference: void com_atlassian_clover.Clover.l(String)
[ERROR] /home/guilherme/spring-projects/maven/spring-boot/spring-boot-tools/spring-boot-loader/src/main/java/org/springframework/boot/loader/jar/JarURLConnection.java:38: Undefined reference: String com_atlassian_clover.CloverVersionInfo.getReleaseNum()
[ERROR] /home/guilherme/spring-projects/maven/spring-boot/spring-boot-tools/spring-boot-loader/src/main/java/org/springframework/boot/loader/jar/JarURLConnection.java:38: Undefined reference: long com_atlassian_clover.CloverVersionInfo.getBuildStamp()
[ERROR] /home/guilherme/spring-projects/maven/spring-boot/spring-boot-tools/spring-boot-loader/src/main/java/org/springframework/boot/loader/jar/JarURLConnection.java:38: Undefined reference: void com_atlassian_clover.Clover.l(String)
[ERROR] /home/guilherme/spring-projects/maven/spring-boot/spring-boot-tools/spring-boot-loader/src/main/java/org/springframework/boot/loader/jar/JarURLConnection.java:38: Undefined reference: com_atlassian_clover.CoverageRecorder com_atlassian_clover.Clover.getNullRecorder()
[ERROR] /home/guilherme/spring-projects/maven/spring-boot/spring-boot-tools/spring-boot-loader/src/main/java/org/springframework/boot/loader/jar/JarURLConnection.java:38: Undefined reference: com_atlassian_clover.CoverageRecorder com_atlassian_clover.Clover.getNullRecorder()
[ERROR] /home/guilherme/spring-projects/maven/spring-boot/spring-boot-tools/spring-boot-loader/src/main/java/org/springframework/boot/loader/jar/JarURLConnection.java:38: Undefined reference: com_atlassian_clover.CoverageRecorder com_atlassian_clover.Clover.getRecorder(String, long, long, int, com_atlassian_clover.CloverProfile[], String[])
[ERROR] /home/guilherme/spring-projects/maven/spring-boot/spring-boot-tools/spring-boot-loader/src/main/java/org/springframework/boot/loader/jar/JarURLConnection.java:38: Undefined reference: void com_atlassian_clover.CoverageRecorder.inc(int)
[ERROR] /home/guilherme/spring-projects/maven/spring-boot/spring-boot-tools/spring-boot-loader/src/main/java/org/springframework/boot/loader/jar/JarURLConnection.java:38: Undefined reference: void com_atlassian_clover.CoverageRecorder.inc(int)
[ERROR] /home/guilherme/spring-projects/maven/spring-boot/spring-boot-tools/spring-boot-loader/src/main/java/org/springframework/boot/loader/jar/CentralDirectoryParser.java:31: Undefined reference: com_atlassian_clover.CloverProfile
[ERROR] /home/guilherme/spring-projects/maven/spring-boot/spring-boot-tools/spring-boot-loader/src/main/java/org/springframework/boot/loader/jar/CentralDirectoryParser.java:31: Undefined reference: void com_atlassian_clover.CloverVersionInfo.An_old_version_of_clover_is_on_your_compilation_classpath___Please_remove___Required_version_is___4_1_2()
[ERROR] /home/guilherme/spring-projects/maven/spring-boot/spring-boot-tools/spring-boot-loader/src/main/java/org/springframework/boot/loader/jar/CentralDirectoryParser.java:31: Undefined reference: long com_atlassian_clover.CloverVersionInfo.getBuildStamp()
[ERROR] /home/guilherme/spring-projects/maven/spring-boot/spring-boot-tools/spring-boot-loader/src/main/java/org/springframework/boot/loader/jar/CentralDirectoryParser.java:31: Undefined reference: void com_atlassian_clover.Clover.l(String)
[ERROR] /home/guilherme/spring-projects/maven/spring-boot/spring-boot-tools/spring-boot-loader/src/main/java/org/springframework/boot/loader/jar/CentralDirectoryParser.java:31: Undefined reference: String com_atlassian_clover.CloverVersionInfo.getReleaseNum()
[ERROR] /home/guilherme/spring-projects/maven/spring-boot/spring-boot-tools/spring-boot-loader/src/main/java/org/springframework/boot/loader/jar/CentralDirectoryParser.java:31: Undefined reference: long com_atlassian_clover.CloverVersionInfo.getBuildStamp()
[ERROR] /home/guilherme/spring-projects/maven/spring-boot/spring-boot-tools/spring-boot-loader/src/main/java/org/springframework/boot/loader/jar/CentralDirectoryParser.java:31: Undefined reference: void com_atlassian_clover.Clover.l(String)
[ERROR] /home/guilherme/spring-projects/maven/spring-boot/spring-boot-tools/spring-boot-loader/src/main/java/org/springframework/boot/loader/jar/CentralDirectoryParser.java:31: Undefined reference: com_atlassian_clover.CoverageRecorder com_atlassian_clover.Clover.getNullRecorder()
[ERROR] /home/guilherme/spring-projects/maven/spring-boot/spring-boot-tools/spring-boot-loader/src/main/java/org/springframework/boot/loader/jar/CentralDirectoryParser.java:31: Undefined reference: com_atlassian_clover.CoverageRecorder com_atlassian_clover.Clover.getNullRecorder()
[ERROR] /home/guilherme/spring-projects/maven/spring-boot/spring-boot-tools/spring-boot-loader/src/main/java/org/springframework/boot/loader/jar/CentralDirectoryParser.java:31: Undefined reference: com_atlassian_clover.CoverageRecorder com_atlassian_clover.Clover.getRecorder(String, long, long, int, com_atlassian_clover.CloverProfile[], String[])
[ERROR] /home/guilherme/spring-projects/maven/spring-boot/spring-boot-tools/spring-boot-loader/src/main/java/org/springframework/boot/loader/jar/CentralDirectoryParser.java:31: Undefined reference: void com_atlassian_clover.CoverageRecorder.inc(int)
[ERROR] /home/guilherme/spring-projects/maven/spring-boot/spring-boot-tools/spring-boot-loader/src/main/java/org/springframework/boot/loader/jar/CentralDirectoryParser.java:31: Undefined reference: void com_atlassian_clover.CoverageRecorder.inc(int)
[ERROR] /home/guilherme/spring-projects/maven/spring-boot/spring-boot-tools/spring-boot-loader/src/main/java/org/springframework/boot/loader/jar/ZipInflaterInputStream.java:31: Undefined reference: com_atlassian_clover.CloverProfile
[ERROR] /home/guilherme/spring-projects/maven/spring-boot/spring-boot-tools/spring-boot-loader/src/main/java/org/springframework/boot/loader/jar/ZipInflaterInputStream.java:31: Undefined reference: void com_atlassian_clover.CloverVersionInfo.An_old_version_of_clover_is_on_your_compilation_classpath___Please_remove___Required_version_is___4_1_2()
[ERROR] /home/guilherme/spring-projects/maven/spring-boot/spring-boot-tools/spring-boot-loader/src/main/java/org/springframework/boot/loader/jar/ZipInflaterInputStream.java:31: Undefined reference: long com_atlassian_clover.CloverVersionInfo.getBuildStamp()
[ERROR] /home/guilherme/spring-projects/maven/spring-boot/spring-boot-tools/spring-boot-loader/src/main/java/org/springframework/boot/loader/jar/ZipInflaterInputStream.java:31: Undefined reference: void com_atlassian_clover.Clover.l(String)
[ERROR] /home/guilherme/spring-projects/maven/spring-boot/spring-boot-tools/spring-boot-loader/src/main/java/org/springframework/boot/loader/jar/ZipInflaterInputStream.java:31: Undefined reference: String com_atlassian_clover.CloverVersionInfo.getReleaseNum()
[ERROR] /home/guilherme/spring-projects/maven/spring-boot/spring-boot-tools/spring-boot-loader/src/main/java/org/springframework/boot/loader/jar/ZipInflaterInputStream.java:31: Undefined reference: long com_atlassian_clover.CloverVersionInfo.getBuildStamp()
[ERROR] /home/guilherme/spring-projects/maven/spring-boot/spring-boot-tools/spring-boot-loader/src/main/java/org/springframework/boot/loader/jar/ZipInflaterInputStream.java:31: Undefined reference: void com_atlassian_clover.Clover.l(String)
[ERROR] /home/guilherme/spring-projects/maven/spring-boot/spring-boot-tools/spring-boot-loader/src/main/java/org/springframework/boot/loader/jar/ZipInflaterInputStream.java:31: Undefined reference: com_atlassian_clover.CoverageRecorder com_atlassian_clover.Clover.getNullRecorder()
[ERROR] /home/guilherme/spring-projects/maven/spring-boot/spring-boot-tools/spring-boot-loader/src/main/java/org/springframework/boot/loader/jar/ZipInflaterInputStream.java:31: Undefined reference: com_atlassian_clover.CoverageRecorder com_atlassian_clover.Clover.getNullRecorder()
[ERROR] /home/guilherme/spring-projects/maven/spring-boot/spring-boot-tools/spring-boot-loader/src/main/java/org/springframework/boot/loader/jar/ZipInflaterInputStream.java:31: Undefined reference: com_atlassian_clover.CoverageRecorder com_atlassian_clover.Clover.getRecorder(String, long, long, int, com_atlassian_clover.CloverProfile[], String[])
[ERROR] /home/guilherme/spring-projects/maven/spring-boot/spring-boot-tools/spring-boot-loader/src/main/java/org/springframework/boot/loader/jar/CentralDirectoryEndRecord.java:29: Undefined reference: com_atlassian_clover.CloverProfile
[ERROR] /home/guilherme/spring-projects/maven/spring-boot/spring-boot-tools/spring-boot-loader/src/main/java/org/springframework/boot/loader/jar/CentralDirectoryEndRecord.java:29: Undefined reference: void com_atlassian_clover.CloverVersionInfo.An_old_version_of_clover_is_on_your_compilation_classpath___Please_remove___Required_version_is___4_1_2()
[ERROR] /home/guilherme/spring-projects/maven/spring-boot/spring-boot-tools/spring-boot-loader/src/main/java/org/springframework/boot/loader/jar/CentralDirectoryEndRecord.java:29: Undefined reference: long com_atlassian_clover.CloverVersionInfo.getBuildStamp()
[ERROR] /home/guilherme/spring-projects/maven/spring-boot/spring-boot-tools/spring-boot-loader/src/main/java/org/springframework/boot/loader/jar/CentralDirectoryEndRecord.java:29: Undefined reference: void com_atlassian_clover.Clover.l(String)
[ERROR] /home/guilherme/spring-projects/maven/spring-boot/spring-boot-tools/spring-boot-loader/src/main/java/org/springframework/boot/loader/jar/CentralDirectoryEndRecord.java:29: Undefined reference: String com_atlassian_clover.CloverVersionInfo.getReleaseNum()
[ERROR] /home/guilherme/spring-projects/maven/spring-boot/spring-boot-tools/spring-boot-loader/src/main/java/org/springframework/boot/loader/jar/CentralDirectoryEndRecord.java:29: Undefined reference: long com_atlassian_clover.CloverVersionInfo.getBuildStamp()
[ERROR] /home/guilherme/spring-projects/maven/spring-boot/spring-boot-tools/spring-boot-loader/src/main/java/org/springframework/boot/loader/jar/CentralDirectoryEndRecord.java:29: Undefined reference: void com_atlassian_clover.Clover.l(String)
[ERROR] /home/guilherme/spring-projects/maven/spring-boot/spring-boot-tools/spring-boot-loader/src/main/java/org/springframework/boot/loader/jar/CentralDirectoryEndRecord.java:29: Undefined reference: com_atlassian_clover.CoverageRecorder com_atlassian_clover.Clover.getNullRecorder()
[ERROR] /home/guilherme/spring-projects/maven/spring-boot/spring-boot-tools/spring-boot-loader/src/main/java/org/springframework/boot/loader/jar/CentralDirectoryEndRecord.java:29: Undefined reference: com_atlassian_clover.CoverageRecorder com_atlassian_clover.Clover.getNullRecorder()
[ERROR] /home/guilherme/spring-projects/maven/spring-boot/spring-boot-tools/spring-boot-loader/src/main/java/org/springframework/boot/loader/jar/CentralDirectoryEndRecord.java:29: Undefined reference: com_atlassian_clover.CoverageRecorder com_atlassian_clover.Clover.getRecorder(String, long, long, int, com_atlassian_clover.CloverProfile[], String[])
[ERROR] /home/guilherme/spring-projects/maven/spring-boot/spring-boot-tools/spring-boot-loader/src/main/java/org/springframework/boot/loader/jar/CentralDirectoryFileHeader.java:33: Undefined reference: com_atlassian_clover.CloverProfile
[ERROR] /home/guilherme/spring-projects/maven/spring-boot/spring-boot-tools/spring-boot-loader/src/main/java/org/springframework/boot/loader/jar/CentralDirectoryFileHeader.java:33: Undefined reference: void com_atlassian_clover.CloverVersionInfo.An_old_version_of_clover_is_on_your_compilation_classpath___Please_remove___Required_version_is___4_1_2()
[ERROR] /home/guilherme/spring-projects/maven/spring-boot/spring-boot-tools/spring-boot-loader/src/main/java/org/springframework/boot/loader/jar/CentralDirectoryFileHeader.java:33: Undefined reference: long com_atlassian_clover.CloverVersionInfo.getBuildStamp()
[ERROR] /home/guilherme/spring-projects/maven/spring-boot/spring-boot-tools/spring-boot-loader/src/main/java/org/springframework/boot/loader/jar/CentralDirectoryFileHeader.java:33: Undefined reference: void com_atlassian_clover.Clover.l(String)
[ERROR] /home/guilherme/spring-projects/maven/spring-boot/spring-boot-tools/spring-boot-loader/src/main/java/org/springframework/boot/loader/jar/CentralDirectoryFileHeader.java:33: Undefined reference: String com_atlassian_clover.CloverVersionInfo.getReleaseNum()
[ERROR] /home/guilherme/spring-projects/maven/spring-boot/spring-boot-tools/spring-boot-loader/src/main/java/org/springframework/boot/loader/jar/CentralDirectoryFileHeader.java:33: Undefined reference: long com_atlassian_clover.CloverVersionInfo.getBuildStamp()
[ERROR] /home/guilherme/spring-projects/maven/spring-boot/spring-boot-tools/spring-boot-loader/src/main/java/org/springframework/boot/loader/jar/CentralDirectoryFileHeader.java:33: Undefined reference: void com_atlassian_clover.Clover.l(String)
[ERROR] /home/guilherme/spring-projects/maven/spring-boot/spring-boot-tools/spring-boot-loader/src/main/java/org/springframework/boot/loader/jar/CentralDirectoryFileHeader.java:33: Undefined reference: com_atlassian_clover.CoverageRecorder com_atlassian_clover.Clover.getNullRecorder()
[ERROR] /home/guilherme/spring-projects/maven/spring-boot/spring-boot-tools/spring-boot-loader/src/main/java/org/springframework/boot/loader/jar/CentralDirectoryFileHeader.java:33: Undefined reference: com_atlassian_clover.CoverageRecorder com_atlassian_clover.Clover.getNullRecorder()
[ERROR] /home/guilherme/spring-projects/maven/spring-boot/spring-boot-tools/spring-boot-loader/src/main/java/org/springframework/boot/loader/jar/CentralDirectoryFileHeader.java:33: Undefined reference: com_atlassian_clover.CoverageRecorder com_atlassian_clover.Clover.getRecorder(String, long, long, int, com_atlassian_clover.CloverProfile[], String[])
[ERROR] /home/guilherme/spring-projects/maven/spring-boot/spring-boot-tools/spring-boot-loader/src/main/java/org/springframework/boot/loader/jar/ZipInflaterInputStream.java:31: Undefined reference: void com_atlassian_clover.CoverageRecorder.inc(int)
[ERROR] /home/guilherme/spring-projects/maven/spring-boot/spring-boot-tools/spring-boot-loader/src/main/java/org/springframework/boot/loader/jar/ZipInflaterInputStream.java:31: Undefined reference: void com_atlassian_clover.CoverageRecorder.inc(int)
[ERROR] /home/guilherme/spring-projects/maven/spring-boot/spring-boot-tools/spring-boot-loader/src/main/java/org/springframework/boot/loader/jar/CentralDirectoryEndRecord.java:29: Undefined reference: void com_atlassian_clover.CoverageRecorder.inc(int)
[ERROR] /home/guilherme/spring-projects/maven/spring-boot/spring-boot-tools/spring-boot-loader/src/main/java/org/springframework/boot/loader/jar/CentralDirectoryEndRecord.java:29: Undefined reference: void com_atlassian_clover.CoverageRecorder.inc(int)
[ERROR] /home/guilherme/spring-projects/maven/spring-boot/spring-boot-tools/spring-boot-loader/src/main/java/org/springframework/boot/loader/jar/CentralDirectoryFileHeader.java:33: Undefined reference: void com_atlassian_clover.CoverageRecorder.inc(int)
[ERROR] /home/guilherme/spring-projects/maven/spring-boot/spring-boot-tools/spring-boot-loader/src/main/java/org/springframework/boot/loader/jar/CentralDirectoryFileHeader.java:33: Undefined reference: void com_atlassian_clover.CoverageRecorder.inc(int)
[ERROR] /home/guilherme/spring-projects/maven/spring-boot/spring-boot-tools/spring-boot-loader/src/main/java/org/springframework/boot/loader/data/RandomAccessDataFile.java:32: Undefined reference: com_atlassian_clover.CloverProfile
[ERROR] /home/guilherme/spring-projects/maven/spring-boot/spring-boot-tools/spring-boot-loader/src/main/java/org/springframework/boot/loader/data/RandomAccessDataFile.java:32: Undefined reference: void com_atlassian_clover.CloverVersionInfo.An_old_version_of_clover_is_on_your_compilation_classpath___Please_remove___Required_version_is___4_1_2()
[ERROR] /home/guilherme/spring-projects/maven/spring-boot/spring-boot-tools/spring-boot-loader/src/main/java/org/springframework/boot/loader/data/RandomAccessDataFile.java:32: Undefined reference: long com_atlassian_clover.CloverVersionInfo.getBuildStamp()
[ERROR] /home/guilherme/spring-projects/maven/spring-boot/spring-boot-tools/spring-boot-loader/src/main/java/org/springframework/boot/loader/data/RandomAccessDataFile.java:32: Undefined reference: void com_atlassian_clover.Clover.l(String)
[ERROR] /home/guilherme/spring-projects/maven/spring-boot/spring-boot-tools/spring-boot-loader/src/main/java/org/springframework/boot/loader/data/RandomAccessDataFile.java:32: Undefined reference: String com_atlassian_clover.CloverVersionInfo.getReleaseNum()
[ERROR] /home/guilherme/spring-projects/maven/spring-boot/spring-boot-tools/spring-boot-loader/src/main/java/org/springframework/boot/loader/data/RandomAccessDataFile.java:32: Undefined reference: long com_atlassian_clover.CloverVersionInfo.getBuildStamp()
[ERROR] /home/guilherme/spring-projects/maven/spring-boot/spring-boot-tools/spring-boot-loader/src/main/java/org/springframework/boot/loader/data/RandomAccessDataFile.java:32: Undefined reference: void com_atlassian_clover.Clover.l(String)
[ERROR] /home/guilherme/spring-projects/maven/spring-boot/spring-boot-tools/spring-boot-loader/src/main/java/org/springframework/boot/loader/data/RandomAccessDataFile.java:32: Undefined reference: com_atlassian_clover.CoverageRecorder com_atlassian_clover.Clover.getNullRecorder()
[ERROR] /home/guilherme/spring-projects/maven/spring-boot/spring-boot-tools/spring-boot-loader/src/main/java/org/springframework/boot/loader/data/RandomAccessDataFile.java:32: Undefined reference: com_atlassian_clover.CoverageRecorder com_atlassian_clover.Clover.getNullRecorder()
[ERROR] /home/guilherme/spring-projects/maven/spring-boot/spring-boot-tools/spring-boot-loader/src/main/java/org/springframework/boot/loader/data/RandomAccessDataFile.java:32: Undefined reference: com_atlassian_clover.CoverageRecorder com_atlassian_clover.Clover.getRecorder(String, long, long, int, com_atlassian_clover.CloverProfile[], String[])
[ERROR] /home/guilherme/spring-projects/maven/spring-boot/spring-boot-tools/spring-boot-loader/src/main/java/org/springframework/boot/loader/data/RandomAccessDataFile.java:32: Undefined reference: void com_atlassian_clover.CoverageRecorder.inc(int)
[ERROR] /home/guilherme/spring-projects/maven/spring-boot/spring-boot-tools/spring-boot-loader/src/main/java/org/springframework/boot/loader/data/RandomAccessDataFile.java:32: Undefined reference: void com_atlassian_clover.CoverageRecorder.inc(int)
[ERROR] /home/guilherme/spring-projects/maven/spring-boot/spring-boot-tools/spring-boot-loader/src/main/java/org/springframework/boot/loader/data/ByteArrayRandomAccessData.java:27: Undefined reference: com_atlassian_clover.CloverProfile
[ERROR] /home/guilherme/spring-projects/maven/spring-boot/spring-boot-tools/spring-boot-loader/src/main/java/org/springframework/boot/loader/data/ByteArrayRandomAccessData.java:27: Undefined reference: void com_atlassian_clover.CloverVersionInfo.An_old_version_of_clover_is_on_your_compilation_classpath___Please_remove___Required_version_is___4_1_2()
[ERROR] /home/guilherme/spring-projects/maven/spring-boot/spring-boot-tools/spring-boot-loader/src/main/java/org/springframework/boot/loader/data/ByteArrayRandomAccessData.java:27: Undefined reference: long com_atlassian_clover.CloverVersionInfo.getBuildStamp()
[ERROR] /home/guilherme/spring-projects/maven/spring-boot/spring-boot-tools/spring-boot-loader/src/main/java/org/springframework/boot/loader/data/ByteArrayRandomAccessData.java:27: Undefined reference: void com_atlassian_clover.Clover.l(String)
[ERROR] /home/guilherme/spring-projects/maven/spring-boot/spring-boot-tools/spring-boot-loader/src/main/java/org/springframework/boot/loader/data/ByteArrayRandomAccessData.java:27: Undefined reference: String com_atlassian_clover.CloverVersionInfo.getReleaseNum()
[ERROR] /home/guilherme/spring-projects/maven/spring-boot/spring-boot-tools/spring-boot-loader/src/main/java/org/springframework/boot/loader/data/ByteArrayRandomAccessData.java:27: Undefined reference: long com_atlassian_clover.CloverVersionInfo.getBuildStamp()
[ERROR] /home/guilherme/spring-projects/maven/spring-boot/spring-boot-tools/spring-boot-loader/src/main/java/org/springframework/boot/loader/data/ByteArrayRandomAccessData.java:27: Undefined reference: void com_atlassian_clover.Clover.l(String)
[ERROR] /home/guilherme/spring-projects/maven/spring-boot/spring-boot-tools/spring-boot-loader/src/main/java/org/springframework/boot/loader/data/ByteArrayRandomAccessData.java:27: Undefined reference: com_atlassian_clover.CoverageRecorder com_atlassian_clover.Clover.getNullRecorder()
[ERROR] /home/guilherme/spring-projects/maven/spring-boot/spring-boot-tools/spring-boot-loader/src/main/java/org/springframework/boot/loader/data/ByteArrayRandomAccessData.java:27: Undefined reference: com_atlassian_clover.CoverageRecorder com_atlassian_clover.Clover.getNullRecorder()
[ERROR] /home/guilherme/spring-projects/maven/spring-boot/spring-boot-tools/spring-boot-loader/src/main/java/org/springframework/boot/loader/data/ByteArrayRandomAccessData.java:27: Undefined reference: com_atlassian_clover.CoverageRecorder com_atlassian_clover.Clover.getRecorder(String, long, long, int, com_atlassian_clover.CloverProfile[], String[])
[ERROR] /home/guilherme/spring-projects/maven/spring-boot/spring-boot-tools/spring-boot-loader/src/main/java/org/springframework/boot/loader/data/ByteArrayRandomAccessData.java:27: Undefined reference: void com_atlassian_clover.CoverageRecorder.inc(int)
[ERROR] /home/guilherme/spring-projects/maven/spring-boot/spring-boot-tools/spring-boot-loader/src/main/java/org/springframework/boot/loader/data/ByteArrayRandomAccessData.java:27: Undefined reference: void com_atlassian_clover.CoverageRecorder.inc(int)
[ERROR] /home/guilherme/spring-projects/maven/spring-boot/spring-boot-tools/spring-boot-loader/src/main/java/org/springframework/boot/loader/util/SystemPropertyUtils.java:38: Undefined reference: com_atlassian_clover.CloverProfile
[ERROR] /home/guilherme/spring-projects/maven/spring-boot/spring-boot-tools/spring-boot-loader/src/main/java/org/springframework/boot/loader/util/SystemPropertyUtils.java:38: Undefined reference: void com_atlassian_clover.CloverVersionInfo.An_old_version_of_clover_is_on_your_compilation_classpath___Please_remove___Required_version_is___4_1_2()
[ERROR] /home/guilherme/spring-projects/maven/spring-boot/spring-boot-tools/spring-boot-loader/src/main/java/org/springframework/boot/loader/util/SystemPropertyUtils.java:38: Undefined reference: long com_atlassian_clover.CloverVersionInfo.getBuildStamp()
[ERROR] /home/guilherme/spring-projects/maven/spring-boot/spring-boot-tools/spring-boot-loader/src/main/java/org/springframework/boot/loader/util/SystemPropertyUtils.java:38: Undefined reference: void com_atlassian_clover.Clover.l(String)
[ERROR] /home/guilherme/spring-projects/maven/spring-boot/spring-boot-tools/spring-boot-loader/src/main/java/org/springframework/boot/loader/util/SystemPropertyUtils.java:38: Undefined reference: String com_atlassian_clover.CloverVersionInfo.getReleaseNum()
[ERROR] /home/guilherme/spring-projects/maven/spring-boot/spring-boot-tools/spring-boot-loader/src/main/java/org/springframework/boot/loader/util/SystemPropertyUtils.java:38: Undefined reference: long com_atlassian_clover.CloverVersionInfo.getBuildStamp()
[ERROR] /home/guilherme/spring-projects/maven/spring-boot/spring-boot-tools/spring-boot-loader/src/main/java/org/springframework/boot/loader/util/SystemPropertyUtils.java:38: Undefined reference: void com_atlassian_clover.Clover.l(String)
[ERROR] /home/guilherme/spring-projects/maven/spring-boot/spring-boot-tools/spring-boot-loader/src/main/java/org/springframework/boot/loader/util/SystemPropertyUtils.java:38: Undefined reference: com_atlassian_clover.CoverageRecorder com_atlassian_clover.Clover.getNullRecorder()
[ERROR] /home/guilherme/spring-projects/maven/spring-boot/spring-boot-tools/spring-boot-loader/src/main/java/org/springframework/boot/loader/util/SystemPropertyUtils.java:38: Undefined reference: com_atlassian_clover.CoverageRecorder com_atlassian_clover.Clover.getNullRecorder()
[ERROR] /home/guilherme/spring-projects/maven/spring-boot/spring-boot-tools/spring-boot-loader/src/main/java/org/springframework/boot/loader/util/SystemPropertyUtils.java:38: Undefined reference: com_atlassian_clover.CoverageRecorder com_atlassian_clover.Clover.getRecorder(String, long, long, int, com_atlassian_clover.CloverProfile[], String[])
[ERROR] /home/guilherme/spring-projects/maven/spring-boot/spring-boot-tools/spring-boot-loader/src/main/java/org/springframework/boot/loader/util/SystemPropertyUtils.java:38: Undefined reference: void com_atlassian_clover.CoverageRecorder.inc(int)
[ERROR] /home/guilherme/spring-projects/maven/spring-boot/spring-boot-tools/spring-boot-loader/src/main/java/org/springframework/boot/loader/util/SystemPropertyUtils.java:38: Undefined reference: void com_atlassian_clover.CoverageRecorder.inc(int)
[ERROR] /home/guilherme/spring-projects/maven/spring-boot/spring-boot-tools/spring-boot-loader/src/main/java/org/springframework/boot/loader/archive/JarFileArchive.java:44: Undefined reference: com_atlassian_clover.CloverProfile
[ERROR] /home/guilherme/spring-projects/maven/spring-boot/spring-boot-tools/spring-boot-loader/src/main/java/org/springframework/boot/loader/archive/JarFileArchive.java:44: Undefined reference: void com_atlassian_clover.CloverVersionInfo.An_old_version_of_clover_is_on_your_compilation_classpath___Please_remove___Required_version_is___4_1_2()
[ERROR] /home/guilherme/spring-projects/maven/spring-boot/spring-boot-tools/spring-boot-loader/src/main/java/org/springframework/boot/loader/archive/JarFileArchive.java:44: Undefined reference: long com_atlassian_clover.CloverVersionInfo.getBuildStamp()
[ERROR] /home/guilherme/spring-projects/maven/spring-boot/spring-boot-tools/spring-boot-loader/src/main/java/org/springframework/boot/loader/archive/JarFileArchive.java:44: Undefined reference: void com_atlassian_clover.Clover.l(String)
[ERROR] /home/guilherme/spring-projects/maven/spring-boot/spring-boot-tools/spring-boot-loader/src/main/java/org/springframework/boot/loader/archive/JarFileArchive.java:44: Undefined reference: String com_atlassian_clover.CloverVersionInfo.getReleaseNum()
[ERROR] /home/guilherme/spring-projects/maven/spring-boot/spring-boot-tools/spring-boot-loader/src/main/java/org/springframework/boot/loader/archive/JarFileArchive.java:44: Undefined reference: long com_atlassian_clover.CloverVersionInfo.getBuildStamp()
[ERROR] /home/guilherme/spring-projects/maven/spring-boot/spring-boot-tools/spring-boot-loader/src/main/java/org/springframework/boot/loader/archive/JarFileArchive.java:44: Undefined reference: void com_atlassian_clover.Clover.l(String)
[ERROR] /home/guilherme/spring-projects/maven/spring-boot/spring-boot-tools/spring-boot-loader/src/main/java/org/springframework/boot/loader/archive/JarFileArchive.java:44: Undefined reference: com_atlassian_clover.CoverageRecorder com_atlassian_clover.Clover.getNullRecorder()
[ERROR] /home/guilherme/spring-projects/maven/spring-boot/spring-boot-tools/spring-boot-loader/src/main/java/org/springframework/boot/loader/archive/JarFileArchive.java:44: Undefined reference: com_atlassian_clover.CoverageRecorder com_atlassian_clover.Clover.getNullRecorder()
[ERROR] /home/guilherme/spring-projects/maven/spring-boot/spring-boot-tools/spring-boot-loader/src/main/java/org/springframework/boot/loader/archive/JarFileArchive.java:44: Undefined reference: com_atlassian_clover.CoverageRecorder com_atlassian_clover.Clover.getRecorder(String, long, long, int, com_atlassian_clover.CloverProfile[], String[])
[ERROR] /home/guilherme/spring-projects/maven/spring-boot/spring-boot-tools/spring-boot-loader/src/main/java/org/springframework/boot/loader/archive/ExplodedArchive.java:43: Undefined reference: com_atlassian_clover.CloverProfile
[ERROR] /home/guilherme/spring-projects/maven/spring-boot/spring-boot-tools/spring-boot-loader/src/main/java/org/springframework/boot/loader/archive/ExplodedArchive.java:43: Undefined reference: void com_atlassian_clover.CloverVersionInfo.An_old_version_of_clover_is_on_your_compilation_classpath___Please_remove___Required_version_is___4_1_2()
[ERROR] /home/guilherme/spring-projects/maven/spring-boot/spring-boot-tools/spring-boot-loader/src/main/java/org/springframework/boot/loader/archive/ExplodedArchive.java:43: Undefined reference: long com_atlassian_clover.CloverVersionInfo.getBuildStamp()
[ERROR] /home/guilherme/spring-projects/maven/spring-boot/spring-boot-tools/spring-boot-loader/src/main/java/org/springframework/boot/loader/archive/ExplodedArchive.java:43: Undefined reference: void com_atlassian_clover.Clover.l(String)
[ERROR] /home/guilherme/spring-projects/maven/spring-boot/spring-boot-tools/spring-boot-loader/src/main/java/org/springframework/boot/loader/archive/ExplodedArchive.java:43: Undefined reference: String com_atlassian_clover.CloverVersionInfo.getReleaseNum()
[ERROR] /home/guilherme/spring-projects/maven/spring-boot/spring-boot-tools/spring-boot-loader/src/main/java/org/springframework/boot/loader/archive/ExplodedArchive.java:43: Undefined reference: long com_atlassian_clover.CloverVersionInfo.getBuildStamp()
[ERROR] /home/guilherme/spring-projects/maven/spring-boot/spring-boot-tools/spring-boot-loader/src/main/java/org/springframework/boot/loader/archive/ExplodedArchive.java:43: Undefined reference: void com_atlassian_clover.Clover.l(String)
[ERROR] /home/guilherme/spring-projects/maven/spring-boot/spring-boot-tools/spring-boot-loader/src/main/java/org/springframework/boot/loader/archive/ExplodedArchive.java:43: Undefined reference: com_atlassian_clover.CoverageRecorder com_atlassian_clover.Clover.getNullRecorder()
[ERROR] /home/guilherme/spring-projects/maven/spring-boot/spring-boot-tools/spring-boot-loader/src/main/java/org/springframework/boot/loader/archive/ExplodedArchive.java:43: Undefined reference: com_atlassian_clover.CoverageRecorder com_atlassian_clover.Clover.getNullRecorder()
[ERROR] /home/guilherme/spring-projects/maven/spring-boot/spring-boot-tools/spring-boot-loader/src/main/java/org/springframework/boot/loader/archive/ExplodedArchive.java:43: Undefined reference: com_atlassian_clover.CoverageRecorder com_atlassian_clover.Clover.getRecorder(String, long, long, int, com_atlassian_clover.CloverProfile[], String[])
[ERROR] /home/guilherme/spring-projects/maven/spring-boot/spring-boot-tools/spring-boot-loader/src/main/java/org/springframework/boot/loader/archive/JarFileArchive.java:44: Undefined reference: void com_atlassian_clover.CoverageRecorder.inc(int)
[ERROR] /home/guilherme/spring-projects/maven/spring-boot/spring-boot-tools/spring-boot-loader/src/main/java/org/springframework/boot/loader/archive/JarFileArchive.java:44: Undefined reference: void com_atlassian_clover.CoverageRecorder.inc(int)
[ERROR] /home/guilherme/spring-projects/maven/spring-boot/spring-boot-tools/spring-boot-loader/src/main/java/org/springframework/boot/loader/archive/ExplodedArchive.java:43: Undefined reference: void com_atlassian_clover.CoverageRecorder.inc(int)
[ERROR] /home/guilherme/spring-projects/maven/spring-boot/spring-boot-tools/spring-boot-loader/src/main/java/org/springframework/boot/loader/archive/ExplodedArchive.java:43: Undefined reference: void com_atlassian_clover.CoverageRecorder.inc(int)
[ERROR] /home/guilherme/spring-projects/maven/spring-boot/spring-boot-tools/spring-boot-loader/src/main/java/org/springframework/boot/loader/Launcher.java:39: Undefined reference: com_atlassian_clover.CloverProfile
[ERROR] /home/guilherme/spring-projects/maven/spring-boot/spring-boot-tools/spring-boot-loader/src/main/java/org/springframework/boot/loader/Launcher.java:39: Undefined reference: void com_atlassian_clover.CloverVersionInfo.An_old_version_of_clover_is_on_your_compilation_classpath___Please_remove___Required_version_is___4_1_2()
[ERROR] /home/guilherme/spring-projects/maven/spring-boot/spring-boot-tools/spring-boot-loader/src/main/java/org/springframework/boot/loader/Launcher.java:39: Undefined reference: long com_atlassian_clover.CloverVersionInfo.getBuildStamp()
[ERROR] /home/guilherme/spring-projects/maven/spring-boot/spring-boot-tools/spring-boot-loader/src/main/java/org/springframework/boot/loader/Launcher.java:39: Undefined reference: void com_atlassian_clover.Clover.l(String)
[ERROR] /home/guilherme/spring-projects/maven/spring-boot/spring-boot-tools/spring-boot-loader/src/main/java/org/springframework/boot/loader/Launcher.java:39: Undefined reference: String com_atlassian_clover.CloverVersionInfo.getReleaseNum()
[ERROR] /home/guilherme/spring-projects/maven/spring-boot/spring-boot-tools/spring-boot-loader/src/main/java/org/springframework/boot/loader/Launcher.java:39: Undefined reference: long com_atlassian_clover.CloverVersionInfo.getBuildStamp()
[ERROR] /home/guilherme/spring-projects/maven/spring-boot/spring-boot-tools/spring-boot-loader/src/main/java/org/springframework/boot/loader/Launcher.java:39: Undefined reference: void com_atlassian_clover.Clover.l(String)
[ERROR] /home/guilherme/spring-projects/maven/spring-boot/spring-boot-tools/spring-boot-loader/src/main/java/org/springframework/boot/loader/Launcher.java:39: Undefined reference: com_atlassian_clover.CoverageRecorder com_atlassian_clover.Clover.getNullRecorder()
[ERROR] /home/guilherme/spring-projects/maven/spring-boot/spring-boot-tools/spring-boot-loader/src/main/java/org/springframework/boot/loader/Launcher.java:39: Undefined reference: com_atlassian_clover.CoverageRecorder com_atlassian_clover.Clover.getNullRecorder()
[ERROR] /home/guilherme/spring-projects/maven/spring-boot/spring-boot-tools/spring-boot-loader/src/main/java/org/springframework/boot/loader/Launcher.java:39: Undefined reference: com_atlassian_clover.CoverageRecorder com_atlassian_clover.Clover.getRecorder(String, long, long, int, com_atlassian_clover.CloverProfile[], String[])
[ERROR] /home/guilherme/spring-projects/maven/spring-boot/spring-boot-tools/spring-boot-loader/src/main/java/org/springframework/boot/loader/JarLauncher.java:31: Undefined reference: com_atlassian_clover.CloverProfile
[ERROR] /home/guilherme/spring-projects/maven/spring-boot/spring-boot-tools/spring-boot-loader/src/main/java/org/springframework/boot/loader/JarLauncher.java:31: Undefined reference: void com_atlassian_clover.CloverVersionInfo.An_old_version_of_clover_is_on_your_compilation_classpath___Please_remove___Required_version_is___4_1_2()
[ERROR] /home/guilherme/spring-projects/maven/spring-boot/spring-boot-tools/spring-boot-loader/src/main/java/org/springframework/boot/loader/JarLauncher.java:31: Undefined reference: long com_atlassian_clover.CloverVersionInfo.getBuildStamp()
[ERROR] /home/guilherme/spring-projects/maven/spring-boot/spring-boot-tools/spring-boot-loader/src/main/java/org/springframework/boot/loader/JarLauncher.java:31: Undefined reference: void com_atlassian_clover.Clover.l(String)
[ERROR] /home/guilherme/spring-projects/maven/spring-boot/spring-boot-tools/spring-boot-loader/src/main/java/org/springframework/boot/loader/JarLauncher.java:31: Undefined reference: String com_atlassian_clover.CloverVersionInfo.getReleaseNum()
[ERROR] /home/guilherme/spring-projects/maven/spring-boot/spring-boot-tools/spring-boot-loader/src/main/java/org/springframework/boot/loader/JarLauncher.java:31: Undefined reference: long com_atlassian_clover.CloverVersionInfo.getBuildStamp()
[ERROR] /home/guilherme/spring-projects/maven/spring-boot/spring-boot-tools/spring-boot-loader/src/main/java/org/springframework/boot/loader/JarLauncher.java:31: Undefined reference: void com_atlassian_clover.Clover.l(String)
[ERROR] /home/guilherme/spring-projects/maven/spring-boot/spring-boot-tools/spring-boot-loader/src/main/java/org/springframework/boot/loader/JarLauncher.java:31: Undefined reference: com_atlassian_clover.CoverageRecorder com_atlassian_clover.Clover.getNullRecorder()
[ERROR] /home/guilherme/spring-projects/maven/spring-boot/spring-boot-tools/spring-boot-loader/src/main/java/org/springframework/boot/loader/JarLauncher.java:31: Undefined reference: com_atlassian_clover.CoverageRecorder com_atlassian_clover.Clover.getNullRecorder()
[ERROR] /home/guilherme/spring-projects/maven/spring-boot/spring-boot-tools/spring-boot-loader/src/main/java/org/springframework/boot/loader/JarLauncher.java:31: Undefined reference: com_atlassian_clover.CoverageRecorder com_atlassian_clover.Clover.getRecorder(String, long, long, int, com_atlassian_clover.CloverProfile[], String[])
[ERROR] /home/guilherme/spring-projects/maven/spring-boot/spring-boot-tools/spring-boot-loader/src/main/java/org/springframework/boot/loader/Launcher.java:39: Undefined reference: void com_atlassian_clover.CoverageRecorder.inc(int)
[ERROR] /home/guilherme/spring-projects/maven/spring-boot/spring-boot-tools/spring-boot-loader/src/main/java/org/springframework/boot/loader/Launcher.java:39: Undefined reference: void com_atlassian_clover.CoverageRecorder.inc(int)
[ERROR] /home/guilherme/spring-projects/maven/spring-boot/spring-boot-tools/spring-boot-loader/src/main/java/org/springframework/boot/loader/JarLauncher.java:31: Undefined reference: void com_atlassian_clover.CoverageRecorder.inc(int)
[ERROR] /home/guilherme/spring-projects/maven/spring-boot/spring-boot-tools/spring-boot-loader/src/main/java/org/springframework/boot/loader/JarLauncher.java:31: Undefined reference: void com_atlassian_clover.CoverageRecorder.inc(int)
[ERROR] /home/guilherme/spring-projects/maven/spring-boot/spring-boot-tools/spring-boot-loader/src/main/java/org/springframework/boot/loader/WarLauncher.java:29: Undefined reference: com_atlassian_clover.CloverProfile
[ERROR] /home/guilherme/spring-projects/maven/spring-boot/spring-boot-tools/spring-boot-loader/src/main/java/org/springframework/boot/loader/WarLauncher.java:29: Undefined reference: void com_atlassian_clover.CloverVersionInfo.An_old_version_of_clover_is_on_your_compilation_classpath___Please_remove___Required_version_is___4_1_2()
[ERROR] /home/guilherme/spring-projects/maven/spring-boot/spring-boot-tools/spring-boot-loader/src/main/java/org/springframework/boot/loader/WarLauncher.java:29: Undefined reference: long com_atlassian_clover.CloverVersionInfo.getBuildStamp()
[ERROR] /home/guilherme/spring-projects/maven/spring-boot/spring-boot-tools/spring-boot-loader/src/main/java/org/springframework/boot/loader/WarLauncher.java:29: Undefined reference: void com_atlassian_clover.Clover.l(String)
[ERROR] /home/guilherme/spring-projects/maven/spring-boot/spring-boot-tools/spring-boot-loader/src/main/java/org/springframework/boot/loader/WarLauncher.java:29: Undefined reference: String com_atlassian_clover.CloverVersionInfo.getReleaseNum()
[ERROR] /home/guilherme/spring-projects/maven/spring-boot/spring-boot-tools/spring-boot-loader/src/main/java/org/springframework/boot/loader/WarLauncher.java:29: Undefined reference: long com_atlassian_clover.CloverVersionInfo.getBuildStamp()
[ERROR] /home/guilherme/spring-projects/maven/spring-boot/spring-boot-tools/spring-boot-loader/src/main/java/org/springframework/boot/loader/WarLauncher.java:29: Undefined reference: void com_atlassian_clover.Clover.l(String)
[ERROR] /home/guilherme/spring-projects/maven/spring-boot/spring-boot-tools/spring-boot-loader/src/main/java/org/springframework/boot/loader/WarLauncher.java:29: Undefined reference: com_atlassian_clover.CoverageRecorder com_atlassian_clover.Clover.getNullRecorder()
[ERROR] /home/guilherme/spring-projects/maven/spring-boot/spring-boot-tools/spring-boot-loader/src/main/java/org/springframework/boot/loader/WarLauncher.java:29: Undefined reference: com_atlassian_clover.CoverageRecorder com_atlassian_clover.Clover.getNullRecorder()
[ERROR] /home/guilherme/spring-projects/maven/spring-boot/spring-boot-tools/spring-boot-loader/src/main/java/org/springframework/boot/loader/WarLauncher.java:29: Undefined reference: com_atlassian_clover.CoverageRecorder com_atlassian_clover.Clover.getRecorder(String, long, long, int, com_atlassian_clover.CloverProfile[], String[])
[ERROR] /home/guilherme/spring-projects/maven/spring-boot/spring-boot-tools/spring-boot-loader/src/main/java/org/springframework/boot/loader/WarLauncher.java:29: Undefined reference: void com_atlassian_clover.CoverageRecorder.inc(int)
[ERROR] /home/guilherme/spring-projects/maven/spring-boot/spring-boot-tools/spring-boot-loader/src/main/java/org/springframework/boot/loader/WarLauncher.java:29: Undefined reference: void com_atlassian_clover.CoverageRecorder.inc(int)
[ERROR] /home/guilherme/spring-projects/maven/spring-boot/spring-boot-tools/spring-boot-loader/src/main/java/org/springframework/boot/loader/MainMethodRunner.java:28: Undefined reference: com_atlassian_clover.CloverProfile
[ERROR] /home/guilherme/spring-projects/maven/spring-boot/spring-boot-tools/spring-boot-loader/src/main/java/org/springframework/boot/loader/MainMethodRunner.java:28: Undefined reference: void com_atlassian_clover.CloverVersionInfo.An_old_version_of_clover_is_on_your_compilation_classpath___Please_remove___Required_version_is___4_1_2()
[ERROR] /home/guilherme/spring-projects/maven/spring-boot/spring-boot-tools/spring-boot-loader/src/main/java/org/springframework/boot/loader/MainMethodRunner.java:28: Undefined reference: long com_atlassian_clover.CloverVersionInfo.getBuildStamp()
[ERROR] /home/guilherme/spring-projects/maven/spring-boot/spring-boot-tools/spring-boot-loader/src/main/java/org/springframework/boot/loader/MainMethodRunner.java:28: Undefined reference: void com_atlassian_clover.Clover.l(String)
[ERROR] /home/guilherme/spring-projects/maven/spring-boot/spring-boot-tools/spring-boot-loader/src/main/java/org/springframework/boot/loader/MainMethodRunner.java:28: Undefined reference: String com_atlassian_clover.CloverVersionInfo.getReleaseNum()
[ERROR] /home/guilherme/spring-projects/maven/spring-boot/spring-boot-tools/spring-boot-loader/src/main/java/org/springframework/boot/loader/MainMethodRunner.java:28: Undefined reference: long com_atlassian_clover.CloverVersionInfo.getBuildStamp()
[ERROR] /home/guilherme/spring-projects/maven/spring-boot/spring-boot-tools/spring-boot-loader/src/main/java/org/springframework/boot/loader/MainMethodRunner.java:28: Undefined reference: void com_atlassian_clover.Clover.l(String)
[ERROR] /home/guilherme/spring-projects/maven/spring-boot/spring-boot-tools/spring-boot-loader/src/main/java/org/springframework/boot/loader/MainMethodRunner.java:28: Undefined reference: com_atlassian_clover.CoverageRecorder com_atlassian_clover.Clover.getNullRecorder()
[ERROR] /home/guilherme/spring-projects/maven/spring-boot/spring-boot-tools/spring-boot-loader/src/main/java/org/springframework/boot/loader/MainMethodRunner.java:28: Undefined reference: com_atlassian_clover.CoverageRecorder com_atlassian_clover.Clover.getNullRecorder()
[ERROR] /home/guilherme/spring-projects/maven/spring-boot/spring-boot-tools/spring-boot-loader/src/main/java/org/springframework/boot/loader/MainMethodRunner.java:28: Undefined reference: com_atlassian_clover.CoverageRecorder com_atlassian_clover.Clover.getRecorder(String, long, long, int, com_atlassian_clover.CloverProfile[], String[])
[ERROR] /home/guilherme/spring-projects/maven/spring-boot/spring-boot-tools/spring-boot-loader/src/main/java/org/springframework/boot/loader/MainMethodRunner.java:28: Undefined reference: void com_atlassian_clover.CoverageRecorder.inc(int)
[ERROR] /home/guilherme/spring-projects/maven/spring-boot/spring-boot-tools/spring-boot-loader/src/main/java/org/springframework/boot/loader/MainMethodRunner.java:28: Undefined reference: void com_atlassian_clover.CoverageRecorder.inc(int)
[ERROR] /home/guilherme/spring-projects/maven/spring-boot/spring-boot-tools/spring-boot-loader/src/main/java/org/springframework/boot/loader/PropertiesLauncher.java:71: Undefined reference: com_atlassian_clover.CloverProfile
[ERROR] /home/guilherme/spring-projects/maven/spring-boot/spring-boot-tools/spring-boot-loader/src/main/java/org/springframework/boot/loader/PropertiesLauncher.java:71: Undefined reference: void com_atlassian_clover.CloverVersionInfo.An_old_version_of_clover_is_on_your_compilation_classpath___Please_remove___Required_version_is___4_1_2()
[ERROR] /home/guilherme/spring-projects/maven/spring-boot/spring-boot-tools/spring-boot-loader/src/main/java/org/springframework/boot/loader/PropertiesLauncher.java:71: Undefined reference: long com_atlassian_clover.CloverVersionInfo.getBuildStamp()
[ERROR] /home/guilherme/spring-projects/maven/spring-boot/spring-boot-tools/spring-boot-loader/src/main/java/org/springframework/boot/loader/PropertiesLauncher.java:71: Undefined reference: void com_atlassian_clover.Clover.l(String)
[ERROR] /home/guilherme/spring-projects/maven/spring-boot/spring-boot-tools/spring-boot-loader/src/main/java/org/springframework/boot/loader/PropertiesLauncher.java:71: Undefined reference: String com_atlassian_clover.CloverVersionInfo.getReleaseNum()
[ERROR] /home/guilherme/spring-projects/maven/spring-boot/spring-boot-tools/spring-boot-loader/src/main/java/org/springframework/boot/loader/PropertiesLauncher.java:71: Undefined reference: long com_atlassian_clover.CloverVersionInfo.getBuildStamp()
[ERROR] /home/guilherme/spring-projects/maven/spring-boot/spring-boot-tools/spring-boot-loader/src/main/java/org/springframework/boot/loader/PropertiesLauncher.java:71: Undefined reference: void com_atlassian_clover.Clover.l(String)
[ERROR] /home/guilherme/spring-projects/maven/spring-boot/spring-boot-tools/spring-boot-loader/src/main/java/org/springframework/boot/loader/PropertiesLauncher.java:71: Undefined reference: com_atlassian_clover.CoverageRecorder com_atlassian_clover.Clover.getNullRecorder()
[ERROR] /home/guilherme/spring-projects/maven/spring-boot/spring-boot-tools/spring-boot-loader/src/main/java/org/springframework/boot/loader/PropertiesLauncher.java:71: Undefined reference: com_atlassian_clover.CoverageRecorder com_atlassian_clover.Clover.getNullRecorder()
[ERROR] /home/guilherme/spring-projects/maven/spring-boot/spring-boot-tools/spring-boot-loader/src/main/java/org/springframework/boot/loader/PropertiesLauncher.java:71: Undefined reference: com_atlassian_clover.CoverageRecorder com_atlassian_clover.Clover.getRecorder(String, long, long, int, com_atlassian_clover.CloverProfile[], String[])
[ERROR] /home/guilherme/spring-projects/maven/spring-boot/spring-boot-tools/spring-boot-loader/src/main/java/org/springframework/boot/loader/PropertiesLauncher.java:71: Undefined reference: void com_atlassian_clover.CoverageRecorder.inc(int)
[ERROR] /home/guilherme/spring-projects/maven/spring-boot/spring-boot-tools/spring-boot-loader/src/main/java/org/springframework/boot/loader/PropertiesLauncher.java:71: Undefined reference: void com_atlassian_clover.CoverageRecorder.inc(int)
[ERROR] /home/guilherme/spring-projects/maven/spring-boot/spring-boot-tools/spring-boot-loader/src/main/java/org/springframework/boot/loader/LaunchedURLClassLoader.java:38: Undefined reference: com_atlassian_clover.CloverProfile
[ERROR] /home/guilherme/spring-projects/maven/spring-boot/spring-boot-tools/spring-boot-loader/src/main/java/org/springframework/boot/loader/LaunchedURLClassLoader.java:38: Undefined reference: void com_atlassian_clover.CloverVersionInfo.An_old_version_of_clover_is_on_your_compilation_classpath___Please_remove___Required_version_is___4_1_2()
[ERROR] /home/guilherme/spring-projects/maven/spring-boot/spring-boot-tools/spring-boot-loader/src/main/java/org/springframework/boot/loader/LaunchedURLClassLoader.java:38: Undefined reference: long com_atlassian_clover.CloverVersionInfo.getBuildStamp()
[ERROR] /home/guilherme/spring-projects/maven/spring-boot/spring-boot-tools/spring-boot-loader/src/main/java/org/springframework/boot/loader/LaunchedURLClassLoader.java:38: Undefined reference: void com_atlassian_clover.Clover.l(String)
[ERROR] /home/guilherme/spring-projects/maven/spring-boot/spring-boot-tools/spring-boot-loader/src/main/java/org/springframework/boot/loader/LaunchedURLClassLoader.java:38: Undefined reference: String com_atlassian_clover.CloverVersionInfo.getReleaseNum()
[ERROR] /home/guilherme/spring-projects/maven/spring-boot/spring-boot-tools/spring-boot-loader/src/main/java/org/springframework/boot/loader/LaunchedURLClassLoader.java:38: Undefined reference: long com_atlassian_clover.CloverVersionInfo.getBuildStamp()
[ERROR] /home/guilherme/spring-projects/maven/spring-boot/spring-boot-tools/spring-boot-loader/src/main/java/org/springframework/boot/loader/LaunchedURLClassLoader.java:38: Undefined reference: void com_atlassian_clover.Clover.l(String)
[ERROR] /home/guilherme/spring-projects/maven/spring-boot/spring-boot-tools/spring-boot-loader/src/main/java/org/springframework/boot/loader/LaunchedURLClassLoader.java:38: Undefined reference: com_atlassian_clover.CoverageRecorder com_atlassian_clover.Clover.getNullRecorder()
[ERROR] /home/guilherme/spring-projects/maven/spring-boot/spring-boot-tools/spring-boot-loader/src/main/java/org/springframework/boot/loader/LaunchedURLClassLoader.java:38: Undefined reference: com_atlassian_clover.CoverageRecorder com_atlassian_clover.Clover.getNullRecorder()
[ERROR] /home/guilherme/spring-projects/maven/spring-boot/spring-boot-tools/spring-boot-loader/src/main/java/org/springframework/boot/loader/LaunchedURLClassLoader.java:38: Undefined reference: com_atlassian_clover.CoverageRecorder com_atlassian_clover.Clover.getRecorder(String, long, long, int, com_atlassian_clover.CloverProfile[], String[])
[ERROR] /home/guilherme/spring-projects/maven/spring-boot/spring-boot-tools/spring-boot-loader/src/main/java/org/springframework/boot/loader/ExecutableArchiveLauncher.java:34: Undefined reference: com_atlassian_clover.CloverProfile
[ERROR] /home/guilherme/spring-projects/maven/spring-boot/spring-boot-tools/spring-boot-loader/src/main/java/org/springframework/boot/loader/ExecutableArchiveLauncher.java:34: Undefined reference: void com_atlassian_clover.CloverVersionInfo.An_old_version_of_clover_is_on_your_compilation_classpath___Please_remove___Required_version_is___4_1_2()
[ERROR] /home/guilherme/spring-projects/maven/spring-boot/spring-boot-tools/spring-boot-loader/src/main/java/org/springframework/boot/loader/ExecutableArchiveLauncher.java:34: Undefined reference: long com_atlassian_clover.CloverVersionInfo.getBuildStamp()
[ERROR] /home/guilherme/spring-projects/maven/spring-boot/spring-boot-tools/spring-boot-loader/src/main/java/org/springframework/boot/loader/ExecutableArchiveLauncher.java:34: Undefined reference: void com_atlassian_clover.Clover.l(String)
[ERROR] /home/guilherme/spring-projects/maven/spring-boot/spring-boot-tools/spring-boot-loader/src/main/java/org/springframework/boot/loader/ExecutableArchiveLauncher.java:34: Undefined reference: String com_atlassian_clover.CloverVersionInfo.getReleaseNum()
[ERROR] /home/guilherme/spring-projects/maven/spring-boot/spring-boot-tools/spring-boot-loader/src/main/java/org/springframework/boot/loader/ExecutableArchiveLauncher.java:34: Undefined reference: long com_atlassian_clover.CloverVersionInfo.getBuildStamp()
[ERROR] /home/guilherme/spring-projects/maven/spring-boot/spring-boot-tools/spring-boot-loader/src/main/java/org/springframework/boot/loader/ExecutableArchiveLauncher.java:34: Undefined reference: void com_atlassian_clover.Clover.l(String)
[ERROR] /home/guilherme/spring-projects/maven/spring-boot/spring-boot-tools/spring-boot-loader/src/main/java/org/springframework/boot/loader/ExecutableArchiveLauncher.java:34: Undefined reference: com_atlassian_clover.CoverageRecorder com_atlassian_clover.Clover.getNullRecorder()
[ERROR] /home/guilherme/spring-projects/maven/spring-boot/spring-boot-tools/spring-boot-loader/src/main/java/org/springframework/boot/loader/ExecutableArchiveLauncher.java:34: Undefined reference: com_atlassian_clover.CoverageRecorder com_atlassian_clover.Clover.getNullRecorder()
[ERROR] /home/guilherme/spring-projects/maven/spring-boot/spring-boot-tools/spring-boot-loader/src/main/java/org/springframework/boot/loader/ExecutableArchiveLauncher.java:34: Undefined reference: com_atlassian_clover.CoverageRecorder com_atlassian_clover.Clover.getRecorder(String, long, long, int, com_atlassian_clover.CloverProfile[], String[])
[ERROR] /home/guilherme/spring-projects/maven/spring-boot/spring-boot-tools/spring-boot-loader/src/main/java/org/springframework/boot/loader/LaunchedURLClassLoader.java:38: Undefined reference: void com_atlassian_clover.CoverageRecorder.inc(int)
[ERROR] /home/guilherme/spring-projects/maven/spring-boot/spring-boot-tools/spring-boot-loader/src/main/java/org/springframework/boot/loader/LaunchedURLClassLoader.java:38: Undefined reference: void com_atlassian_clover.CoverageRecorder.inc(int)
[ERROR] /home/guilherme/spring-projects/maven/spring-boot/spring-boot-tools/spring-boot-loader/src/main/java/org/springframework/boot/loader/ExecutableArchiveLauncher.java:34: Undefined reference: void com_atlassian_clover.CoverageRecorder.inc(int)
[ERROR] /home/guilherme/spring-projects/maven/spring-boot/spring-boot-tools/spring-boot-loader/src/main/java/org/springframework/boot/loader/ExecutableArchiveLauncher.java:34: Undefined reference: void com_atlassian_clover.CoverageRecorder.inc(int)
[INFO] ------------------------------------------------------------------------
[INFO] BUILD FAILURE
[INFO] ------------------------------------------------------------------------
[INFO] Total time: 6.546 s
[INFO] Finished at: 2017-03-03T10:39:11-03:00
[INFO] Final Memory: 29M/335M
[INFO] ------------------------------------------------------------------------
[ERROR] Failed to execute goal org.codehaus.mojo:animal-sniffer-maven-plugin:1.15:check (enforce-java-6) on project spring-boot-loader: Signature errors found. Verify them and ignore them with the proper annotation if needed. -> [Help 1]
[ERROR] 
[ERROR] To see the full stack trace of the errors, re-run Maven with the -e switch.
[ERROR] Re-run Maven using the -X switch to enable full debug logging.
[ERROR] 
[ERROR] For more information about the errors and possible solutions, please read the following articles:
[ERROR] [Help 1] http://cwiki.apache.org/confluence/display/MAVEN/MojoFailureException
