[INFO] Scanning for projects...
[INFO]                                                                         
[INFO] ------------------------------------------------------------------------
[INFO] Building si-dsl-module 1.0.0.BUILD-SNAPSHOT
[INFO] ------------------------------------------------------------------------
[INFO] 
[INFO] --- maven-resources-plugin:2.6:resources (default-resources) @ si-dsl-module ---
[INFO] Using 'UTF-8' encoding to copy filtered resources.
[INFO] Copying 1 resource
[INFO] 
[INFO] --- maven-compiler-plugin:3.1:compile (default-compile) @ si-dsl-module ---
[INFO] Nothing to compile - all classes are up to date
[INFO] 
[INFO] --- maven-resources-plugin:2.6:testResources (default-testResources) @ si-dsl-module ---
[INFO] Using 'UTF-8' encoding to copy filtered resources.
[INFO] Copying 1 resource
[INFO] 
[INFO] --- maven-compiler-plugin:3.1:testCompile (default-testCompile) @ si-dsl-module ---
[INFO] Nothing to compile - all classes are up to date
[INFO] 
[INFO] --- maven-surefire-plugin:2.18:test (default-test) @ si-dsl-module ---
[INFO] Surefire report directory: /home/guilherme/spring-projects/maven/spring-xd-samples/si-dsl-module/target/surefire-reports

-------------------------------------------------------
 T E S T S
-------------------------------------------------------
Running com.acme.ExampleModuleIntegrationTest

 _____                           __   _______
/  ___|          (-)             \ \ / /  _  \
\ `--. _ __  _ __ _ _ __   __ _   \ V /| | | |
 `--. \ '_ \| '__| | '_ \ / _` |  / ^ \| | | |
/\__/ / |_) | |  | | | | | (_| | / / \ \ |/ /
\____/| .__/|_|  |_|_| |_|\__, | \/   \/___/
      | |                  __/ |
      |_|                 |___/
1.3.1.RELEASE                    eXtreme Data


Started : SingleNodeApplication
Documentation: http://docs.spring.io/spring-xd/docs/current/reference/html/

11:25:30,364  INFO main util.Version - HV000001: Hibernate Validator 5.2.1.Final
11:25:31,199  INFO HSQLDB Server @2b999ee8 HSQLDB5A948FB833.ENGINE - Checkpoint start
11:25:31,199  INFO HSQLDB Server @2b999ee8 HSQLDB5A948FB833.ENGINE - checkpointClose start
11:25:31,212  INFO HSQLDB Server @2b999ee8 HSQLDB5A948FB833.ENGINE - checkpointClose synched
11:25:31,237  INFO HSQLDB Server @2b999ee8 HSQLDB5A948FB833.ENGINE - checkpointClose script done
11:25:31,287  INFO HSQLDB Server @2b999ee8 HSQLDB5A948FB833.ENGINE - checkpointClose end
11:25:31,288  INFO HSQLDB Server @2b999ee8 HSQLDB5A948FB833.ENGINE - Checkpoint end - txts: 1
Tests run: 3, Failures: 0, Errors: 0, Skipped: 0, Time elapsed: 12.645 sec - in com.acme.ExampleModuleIntegrationTest
Running com.acme.ExampleModulePropertiesTest
Tests run: 1, Failures: 0, Errors: 0, Skipped: 0, Time elapsed: 0.004 sec - in com.acme.ExampleModulePropertiesTest
Running com.acme.ModuleConfigurationTest
Tests run: 1, Failures: 0, Errors: 0, Skipped: 0, Time elapsed: 0.068 sec - in com.acme.ModuleConfigurationTest

Results :




Tests run: 5, Failures: 0, Errors: 0, Skipped: 0

[INFO] ------------------------------------------------------------------------
[INFO] BUILD SUCCESS
[INFO] ------------------------------------------------------------------------
[INFO] Total time: 15.040 s
[INFO] Finished at: 2017-03-03T11:25:40-03:00
[INFO] Final Memory: 24M/218M
[INFO] ------------------------------------------------------------------------
