[INFO] Scanning for projects...
[INFO]                                                                         
[INFO] ------------------------------------------------------------------------
[INFO] Building OAuth for Spring Security - Sparklr2 (OAuth 2 Provider Example) 2.0.12.BUILD-SNAPSHOT
[INFO] ------------------------------------------------------------------------
[INFO] 
[INFO] --- maven-resources-plugin:2.6:resources (default-resources) @ sparklr2 ---
[INFO] Using 'UTF-8' encoding to copy filtered resources.
[INFO] Copying 8 resources
[INFO] 
[INFO] --- maven-compiler-plugin:2.3.2:compile (default-compile) @ sparklr2 ---
[INFO] Nothing to compile - all classes are up to date
[INFO] 
[INFO] --- maven-resources-plugin:2.6:testResources (default-testResources) @ sparklr2 ---
[INFO] Using 'UTF-8' encoding to copy filtered resources.
[INFO] skip non existing resourceDirectory /home/guilherme/spring-projects/maven/spring-security-oauth/samples/oauth2/sparklr/src/test/resources
[INFO] 
[INFO] --- maven-compiler-plugin:2.3.2:testCompile (default-testCompile) @ sparklr2 ---
[INFO] Nothing to compile - all classes are up to date
[INFO] 
[INFO] --- maven-surefire-plugin:2.16:test (default-test) @ sparklr2 ---
[INFO] Surefire report directory: /home/guilherme/spring-projects/maven/spring-security-oauth/samples/oauth2/sparklr/target/surefire-reports

-------------------------------------------------------
 T E S T S
-------------------------------------------------------
Running org.springframework.security.oauth2.provider.AuthorizationCodeProviderTests
Tests run: 1, Failures: 0, Errors: 0, Skipped: 1, Time elapsed: 0.498 sec - in org.springframework.security.oauth2.provider.AuthorizationCodeProviderTests
Running org.springframework.security.samples.config.ApplicationConfigurationTests
Tests run: 1, Failures: 0, Errors: 0, Skipped: 0, Time elapsed: 1.19 sec - in org.springframework.security.samples.config.ApplicationConfigurationTests
Running org.springframework.security.oauth2.provider.AdminEndpointsTests
Tests run: 1, Failures: 0, Errors: 0, Skipped: 1, Time elapsed: 0.006 sec - in org.springframework.security.oauth2.provider.AdminEndpointsTests
Running org.springframework.security.oauth2.provider.RefreshTokenSupportTests
Tests run: 1, Failures: 0, Errors: 0, Skipped: 1, Time elapsed: 0.002 sec - in org.springframework.security.oauth2.provider.RefreshTokenSupportTests
Running org.springframework.security.oauth2.provider.ClientCredentialsProviderTests
Tests run: 1, Failures: 0, Errors: 0, Skipped: 1, Time elapsed: 0.008 sec - in org.springframework.security.oauth2.provider.ClientCredentialsProviderTests
Running org.springframework.security.oauth2.provider.ImplicitProviderTests
Tests run: 1, Failures: 0, Errors: 0, Skipped: 1, Time elapsed: 0.004 sec - in org.springframework.security.oauth2.provider.ImplicitProviderTests
Running org.springframework.security.oauth2.provider.ResourceOwnerPasswordProviderTests
Tests run: 1, Failures: 0, Errors: 0, Skipped: 1, Time elapsed: 0.008 sec - in org.springframework.security.oauth2.provider.ResourceOwnerPasswordProviderTests

Results :

Tests run: 7, Failures: 0, Errors: 0, Skipped: 6

[INFO] 
[INFO] --- animal-sniffer-maven-plugin:1.6:check (enforce-java-6) @ sparklr2 ---
[INFO] Checking unresolved references to org.codehaus.mojo.signature:java16:1.0
[INFO] ------------------------------------------------------------------------
[INFO] BUILD SUCCESS
[INFO] ------------------------------------------------------------------------
[INFO] Total time: 4.201 s
[INFO] Finished at: 2017-03-03T11:08:52-03:00
[INFO] Final Memory: 18M/487M
[INFO] ------------------------------------------------------------------------
