[INFO] Scanning for projects...
[INFO]                                                                         
[INFO] ------------------------------------------------------------------------
[INFO] Building spring-oauth2-tests-mappings 2.0.12.BUILD-SNAPSHOT
[INFO] ------------------------------------------------------------------------
[INFO] 
[INFO] --- maven-resources-plugin:2.6:resources (default-resources) @ spring-oauth2-tests-mappings ---
[INFO] Using 'UTF-8' encoding to copy filtered resources.
[INFO] Copying 1 resource
[INFO] Copying 0 resource
[INFO] 
[INFO] --- maven-compiler-plugin:3.1:compile (default-compile) @ spring-oauth2-tests-mappings ---
[INFO] Nothing to compile - all classes are up to date
[INFO] 
[INFO] --- maven-resources-plugin:2.6:testResources (default-testResources) @ spring-oauth2-tests-mappings ---
[INFO] Using 'UTF-8' encoding to copy filtered resources.
[INFO] Copying 1 resource
[INFO] 
[INFO] --- maven-compiler-plugin:3.1:testCompile (default-testCompile) @ spring-oauth2-tests-mappings ---
[INFO] Nothing to compile - all classes are up to date
[INFO] 
[INFO] --- maven-surefire-plugin:2.16:test (default-test) @ spring-oauth2-tests-mappings ---
[INFO] Surefire report directory: /home/guilherme/spring-projects/maven/spring-security-oauth/tests/annotation/mappings/target/surefire-reports

-------------------------------------------------------
 T E S T S
-------------------------------------------------------
Java HotSpot(TM) 64-Bit Server VM warning: ignoring option MaxPermSize=256m; support was removed in 8.0
Running demo.RefreshTokenSupportTests
Tests run: 1, Failures: 0, Errors: 0, Skipped: 0, Time elapsed: 4.544 sec - in demo.RefreshTokenSupportTests
Running demo.ProtectedResourceTests
Tests run: 4, Failures: 0, Errors: 0, Skipped: 0, Time elapsed: 0.11 sec - in demo.ProtectedResourceTests
Running demo.ResourceOwnerPasswordProviderTests
Tests run: 13, Failures: 0, Errors: 0, Skipped: 0, Time elapsed: 0.528 sec - in demo.ResourceOwnerPasswordProviderTests
Running demo.AuthorizationCodeProviderTests
Tests run: 14, Failures: 0, Errors: 0, Skipped: 0, Time elapsed: 0.528 sec - in demo.AuthorizationCodeProviderTests
Running demo.ServletPathClientCredentialsProviderTests
Tests run: 4, Failures: 0, Errors: 0, Skipped: 0, Time elapsed: 1.029 sec - in demo.ServletPathClientCredentialsProviderTests
Running demo.ApplicationTests
Tests run: 1, Failures: 0, Errors: 0, Skipped: 0, Time elapsed: 0.003 sec - in demo.ApplicationTests
Running demo.ImplicitProviderTests
Tests run: 1, Failures: 0, Errors: 0, Skipped: 0, Time elapsed: 0.037 sec - in demo.ImplicitProviderTests
Running demo.ClientCredentialsProviderTests
Tests run: 5, Failures: 0, Errors: 0, Skipped: 0, Time elapsed: 0.194 sec - in demo.ClientCredentialsProviderTests

Results :

Tests run: 43, Failures: 0, Errors: 0, Skipped: 0

[INFO] ------------------------------------------------------------------------
[INFO] BUILD SUCCESS
[INFO] ------------------------------------------------------------------------
[INFO] Total time: 8.567 s
[INFO] Finished at: 2017-03-03T11:10:54-03:00
[INFO] Final Memory: 20M/212M
[INFO] ------------------------------------------------------------------------
